[0.492s] Invoking command in '/home/ubuntu/ros_ws/src/py_pubsub': PYTHONPATH=/home/ubuntu/ros_ws/build/py_pubsub/prefix_override:/home/ubuntu/.platformio/penv/lib/python3.10/site-packages/colcon_core/task/python/colcon_distutils_commands:/home/ubuntu/ros_ws/install/py_pubsub/lib/python3.10/site-packages:${PYTHONPATH} VIRTUAL_ENV_PROMPT=(penv) /home/ubuntu/.platformio/penv/bin/python -W ignore:setup.py install is deprecated setup.py egg_info --egg-base ../../build/py_pubsub build --build-base /home/ubuntu/ros_ws/build/py_pubsub/build install --record /home/ubuntu/ros_ws/build/py_pubsub/install.log --single-version-externally-managed install_data
[0.642s] running egg_info
[0.642s] creating ../../build/py_pubsub/py_pubsub.egg-info
[0.643s] writing ../../build/py_pubsub/py_pubsub.egg-info/PKG-INFO
[0.643s] writing dependency_links to ../../build/py_pubsub/py_pubsub.egg-info/dependency_links.txt
[0.643s] writing entry points to ../../build/py_pubsub/py_pubsub.egg-info/entry_points.txt
[0.643s] writing requirements to ../../build/py_pubsub/py_pubsub.egg-info/requires.txt
[0.643s] writing top-level names to ../../build/py_pubsub/py_pubsub.egg-info/top_level.txt
[0.643s] writing manifest file '../../build/py_pubsub/py_pubsub.egg-info/SOURCES.txt'
[0.644s] reading manifest file '../../build/py_pubsub/py_pubsub.egg-info/SOURCES.txt'
[0.644s] adding license file 'LICENSE'
[0.644s] writing manifest file '../../build/py_pubsub/py_pubsub.egg-info/SOURCES.txt'
[0.645s] running build
[0.645s] running build_py
[0.645s] creating /home/ubuntu/ros_ws/build/py_pubsub/build
[0.645s] creating /home/ubuntu/ros_ws/build/py_pubsub/build/lib
[0.645s] creating /home/ubuntu/ros_ws/build/py_pubsub/build/lib/py_pubsub
[0.645s] copying py_pubsub/__init__.py -> /home/ubuntu/ros_ws/build/py_pubsub/build/lib/py_pubsub
[0.645s] running install
[0.645s] running install_lib
[0.645s] creating /home/ubuntu/ros_ws/install/py_pubsub/lib/python3.10/site-packages/py_pubsub
[0.646s] copying /home/ubuntu/ros_ws/build/py_pubsub/build/lib/py_pubsub/__init__.py -> /home/ubuntu/ros_ws/install/py_pubsub/lib/python3.10/site-packages/py_pubsub
[0.646s] byte-compiling /home/ubuntu/ros_ws/install/py_pubsub/lib/python3.10/site-packages/py_pubsub/__init__.py to __init__.cpython-310.pyc
[0.646s] running install_data
[0.646s] creating /home/ubuntu/ros_ws/install/py_pubsub/share/ament_index
[0.646s] creating /home/ubuntu/ros_ws/install/py_pubsub/share/ament_index/resource_index
[0.647s] creating /home/ubuntu/ros_ws/install/py_pubsub/share/ament_index/resource_index/packages
[0.647s] copying resource/py_pubsub -> /home/ubuntu/ros_ws/install/py_pubsub/share/ament_index/resource_index/packages
[0.647s] copying package.xml -> /home/ubuntu/ros_ws/install/py_pubsub/share/py_pubsub
[0.647s] running install_egg_info
[0.648s] Copying ../../build/py_pubsub/py_pubsub.egg-info to /home/ubuntu/ros_ws/install/py_pubsub/lib/python3.10/site-packages/py_pubsub-0.0.0-py3.10.egg-info
[0.649s] running install_scripts
[0.663s] Installing talker script to /home/ubuntu/ros_ws/install/py_pubsub/lib/py_pubsub
[0.663s] writing list of installed files to '/home/ubuntu/ros_ws/build/py_pubsub/install.log'
[0.693s] Invoked command in '/home/ubuntu/ros_ws/src/py_pubsub' returned '0': PYTHONPATH=/home/ubuntu/ros_ws/build/py_pubsub/prefix_override:/home/ubuntu/.platformio/penv/lib/python3.10/site-packages/colcon_core/task/python/colcon_distutils_commands:/home/ubuntu/ros_ws/install/py_pubsub/lib/python3.10/site-packages:${PYTHONPATH} VIRTUAL_ENV_PROMPT=(penv) /home/ubuntu/.platformio/penv/bin/python -W ignore:setup.py install is deprecated setup.py egg_info --egg-base ../../build/py_pubsub build --build-base /home/ubuntu/ros_ws/build/py_pubsub/build install --record /home/ubuntu/ros_ws/build/py_pubsub/install.log --single-version-externally-managed install_data
