[0.097s] DEBUG:colcon:Command line arguments: ['/home/ubuntu/.platformio/penv/bin/colcon', 'build']
[0.097s] DEBUG:colcon:Parsed command line arguments: Namespace(log_base=None, log_level=None, verb_name='build', build_base='build', install_base='install', merge_install=False, symlink_install=False, test_result_base=None, continue_on_error=False, executor='parallel', parallel_workers=4, event_handlers=None, ignore_user_meta=False, metas=['./colcon.meta'], base_paths=['.'], packages_ignore=None, packages_ignore_regex=None, paths=None, packages_up_to=None, packages_up_to_regex=None, packages_above=None, packages_above_and_dependencies=None, packages_above_depth=None, packages_select_by_dep=None, packages_skip_by_dep=None, packages_skip_up_to=None, packages_select_build_failed=False, packages_skip_build_finished=False, packages_select_test_failures=False, packages_skip_test_passed=False, packages_select=None, packages_skip=None, packages_select_regex=None, packages_skip_regex=None, packages_start=None, packages_end=None, cmake_args=None, cmake_target=None, cmake_target_skip_unavailable=False, cmake_clean_cache=False, cmake_clean_first=False, cmake_force_configure=False, ament_cmake_args=None, catkin_cmake_args=None, catkin_skip_building_tests=False, verb_parser=<colcon_defaults.argument_parser.defaults.DefaultArgumentsDecorator object at 0x7fbc55dc7e20>, verb_extension=<colcon_core.verb.build.BuildVerb object at 0x7fbc55dc7520>, main=<bound method BuildVerb.main of <colcon_core.verb.build.BuildVerb object at 0x7fbc55dc7520>>)
[0.179s] Level 1:colcon.colcon_core.package_discovery:discover_packages(colcon_meta) check parameters
[0.179s] Level 1:colcon.colcon_core.package_discovery:discover_packages(recursive) check parameters
[0.179s] Level 1:colcon.colcon_core.package_discovery:discover_packages(ignore) check parameters
[0.179s] Level 1:colcon.colcon_core.package_discovery:discover_packages(path) check parameters
[0.179s] Level 1:colcon.colcon_core.package_discovery:discover_packages(colcon_meta) discover
[0.179s] Level 1:colcon.colcon_core.package_discovery:discover_packages(recursive) discover
[0.179s] INFO:colcon.colcon_core.package_discovery:Crawling recursively for packages in '/home/ubuntu/ros_ws'
[0.180s] Level 1:colcon.colcon_core.package_identification:_identify(.) by extensions ['ignore', 'ignore_ament_install']
[0.180s] Level 1:colcon.colcon_core.package_identification:_identify(.) by extension 'ignore'
[0.180s] Level 1:colcon.colcon_core.package_identification:_identify(.) by extension 'ignore_ament_install'
[0.180s] Level 1:colcon.colcon_core.package_identification:_identify(.) by extensions ['colcon_pkg']
[0.180s] Level 1:colcon.colcon_core.package_identification:_identify(.) by extension 'colcon_pkg'
[0.180s] Level 1:colcon.colcon_core.package_identification:_identify(.) by extensions ['colcon_meta']
[0.180s] Level 1:colcon.colcon_core.package_identification:_identify(.) by extension 'colcon_meta'
[0.180s] Level 1:colcon.colcon_core.package_identification:_identify(.) by extensions ['ros']
[0.180s] Level 1:colcon.colcon_core.package_identification:_identify(.) by extension 'ros'
[0.197s] Level 1:colcon.colcon_core.package_identification:_identify(.) by extensions ['cmake', 'python']
[0.197s] Level 1:colcon.colcon_core.package_identification:_identify(.) by extension 'cmake'
[0.197s] Level 1:colcon.colcon_core.package_identification:_identify(.) by extension 'python'
[0.197s] Level 1:colcon.colcon_core.package_identification:_identify(.) by extensions ['python_setup_py']
[0.197s] Level 1:colcon.colcon_core.package_identification:_identify(.) by extension 'python_setup_py'
[0.198s] Level 1:colcon.colcon_core.package_identification:_identify(build) by extensions ['ignore', 'ignore_ament_install']
[0.198s] Level 1:colcon.colcon_core.package_identification:_identify(build) by extension 'ignore'
[0.198s] Level 1:colcon.colcon_core.package_identification:_identify(build) ignored
[0.198s] Level 1:colcon.colcon_core.package_identification:_identify(install) by extensions ['ignore', 'ignore_ament_install']
[0.198s] Level 1:colcon.colcon_core.package_identification:_identify(install) by extension 'ignore'
[0.198s] Level 1:colcon.colcon_core.package_identification:_identify(install) ignored
[0.198s] Level 1:colcon.colcon_core.package_identification:_identify(log) by extensions ['ignore', 'ignore_ament_install']
[0.198s] Level 1:colcon.colcon_core.package_identification:_identify(log) by extension 'ignore'
[0.198s] Level 1:colcon.colcon_core.package_identification:_identify(log) ignored
[0.198s] Level 1:colcon.colcon_core.package_identification:_identify(src) by extensions ['ignore', 'ignore_ament_install']
[0.198s] Level 1:colcon.colcon_core.package_identification:_identify(src) by extension 'ignore'
[0.198s] Level 1:colcon.colcon_core.package_identification:_identify(src) by extension 'ignore_ament_install'
[0.198s] Level 1:colcon.colcon_core.package_identification:_identify(src) by extensions ['colcon_pkg']
[0.198s] Level 1:colcon.colcon_core.package_identification:_identify(src) by extension 'colcon_pkg'
[0.198s] Level 1:colcon.colcon_core.package_identification:_identify(src) by extensions ['colcon_meta']
[0.198s] Level 1:colcon.colcon_core.package_identification:_identify(src) by extension 'colcon_meta'
[0.199s] Level 1:colcon.colcon_core.package_identification:_identify(src) by extensions ['ros']
[0.199s] Level 1:colcon.colcon_core.package_identification:_identify(src) by extension 'ros'
[0.199s] Level 1:colcon.colcon_core.package_identification:_identify(src) by extensions ['cmake', 'python']
[0.199s] Level 1:colcon.colcon_core.package_identification:_identify(src) by extension 'cmake'
[0.199s] Level 1:colcon.colcon_core.package_identification:_identify(src) by extension 'python'
[0.199s] Level 1:colcon.colcon_core.package_identification:_identify(src) by extensions ['python_setup_py']
[0.199s] Level 1:colcon.colcon_core.package_identification:_identify(src) by extension 'python_setup_py'
[0.199s] Level 1:colcon.colcon_core.package_identification:_identify(src/py_pubsub) by extensions ['ignore', 'ignore_ament_install']
[0.199s] Level 1:colcon.colcon_core.package_identification:_identify(src/py_pubsub) by extension 'ignore'
[0.199s] Level 1:colcon.colcon_core.package_identification:_identify(src/py_pubsub) by extension 'ignore_ament_install'
[0.199s] Level 1:colcon.colcon_core.package_identification:_identify(src/py_pubsub) by extensions ['colcon_pkg']
[0.199s] Level 1:colcon.colcon_core.package_identification:_identify(src/py_pubsub) by extension 'colcon_pkg'
[0.199s] Level 1:colcon.colcon_core.package_identification:_identify(src/py_pubsub) by extensions ['colcon_meta']
[0.199s] Level 1:colcon.colcon_core.package_identification:_identify(src/py_pubsub) by extension 'colcon_meta'
[0.199s] Level 1:colcon.colcon_core.package_identification:_identify(src/py_pubsub) by extensions ['ros']
[0.199s] Level 1:colcon.colcon_core.package_identification:_identify(src/py_pubsub) by extension 'ros'
[0.201s] DEBUG:colcon.colcon_core.package_identification:Package 'src/py_pubsub' with type 'ros.ament_python' and name 'py_pubsub'
[0.201s] Level 1:colcon.colcon_core.package_discovery:discover_packages(recursive) using defaults
[0.201s] Level 1:colcon.colcon_core.package_discovery:discover_packages(ignore) discover
[0.201s] Level 1:colcon.colcon_core.package_discovery:discover_packages(ignore) using defaults
[0.201s] Level 1:colcon.colcon_core.package_discovery:discover_packages(path) discover
[0.201s] Level 1:colcon.colcon_core.package_discovery:discover_packages(path) using defaults
[0.215s] Level 5:colcon.colcon_core.verb:set package 'py_pubsub' build argument 'cmake_args' from command line to 'None'
[0.215s] Level 5:colcon.colcon_core.verb:set package 'py_pubsub' build argument 'cmake_target' from command line to 'None'
[0.215s] Level 5:colcon.colcon_core.verb:set package 'py_pubsub' build argument 'cmake_target_skip_unavailable' from command line to 'False'
[0.215s] Level 5:colcon.colcon_core.verb:set package 'py_pubsub' build argument 'cmake_clean_cache' from command line to 'False'
[0.215s] Level 5:colcon.colcon_core.verb:set package 'py_pubsub' build argument 'cmake_clean_first' from command line to 'False'
[0.215s] Level 5:colcon.colcon_core.verb:set package 'py_pubsub' build argument 'cmake_force_configure' from command line to 'False'
[0.215s] Level 5:colcon.colcon_core.verb:set package 'py_pubsub' build argument 'ament_cmake_args' from command line to 'None'
[0.215s] Level 5:colcon.colcon_core.verb:set package 'py_pubsub' build argument 'catkin_cmake_args' from command line to 'None'
[0.215s] Level 5:colcon.colcon_core.verb:set package 'py_pubsub' build argument 'catkin_skip_building_tests' from command line to 'False'
[0.215s] DEBUG:colcon.colcon_core.verb:Building package 'py_pubsub' with the following arguments: {'ament_cmake_args': None, 'build_base': '/home/ubuntu/ros_ws/build/py_pubsub', 'catkin_cmake_args': None, 'catkin_skip_building_tests': False, 'cmake_args': None, 'cmake_clean_cache': False, 'cmake_clean_first': False, 'cmake_force_configure': False, 'cmake_target': None, 'cmake_target_skip_unavailable': False, 'install_base': '/home/ubuntu/ros_ws/install/py_pubsub', 'merge_install': False, 'path': '/home/ubuntu/ros_ws/src/py_pubsub', 'symlink_install': False, 'test_result_base': None}
[0.215s] INFO:colcon.colcon_core.executor:Executing jobs using 'parallel' executor
[0.216s] DEBUG:colcon.colcon_parallel_executor.executor.parallel:run_until_complete
[0.216s] INFO:colcon.colcon_ros.task.ament_python.build:Building ROS package in '/home/ubuntu/ros_ws/src/py_pubsub' with build type 'ament_python'
[0.217s] Level 1:colcon.colcon_core.shell:create_environment_hook('py_pubsub', 'ament_prefix_path')
[0.218s] INFO:colcon.colcon_core.plugin_system:Skipping extension 'colcon_core.shell.bat': Not used on non-Windows systems
[0.218s] INFO:colcon.colcon_core.shell:Creating environment hook '/home/ubuntu/ros_ws/install/py_pubsub/share/py_pubsub/hook/ament_prefix_path.ps1'
[0.219s] INFO:colcon.colcon_core.shell:Creating environment descriptor '/home/ubuntu/ros_ws/install/py_pubsub/share/py_pubsub/hook/ament_prefix_path.dsv'
[0.219s] INFO:colcon.colcon_core.shell:Creating environment hook '/home/ubuntu/ros_ws/install/py_pubsub/share/py_pubsub/hook/ament_prefix_path.sh'
[0.220s] INFO:colcon.colcon_core.shell:Skip shell extension 'powershell' for command environment: Not usable outside of PowerShell
[0.220s] DEBUG:colcon.colcon_core.shell:Skip shell extension 'dsv' for command environment
[0.393s] INFO:colcon.colcon_core.task.python.build:Building Python package in '/home/ubuntu/ros_ws/src/py_pubsub'
[0.393s] INFO:colcon.colcon_core.shell:Skip shell extension 'powershell' for command environment: Not usable outside of PowerShell
[0.393s] DEBUG:colcon.colcon_core.shell:Skip shell extension 'dsv' for command environment
[0.609s] DEBUG:colcon.colcon_core.event_handler.log_command:Invoking command in '/home/ubuntu/ros_ws/src/py_pubsub': PYTHONPATH=/home/ubuntu/ros_ws/build/py_pubsub/prefix_override:/home/ubuntu/.platformio/penv/lib/python3.10/site-packages/colcon_core/task/python/colcon_distutils_commands:/home/ubuntu/ros_ws/install/py_pubsub/lib/python3.10/site-packages:${PYTHONPATH} VIRTUAL_ENV_PROMPT=(penv) /home/ubuntu/.platformio/penv/bin/python -W ignore:setup.py install is deprecated setup.py egg_info --egg-base ../../build/py_pubsub build --build-base /home/ubuntu/ros_ws/build/py_pubsub/build install --record /home/ubuntu/ros_ws/build/py_pubsub/install.log --single-version-externally-managed install_data
[0.807s] DEBUG:colcon.colcon_core.event_handler.log_command:Invoked command in '/home/ubuntu/ros_ws/src/py_pubsub' returned '0': PYTHONPATH=/home/ubuntu/ros_ws/build/py_pubsub/prefix_override:/home/ubuntu/.platformio/penv/lib/python3.10/site-packages/colcon_core/task/python/colcon_distutils_commands:/home/ubuntu/ros_ws/install/py_pubsub/lib/python3.10/site-packages:${PYTHONPATH} VIRTUAL_ENV_PROMPT=(penv) /home/ubuntu/.platformio/penv/bin/python -W ignore:setup.py install is deprecated setup.py egg_info --egg-base ../../build/py_pubsub build --build-base /home/ubuntu/ros_ws/build/py_pubsub/build install --record /home/ubuntu/ros_ws/build/py_pubsub/install.log --single-version-externally-managed install_data
[0.809s] Level 1:colcon.colcon_core.environment:checking '/home/ubuntu/ros_ws/install/py_pubsub' for CMake module files
[0.810s] Level 1:colcon.colcon_core.environment:checking '/home/ubuntu/ros_ws/install/py_pubsub' for CMake config files
[0.810s] Level 1:colcon.colcon_core.environment:checking '/home/ubuntu/ros_ws/install/py_pubsub/lib'
[0.810s] Level 1:colcon.colcon_core.environment:checking '/home/ubuntu/ros_ws/install/py_pubsub/bin'
[0.810s] Level 1:colcon.colcon_core.environment:checking '/home/ubuntu/ros_ws/install/py_pubsub/lib/pkgconfig/py_pubsub.pc'
[0.811s] Level 1:colcon.colcon_core.environment:checking '/home/ubuntu/ros_ws/install/py_pubsub/lib/python3.10/site-packages'
[0.811s] Level 1:colcon.colcon_core.shell:create_environment_hook('py_pubsub', 'pythonpath')
[0.811s] INFO:colcon.colcon_core.shell:Creating environment hook '/home/ubuntu/ros_ws/install/py_pubsub/share/py_pubsub/hook/pythonpath.ps1'
[0.811s] INFO:colcon.colcon_core.shell:Creating environment descriptor '/home/ubuntu/ros_ws/install/py_pubsub/share/py_pubsub/hook/pythonpath.dsv'
[0.812s] INFO:colcon.colcon_core.shell:Creating environment hook '/home/ubuntu/ros_ws/install/py_pubsub/share/py_pubsub/hook/pythonpath.sh'
[0.812s] Level 1:colcon.colcon_core.environment:checking '/home/ubuntu/ros_ws/install/py_pubsub/bin'
[0.812s] Level 1:colcon.colcon_core.environment:create_environment_scripts_only(py_pubsub)
[0.812s] INFO:colcon.colcon_core.shell:Creating package script '/home/ubuntu/ros_ws/install/py_pubsub/share/py_pubsub/package.ps1'
[0.813s] INFO:colcon.colcon_core.shell:Creating package descriptor '/home/ubuntu/ros_ws/install/py_pubsub/share/py_pubsub/package.dsv'
[0.813s] INFO:colcon.colcon_core.shell:Creating package script '/home/ubuntu/ros_ws/install/py_pubsub/share/py_pubsub/package.sh'
[0.814s] INFO:colcon.colcon_core.shell:Creating package script '/home/ubuntu/ros_ws/install/py_pubsub/share/py_pubsub/package.bash'
[0.815s] INFO:colcon.colcon_core.shell:Creating package script '/home/ubuntu/ros_ws/install/py_pubsub/share/py_pubsub/package.zsh'
[0.815s] Level 1:colcon.colcon_core.environment:create_file_with_runtime_dependencies(/home/ubuntu/ros_ws/install/py_pubsub/share/colcon-core/packages/py_pubsub)
[0.816s] DEBUG:colcon.colcon_parallel_executor.executor.parallel:closing loop
[0.816s] DEBUG:colcon.colcon_parallel_executor.executor.parallel:loop closed
[0.816s] DEBUG:colcon.colcon_parallel_executor.executor.parallel:run_until_complete finished with '0'
[0.817s] DEBUG:colcon.colcon_core.event_reactor:joining thread
[0.818s] INFO:colcon.colcon_core.plugin_system:Skipping extension 'colcon_notification.desktop_notification.notify2': 'notify2' not found
[0.818s] INFO:colcon.colcon_core.plugin_system:Skipping extension 'colcon_notification.desktop_notification.notify_send': Could not find 'notify-send'
[0.819s] INFO:colcon.colcon_core.plugin_system:Skipping extension 'colcon_notification.desktop_notification.terminal_notifier': Not used on non-Darwin systems
[0.819s] INFO:colcon.colcon_core.plugin_system:Skipping extension 'colcon_notification.desktop_notification.win32': Not used on non-Windows systems
[0.819s] DEBUG:colcon.colcon_core.event_reactor:joined thread
[0.819s] INFO:colcon.colcon_core.shell:Creating prefix script '/home/ubuntu/ros_ws/install/local_setup.ps1'
[0.820s] INFO:colcon.colcon_core.shell:Creating prefix util module '/home/ubuntu/ros_ws/install/_local_setup_util_ps1.py'
[0.821s] INFO:colcon.colcon_core.shell:Creating prefix chain script '/home/ubuntu/ros_ws/install/setup.ps1'
[0.822s] INFO:colcon.colcon_core.shell:Creating prefix script '/home/ubuntu/ros_ws/install/local_setup.sh'
[0.822s] INFO:colcon.colcon_core.shell:Creating prefix util module '/home/ubuntu/ros_ws/install/_local_setup_util_sh.py'
[0.822s] INFO:colcon.colcon_core.shell:Creating prefix chain script '/home/ubuntu/ros_ws/install/setup.sh'
[0.823s] INFO:colcon.colcon_core.shell:Creating prefix script '/home/ubuntu/ros_ws/install/local_setup.bash'
[0.824s] INFO:colcon.colcon_core.shell:Creating prefix chain script '/home/ubuntu/ros_ws/install/setup.bash'
[0.825s] INFO:colcon.colcon_core.shell:Creating prefix script '/home/ubuntu/ros_ws/install/local_setup.zsh'
[0.825s] INFO:colcon.colcon_core.shell:Creating prefix chain script '/home/ubuntu/ros_ws/install/setup.zsh'
