[0.178s] Invoking command in '/home/ubuntu/ros_ws/build/pwm_messages': CMAKE_PREFIX_PATH=${CMAKE_PREFIX_PATH}:/home/ubuntu/ros_ws/install/lios_agv:/home/ubuntu/ros_ws/install/py_pubsub:/opt/ros/humble /usr/bin/cmake --build /home/ubuntu/ros_ws/build/pwm_messages -- -j4 -l4
[0.220s] [  3%] Built target pwm_messages__cpp
[0.224s] [ 12%] Built target pwm_messages__rosidl_generator_c
[0.231s] [ 12%] Built target ament_cmake_python_copy_pwm_messages
[0.249s] [ 22%] Built target pwm_messages__rosidl_typesupport_introspection_cpp
[0.249s] [ 32%] Built target pwm_messages__rosidl_typesupport_fastrtps_cpp
[0.252s] [ 41%] Built target pwm_messages__rosidl_typesupport_cpp
[0.255s] [ 51%] Built target pwm_messages__rosidl_typesupport_fastrtps_c
[0.269s] [ 64%] Built target pwm_messages__rosidl_typesupport_introspection_c
[0.270s] [ 70%] Built target pwm_messages__rosidl_typesupport_c
[0.288s] [ 70%] Built target pwm_messages
[0.309s] [ 74%] Built target pwm_messages__py
[0.334s] [ 80%] Built target pwm_messages__rosidl_generator_py
[0.361s] [ 87%] Built target pwm_messages__rosidl_typesupport_fastrtps_c__pyext
[0.364s] [ 93%] Built target pwm_messages__rosidl_typesupport_introspection_c__pyext
[0.373s] [100%] Built target pwm_messages__rosidl_typesupport_c__pyext
[0.450s] running egg_info
[0.451s] writing pwm_messages.egg-info/PKG-INFO
[0.451s] writing dependency_links to pwm_messages.egg-info/dependency_links.txt
[0.452s] writing top-level names to pwm_messages.egg-info/top_level.txt
[0.454s] reading manifest file 'pwm_messages.egg-info/SOURCES.txt'
[0.455s] writing manifest file 'pwm_messages.egg-info/SOURCES.txt'
[0.491s] [100%] Built target ament_cmake_python_build_pwm_messages_egg
[0.508s] Invoked command in '/home/ubuntu/ros_ws/build/pwm_messages' returned '0': CMAKE_PREFIX_PATH=${CMAKE_PREFIX_PATH}:/home/ubuntu/ros_ws/install/lios_agv:/home/ubuntu/ros_ws/install/py_pubsub:/opt/ros/humble /usr/bin/cmake --build /home/ubuntu/ros_ws/build/pwm_messages -- -j4 -l4
[0.579s] Invoking command in '/home/ubuntu/ros_ws/build/pwm_messages': CMAKE_PREFIX_PATH=${CMAKE_PREFIX_PATH}:/home/ubuntu/ros_ws/install/lios_agv:/home/ubuntu/ros_ws/install/py_pubsub:/opt/ros/humble /usr/bin/cmake --install /home/ubuntu/ros_ws/build/pwm_messages
[0.586s] -- Install configuration: ""
[0.586s] -- Up-to-date: /home/ubuntu/ros_ws/install/pwm_messages/share/ament_index/resource_index/rosidl_interfaces/pwm_messages
[0.586s] -- Up-to-date: /home/ubuntu/ros_ws/install/pwm_messages/include/pwm_messages/pwm_messages
[0.587s] -- Up-to-date: /home/ubuntu/ros_ws/install/pwm_messages/include/pwm_messages/pwm_messages/msg
[0.587s] -- Up-to-date: /home/ubuntu/ros_ws/install/pwm_messages/include/pwm_messages/pwm_messages/msg/detail
[0.587s] -- Up-to-date: /home/ubuntu/ros_ws/install/pwm_messages/include/pwm_messages/pwm_messages/msg/detail/pwm__type_support.h
[0.588s] -- Up-to-date: /home/ubuntu/ros_ws/install/pwm_messages/include/pwm_messages/pwm_messages/msg/detail/pwm__functions.h
[0.588s] -- Up-to-date: /home/ubuntu/ros_ws/install/pwm_messages/include/pwm_messages/pwm_messages/msg/detail/pwm__struct.h
[0.588s] -- Up-to-date: /home/ubuntu/ros_ws/install/pwm_messages/include/pwm_messages/pwm_messages/msg/detail/pwm__functions.c
[0.588s] -- Up-to-date: /home/ubuntu/ros_ws/install/pwm_messages/include/pwm_messages/pwm_messages/msg/rosidl_generator_c__visibility_control.h
[0.589s] -- Up-to-date: /home/ubuntu/ros_ws/install/pwm_messages/include/pwm_messages/pwm_messages/msg/pwm.h
[0.589s] -- Up-to-date: /home/ubuntu/ros_ws/install/pwm_messages/share/pwm_messages/environment/library_path.sh
[0.589s] -- Up-to-date: /home/ubuntu/ros_ws/install/pwm_messages/share/pwm_messages/environment/library_path.dsv
[0.590s] -- Up-to-date: /home/ubuntu/ros_ws/install/pwm_messages/lib/libpwm_messages__rosidl_generator_c.so
[0.591s] -- Up-to-date: /home/ubuntu/ros_ws/install/pwm_messages/include/pwm_messages/pwm_messages
[0.591s] -- Up-to-date: /home/ubuntu/ros_ws/install/pwm_messages/include/pwm_messages/pwm_messages/msg
[0.591s] -- Up-to-date: /home/ubuntu/ros_ws/install/pwm_messages/include/pwm_messages/pwm_messages/msg/detail
[0.591s] -- Up-to-date: /home/ubuntu/ros_ws/install/pwm_messages/include/pwm_messages/pwm_messages/msg/detail/pwm__rosidl_typesupport_fastrtps_c.h
[0.592s] -- Up-to-date: /home/ubuntu/ros_ws/install/pwm_messages/include/pwm_messages/pwm_messages/msg/rosidl_typesupport_fastrtps_c__visibility_control.h
[0.592s] -- Up-to-date: /home/ubuntu/ros_ws/install/pwm_messages/lib/libpwm_messages__rosidl_typesupport_fastrtps_c.so
[0.592s] -- Up-to-date: /home/ubuntu/ros_ws/install/pwm_messages/include/pwm_messages/pwm_messages
[0.593s] -- Up-to-date: /home/ubuntu/ros_ws/install/pwm_messages/include/pwm_messages/pwm_messages/msg
[0.593s] -- Up-to-date: /home/ubuntu/ros_ws/install/pwm_messages/include/pwm_messages/pwm_messages/msg/detail
[0.593s] -- Up-to-date: /home/ubuntu/ros_ws/install/pwm_messages/include/pwm_messages/pwm_messages/msg/detail/pwm__type_support.c
[0.594s] -- Up-to-date: /home/ubuntu/ros_ws/install/pwm_messages/include/pwm_messages/pwm_messages/msg/detail/pwm__rosidl_typesupport_introspection_c.h
[0.594s] -- Up-to-date: /home/ubuntu/ros_ws/install/pwm_messages/include/pwm_messages/pwm_messages/msg/rosidl_typesupport_introspection_c__visibility_control.h
[0.594s] -- Up-to-date: /home/ubuntu/ros_ws/install/pwm_messages/lib/libpwm_messages__rosidl_typesupport_introspection_c.so
[0.595s] -- Up-to-date: /home/ubuntu/ros_ws/install/pwm_messages/lib/libpwm_messages__rosidl_typesupport_c.so
[0.595s] -- Up-to-date: /home/ubuntu/ros_ws/install/pwm_messages/include/pwm_messages/pwm_messages
[0.596s] -- Up-to-date: /home/ubuntu/ros_ws/install/pwm_messages/include/pwm_messages/pwm_messages/msg
[0.596s] -- Up-to-date: /home/ubuntu/ros_ws/install/pwm_messages/include/pwm_messages/pwm_messages/msg/detail
[0.596s] -- Up-to-date: /home/ubuntu/ros_ws/install/pwm_messages/include/pwm_messages/pwm_messages/msg/detail/pwm__builder.hpp
[0.597s] -- Up-to-date: /home/ubuntu/ros_ws/install/pwm_messages/include/pwm_messages/pwm_messages/msg/detail/pwm__struct.hpp
[0.597s] -- Up-to-date: /home/ubuntu/ros_ws/install/pwm_messages/include/pwm_messages/pwm_messages/msg/detail/pwm__traits.hpp
[0.597s] -- Up-to-date: /home/ubuntu/ros_ws/install/pwm_messages/include/pwm_messages/pwm_messages/msg/pwm.hpp
[0.597s] -- Up-to-date: /home/ubuntu/ros_ws/install/pwm_messages/include/pwm_messages/pwm_messages
[0.598s] -- Up-to-date: /home/ubuntu/ros_ws/install/pwm_messages/include/pwm_messages/pwm_messages/msg
[0.598s] -- Up-to-date: /home/ubuntu/ros_ws/install/pwm_messages/include/pwm_messages/pwm_messages/msg/detail
[0.599s] -- Up-to-date: /home/ubuntu/ros_ws/install/pwm_messages/include/pwm_messages/pwm_messages/msg/detail/pwm__rosidl_typesupport_fastrtps_cpp.hpp
[0.599s] -- Up-to-date: /home/ubuntu/ros_ws/install/pwm_messages/include/pwm_messages/pwm_messages/msg/detail/dds_fastrtps
[0.599s] -- Up-to-date: /home/ubuntu/ros_ws/install/pwm_messages/include/pwm_messages/pwm_messages/msg/rosidl_typesupport_fastrtps_cpp__visibility_control.h
[0.600s] -- Up-to-date: /home/ubuntu/ros_ws/install/pwm_messages/lib/libpwm_messages__rosidl_typesupport_fastrtps_cpp.so
[0.601s] -- Up-to-date: /home/ubuntu/ros_ws/install/pwm_messages/include/pwm_messages/pwm_messages
[0.601s] -- Up-to-date: /home/ubuntu/ros_ws/install/pwm_messages/include/pwm_messages/pwm_messages/msg
[0.601s] -- Up-to-date: /home/ubuntu/ros_ws/install/pwm_messages/include/pwm_messages/pwm_messages/msg/detail
[0.602s] -- Up-to-date: /home/ubuntu/ros_ws/install/pwm_messages/include/pwm_messages/pwm_messages/msg/detail/pwm__rosidl_typesupport_introspection_cpp.hpp
[0.602s] -- Up-to-date: /home/ubuntu/ros_ws/install/pwm_messages/include/pwm_messages/pwm_messages/msg/detail/pwm__type_support.cpp
[0.602s] -- Up-to-date: /home/ubuntu/ros_ws/install/pwm_messages/lib/libpwm_messages__rosidl_typesupport_introspection_cpp.so
[0.603s] -- Up-to-date: /home/ubuntu/ros_ws/install/pwm_messages/lib/libpwm_messages__rosidl_typesupport_cpp.so
[0.603s] -- Up-to-date: /home/ubuntu/ros_ws/install/pwm_messages/share/pwm_messages/environment/pythonpath.sh
[0.604s] -- Up-to-date: /home/ubuntu/ros_ws/install/pwm_messages/share/pwm_messages/environment/pythonpath.dsv
[0.604s] -- Up-to-date: /home/ubuntu/ros_ws/install/pwm_messages/lib/python3.10/site-packages/pwm_messages-0.0.0-py3.10.egg-info
[0.604s] -- Installing: /home/ubuntu/ros_ws/install/pwm_messages/lib/python3.10/site-packages/pwm_messages-0.0.0-py3.10.egg-info/SOURCES.txt
[0.605s] -- Installing: /home/ubuntu/ros_ws/install/pwm_messages/lib/python3.10/site-packages/pwm_messages-0.0.0-py3.10.egg-info/PKG-INFO
[0.607s] -- Installing: /home/ubuntu/ros_ws/install/pwm_messages/lib/python3.10/site-packages/pwm_messages-0.0.0-py3.10.egg-info/top_level.txt
[0.608s] -- Installing: /home/ubuntu/ros_ws/install/pwm_messages/lib/python3.10/site-packages/pwm_messages-0.0.0-py3.10.egg-info/dependency_links.txt
[0.608s] -- Up-to-date: /home/ubuntu/ros_ws/install/pwm_messages/lib/python3.10/site-packages/pwm_messages
[0.608s] -- Up-to-date: /home/ubuntu/ros_ws/install/pwm_messages/lib/python3.10/site-packages/pwm_messages/_pwm_messages_s.ep.rosidl_typesupport_c.c
[0.608s] -- Up-to-date: /home/ubuntu/ros_ws/install/pwm_messages/lib/python3.10/site-packages/pwm_messages/pwm_messages_s__rosidl_typesupport_introspection_c.cpython-310-x86_64-linux-gnu.so
[0.608s] -- Up-to-date: /home/ubuntu/ros_ws/install/pwm_messages/lib/python3.10/site-packages/pwm_messages/__init__.py
[0.608s] -- Up-to-date: /home/ubuntu/ros_ws/install/pwm_messages/lib/python3.10/site-packages/pwm_messages/libpwm_messages__rosidl_generator_py.so
[0.608s] -- Up-to-date: /home/ubuntu/ros_ws/install/pwm_messages/lib/python3.10/site-packages/pwm_messages/pwm_messages_s__rosidl_typesupport_c.cpython-310-x86_64-linux-gnu.so
[0.608s] -- Up-to-date: /home/ubuntu/ros_ws/install/pwm_messages/lib/python3.10/site-packages/pwm_messages/msg
[0.608s] -- Up-to-date: /home/ubuntu/ros_ws/install/pwm_messages/lib/python3.10/site-packages/pwm_messages/msg/_pwm_s.c
[0.608s] -- Up-to-date: /home/ubuntu/ros_ws/install/pwm_messages/lib/python3.10/site-packages/pwm_messages/msg/__init__.py
[0.608s] -- Up-to-date: /home/ubuntu/ros_ws/install/pwm_messages/lib/python3.10/site-packages/pwm_messages/msg/_pwm.py
[0.608s] -- Up-to-date: /home/ubuntu/ros_ws/install/pwm_messages/lib/python3.10/site-packages/pwm_messages/_pwm_messages_s.ep.rosidl_typesupport_fastrtps_c.c
[0.608s] -- Up-to-date: /home/ubuntu/ros_ws/install/pwm_messages/lib/python3.10/site-packages/pwm_messages/_pwm_messages_s.ep.rosidl_typesupport_introspection_c.c
[0.608s] -- Up-to-date: /home/ubuntu/ros_ws/install/pwm_messages/lib/python3.10/site-packages/pwm_messages/pwm_messages_s__rosidl_typesupport_fastrtps_c.cpython-310-x86_64-linux-gnu.so
[0.639s] Listing '/home/ubuntu/ros_ws/install/pwm_messages/lib/python3.10/site-packages/pwm_messages'...
[0.639s] Listing '/home/ubuntu/ros_ws/install/pwm_messages/lib/python3.10/site-packages/pwm_messages/msg'...
[0.645s] -- Up-to-date: /home/ubuntu/ros_ws/install/pwm_messages/lib/python3.10/site-packages/pwm_messages/pwm_messages_s__rosidl_typesupport_fastrtps_c.cpython-310-x86_64-linux-gnu.so
[0.645s] -- Up-to-date: /home/ubuntu/ros_ws/install/pwm_messages/lib/python3.10/site-packages/pwm_messages/pwm_messages_s__rosidl_typesupport_introspection_c.cpython-310-x86_64-linux-gnu.so
[0.646s] -- Up-to-date: /home/ubuntu/ros_ws/install/pwm_messages/lib/python3.10/site-packages/pwm_messages/pwm_messages_s__rosidl_typesupport_c.cpython-310-x86_64-linux-gnu.so
[0.646s] -- Up-to-date: /home/ubuntu/ros_ws/install/pwm_messages/lib/libpwm_messages__rosidl_generator_py.so
[0.646s] -- Up-to-date: /home/ubuntu/ros_ws/install/pwm_messages/share/pwm_messages/msg/Pwm.idl
[0.646s] -- Up-to-date: /home/ubuntu/ros_ws/install/pwm_messages/share/pwm_messages/msg/Pwm.msg
[0.646s] -- Up-to-date: /home/ubuntu/ros_ws/install/pwm_messages/share/ament_index/resource_index/package_run_dependencies/pwm_messages
[0.646s] -- Up-to-date: /home/ubuntu/ros_ws/install/pwm_messages/share/ament_index/resource_index/parent_prefix_path/pwm_messages
[0.646s] -- Up-to-date: /home/ubuntu/ros_ws/install/pwm_messages/share/pwm_messages/environment/ament_prefix_path.sh
[0.647s] -- Up-to-date: /home/ubuntu/ros_ws/install/pwm_messages/share/pwm_messages/environment/ament_prefix_path.dsv
[0.647s] -- Up-to-date: /home/ubuntu/ros_ws/install/pwm_messages/share/pwm_messages/environment/path.sh
[0.647s] -- Up-to-date: /home/ubuntu/ros_ws/install/pwm_messages/share/pwm_messages/environment/path.dsv
[0.647s] -- Up-to-date: /home/ubuntu/ros_ws/install/pwm_messages/share/pwm_messages/local_setup.bash
[0.647s] -- Up-to-date: /home/ubuntu/ros_ws/install/pwm_messages/share/pwm_messages/local_setup.sh
[0.647s] -- Up-to-date: /home/ubuntu/ros_ws/install/pwm_messages/share/pwm_messages/local_setup.zsh
[0.647s] -- Up-to-date: /home/ubuntu/ros_ws/install/pwm_messages/share/pwm_messages/local_setup.dsv
[0.648s] -- Installing: /home/ubuntu/ros_ws/install/pwm_messages/share/pwm_messages/package.dsv
[0.649s] -- Up-to-date: /home/ubuntu/ros_ws/install/pwm_messages/share/ament_index/resource_index/packages/pwm_messages
[0.649s] -- Up-to-date: /home/ubuntu/ros_ws/install/pwm_messages/share/pwm_messages/cmake/export_pwm_messages__rosidl_generator_cExport.cmake
[0.649s] -- Up-to-date: /home/ubuntu/ros_ws/install/pwm_messages/share/pwm_messages/cmake/export_pwm_messages__rosidl_generator_cExport-noconfig.cmake
[0.649s] -- Up-to-date: /home/ubuntu/ros_ws/install/pwm_messages/share/pwm_messages/cmake/export_pwm_messages__rosidl_typesupport_fastrtps_cExport.cmake
[0.649s] -- Up-to-date: /home/ubuntu/ros_ws/install/pwm_messages/share/pwm_messages/cmake/export_pwm_messages__rosidl_typesupport_fastrtps_cExport-noconfig.cmake
[0.650s] -- Up-to-date: /home/ubuntu/ros_ws/install/pwm_messages/share/pwm_messages/cmake/pwm_messages__rosidl_typesupport_introspection_cExport.cmake
[0.650s] -- Up-to-date: /home/ubuntu/ros_ws/install/pwm_messages/share/pwm_messages/cmake/pwm_messages__rosidl_typesupport_introspection_cExport-noconfig.cmake
[0.650s] -- Up-to-date: /home/ubuntu/ros_ws/install/pwm_messages/share/pwm_messages/cmake/pwm_messages__rosidl_typesupport_cExport.cmake
[0.651s] -- Up-to-date: /home/ubuntu/ros_ws/install/pwm_messages/share/pwm_messages/cmake/pwm_messages__rosidl_typesupport_cExport-noconfig.cmake
[0.651s] -- Up-to-date: /home/ubuntu/ros_ws/install/pwm_messages/share/pwm_messages/cmake/export_pwm_messages__rosidl_generator_cppExport.cmake
[0.651s] -- Up-to-date: /home/ubuntu/ros_ws/install/pwm_messages/share/pwm_messages/cmake/export_pwm_messages__rosidl_typesupport_fastrtps_cppExport.cmake
[0.651s] -- Up-to-date: /home/ubuntu/ros_ws/install/pwm_messages/share/pwm_messages/cmake/export_pwm_messages__rosidl_typesupport_fastrtps_cppExport-noconfig.cmake
[0.651s] -- Up-to-date: /home/ubuntu/ros_ws/install/pwm_messages/share/pwm_messages/cmake/pwm_messages__rosidl_typesupport_introspection_cppExport.cmake
[0.651s] -- Up-to-date: /home/ubuntu/ros_ws/install/pwm_messages/share/pwm_messages/cmake/pwm_messages__rosidl_typesupport_introspection_cppExport-noconfig.cmake
[0.651s] -- Up-to-date: /home/ubuntu/ros_ws/install/pwm_messages/share/pwm_messages/cmake/pwm_messages__rosidl_typesupport_cppExport.cmake
[0.651s] -- Up-to-date: /home/ubuntu/ros_ws/install/pwm_messages/share/pwm_messages/cmake/pwm_messages__rosidl_typesupport_cppExport-noconfig.cmake
[0.651s] -- Up-to-date: /home/ubuntu/ros_ws/install/pwm_messages/share/pwm_messages/cmake/export_pwm_messages__rosidl_generator_pyExport.cmake
[0.651s] -- Up-to-date: /home/ubuntu/ros_ws/install/pwm_messages/share/pwm_messages/cmake/export_pwm_messages__rosidl_generator_pyExport-noconfig.cmake
[0.651s] -- Up-to-date: /home/ubuntu/ros_ws/install/pwm_messages/share/pwm_messages/cmake/rosidl_cmake-extras.cmake
[0.651s] -- Up-to-date: /home/ubuntu/ros_ws/install/pwm_messages/share/pwm_messages/cmake/ament_cmake_export_include_directories-extras.cmake
[0.652s] -- Up-to-date: /home/ubuntu/ros_ws/install/pwm_messages/share/pwm_messages/cmake/ament_cmake_export_libraries-extras.cmake
[0.652s] -- Up-to-date: /home/ubuntu/ros_ws/install/pwm_messages/share/pwm_messages/cmake/ament_cmake_export_targets-extras.cmake
[0.652s] -- Up-to-date: /home/ubuntu/ros_ws/install/pwm_messages/share/pwm_messages/cmake/rosidl_cmake_export_typesupport_targets-extras.cmake
[0.652s] -- Up-to-date: /home/ubuntu/ros_ws/install/pwm_messages/share/pwm_messages/cmake/ament_cmake_export_dependencies-extras.cmake
[0.652s] -- Up-to-date: /home/ubuntu/ros_ws/install/pwm_messages/share/pwm_messages/cmake/rosidl_cmake_export_typesupport_libraries-extras.cmake
[0.652s] -- Up-to-date: /home/ubuntu/ros_ws/install/pwm_messages/share/pwm_messages/cmake/pwm_messagesConfig.cmake
[0.652s] -- Up-to-date: /home/ubuntu/ros_ws/install/pwm_messages/share/pwm_messages/cmake/pwm_messagesConfig-version.cmake
[0.652s] -- Up-to-date: /home/ubuntu/ros_ws/install/pwm_messages/share/pwm_messages/package.xml
[0.666s] Invoked command in '/home/ubuntu/ros_ws/build/pwm_messages' returned '0': CMAKE_PREFIX_PATH=${CMAKE_PREFIX_PATH}:/home/ubuntu/ros_ws/install/lios_agv:/home/ubuntu/ros_ws/install/py_pubsub:/opt/ros/humble /usr/bin/cmake --install /home/ubuntu/ros_ws/build/pwm_messages
