[0.221s] Invoking command in '/home/ubuntu/ros_ws/build/pwm_messages': CMAKE_PREFIX_PATH=${CMAKE_PREFIX_PATH}:/home/ubuntu/ros_ws/install/py_pubsub:/home/ubuntu/ros_ws/install/lios_agv:/opt/ros/humble /usr/bin/cmake --build /home/ubuntu/ros_ws/build/pwm_messages -- -j4 -l4
[0.267s] [  9%] Built target pwm_messages__cpp
[0.267s] [ 12%] Built target pwm_messages__rosidl_generator_c
[0.283s] [ 12%] Built target ament_cmake_python_copy_pwm_messages
[0.288s] [ 22%] Built target pwm_messages__rosidl_typesupport_fastrtps_c
[0.292s] [ 32%] Built target pwm_messages__rosidl_typesupport_introspection_c
[0.298s] [ 41%] Built target pwm_messages__rosidl_typesupport_c
[0.304s] [ 51%] Built target pwm_messages__rosidl_typesupport_fastrtps_cpp
[0.314s] [ 61%] Built target pwm_messages__rosidl_typesupport_cpp
[0.315s] [ 70%] Built target pwm_messages__rosidl_typesupport_introspection_cpp
[0.335s] [ 70%] Built target pwm_messages
[0.357s] [ 74%] Built target pwm_messages__py
[0.379s] [ 80%] Built target pwm_messages__rosidl_generator_py
[0.402s] [ 87%] Built target pwm_messages__rosidl_typesupport_introspection_c__pyext
[0.410s] [ 93%] Built target pwm_messages__rosidl_typesupport_fastrtps_c__pyext
[0.416s] [100%] Built target pwm_messages__rosidl_typesupport_c__pyext
[0.473s] running egg_info
[0.473s] writing pwm_messages.egg-info/PKG-INFO
[0.474s] writing dependency_links to pwm_messages.egg-info/dependency_links.txt
[0.474s] writing top-level names to pwm_messages.egg-info/top_level.txt
[0.475s] reading manifest file 'pwm_messages.egg-info/SOURCES.txt'
[0.476s] writing manifest file 'pwm_messages.egg-info/SOURCES.txt'
[0.506s] [100%] Built target ament_cmake_python_build_pwm_messages_egg
[0.524s] Invoked command in '/home/ubuntu/ros_ws/build/pwm_messages' returned '0': CMAKE_PREFIX_PATH=${CMAKE_PREFIX_PATH}:/home/ubuntu/ros_ws/install/py_pubsub:/home/ubuntu/ros_ws/install/lios_agv:/opt/ros/humble /usr/bin/cmake --build /home/ubuntu/ros_ws/build/pwm_messages -- -j4 -l4
[0.592s] Invoking command in '/home/ubuntu/ros_ws/build/pwm_messages': CMAKE_PREFIX_PATH=${CMAKE_PREFIX_PATH}:/home/ubuntu/ros_ws/install/py_pubsub:/home/ubuntu/ros_ws/install/lios_agv:/opt/ros/humble /usr/bin/cmake --install /home/ubuntu/ros_ws/build/pwm_messages
[0.601s] -- Install configuration: ""
[0.601s] -- Up-to-date: /home/ubuntu/ros_ws/install/pwm_messages/share/ament_index/resource_index/rosidl_interfaces/pwm_messages
[0.601s] -- Up-to-date: /home/ubuntu/ros_ws/install/pwm_messages/include/pwm_messages/pwm_messages
[0.601s] -- Up-to-date: /home/ubuntu/ros_ws/install/pwm_messages/include/pwm_messages/pwm_messages/msg
[0.602s] -- Up-to-date: /home/ubuntu/ros_ws/install/pwm_messages/include/pwm_messages/pwm_messages/msg/detail
[0.602s] -- Up-to-date: /home/ubuntu/ros_ws/install/pwm_messages/include/pwm_messages/pwm_messages/msg/detail/pwm__type_support.h
[0.602s] -- Up-to-date: /home/ubuntu/ros_ws/install/pwm_messages/include/pwm_messages/pwm_messages/msg/detail/pwm__functions.h
[0.602s] -- Up-to-date: /home/ubuntu/ros_ws/install/pwm_messages/include/pwm_messages/pwm_messages/msg/detail/pwm__struct.h
[0.602s] -- Up-to-date: /home/ubuntu/ros_ws/install/pwm_messages/include/pwm_messages/pwm_messages/msg/detail/pwm__functions.c
[0.602s] -- Up-to-date: /home/ubuntu/ros_ws/install/pwm_messages/include/pwm_messages/pwm_messages/msg/rosidl_generator_c__visibility_control.h
[0.602s] -- Up-to-date: /home/ubuntu/ros_ws/install/pwm_messages/include/pwm_messages/pwm_messages/msg/pwm.h
[0.602s] -- Up-to-date: /home/ubuntu/ros_ws/install/pwm_messages/share/pwm_messages/environment/library_path.sh
[0.602s] -- Up-to-date: /home/ubuntu/ros_ws/install/pwm_messages/share/pwm_messages/environment/library_path.dsv
[0.602s] -- Up-to-date: /home/ubuntu/ros_ws/install/pwm_messages/lib/libpwm_messages__rosidl_generator_c.so
[0.602s] -- Up-to-date: /home/ubuntu/ros_ws/install/pwm_messages/include/pwm_messages/pwm_messages
[0.602s] -- Up-to-date: /home/ubuntu/ros_ws/install/pwm_messages/include/pwm_messages/pwm_messages/msg
[0.602s] -- Up-to-date: /home/ubuntu/ros_ws/install/pwm_messages/include/pwm_messages/pwm_messages/msg/detail
[0.605s] -- Up-to-date: /home/ubuntu/ros_ws/install/pwm_messages/include/pwm_messages/pwm_messages/msg/detail/pwm__rosidl_typesupport_fastrtps_c.h
[0.605s] -- Up-to-date: /home/ubuntu/ros_ws/install/pwm_messages/include/pwm_messages/pwm_messages/msg/rosidl_typesupport_fastrtps_c__visibility_control.h
[0.605s] -- Up-to-date: /home/ubuntu/ros_ws/install/pwm_messages/lib/libpwm_messages__rosidl_typesupport_fastrtps_c.so
[0.605s] -- Up-to-date: /home/ubuntu/ros_ws/install/pwm_messages/include/pwm_messages/pwm_messages
[0.605s] -- Up-to-date: /home/ubuntu/ros_ws/install/pwm_messages/include/pwm_messages/pwm_messages/msg
[0.605s] -- Up-to-date: /home/ubuntu/ros_ws/install/pwm_messages/include/pwm_messages/pwm_messages/msg/detail
[0.605s] -- Up-to-date: /home/ubuntu/ros_ws/install/pwm_messages/include/pwm_messages/pwm_messages/msg/detail/pwm__type_support.c
[0.605s] -- Up-to-date: /home/ubuntu/ros_ws/install/pwm_messages/include/pwm_messages/pwm_messages/msg/detail/pwm__rosidl_typesupport_introspection_c.h
[0.605s] -- Up-to-date: /home/ubuntu/ros_ws/install/pwm_messages/include/pwm_messages/pwm_messages/msg/rosidl_typesupport_introspection_c__visibility_control.h
[0.605s] -- Up-to-date: /home/ubuntu/ros_ws/install/pwm_messages/lib/libpwm_messages__rosidl_typesupport_introspection_c.so
[0.605s] -- Up-to-date: /home/ubuntu/ros_ws/install/pwm_messages/lib/libpwm_messages__rosidl_typesupport_c.so
[0.605s] -- Up-to-date: /home/ubuntu/ros_ws/install/pwm_messages/include/pwm_messages/pwm_messages
[0.605s] -- Up-to-date: /home/ubuntu/ros_ws/install/pwm_messages/include/pwm_messages/pwm_messages/msg
[0.605s] -- Up-to-date: /home/ubuntu/ros_ws/install/pwm_messages/include/pwm_messages/pwm_messages/msg/detail
[0.605s] -- Up-to-date: /home/ubuntu/ros_ws/install/pwm_messages/include/pwm_messages/pwm_messages/msg/detail/pwm__builder.hpp
[0.605s] -- Up-to-date: /home/ubuntu/ros_ws/install/pwm_messages/include/pwm_messages/pwm_messages/msg/detail/pwm__struct.hpp
[0.605s] -- Up-to-date: /home/ubuntu/ros_ws/install/pwm_messages/include/pwm_messages/pwm_messages/msg/detail/pwm__traits.hpp
[0.605s] -- Up-to-date: /home/ubuntu/ros_ws/install/pwm_messages/include/pwm_messages/pwm_messages/msg/pwm.hpp
[0.605s] -- Up-to-date: /home/ubuntu/ros_ws/install/pwm_messages/include/pwm_messages/pwm_messages
[0.606s] -- Up-to-date: /home/ubuntu/ros_ws/install/pwm_messages/include/pwm_messages/pwm_messages/msg
[0.606s] -- Up-to-date: /home/ubuntu/ros_ws/install/pwm_messages/include/pwm_messages/pwm_messages/msg/detail
[0.606s] -- Up-to-date: /home/ubuntu/ros_ws/install/pwm_messages/include/pwm_messages/pwm_messages/msg/detail/pwm__rosidl_typesupport_fastrtps_cpp.hpp
[0.606s] -- Up-to-date: /home/ubuntu/ros_ws/install/pwm_messages/include/pwm_messages/pwm_messages/msg/detail/dds_fastrtps
[0.606s] -- Up-to-date: /home/ubuntu/ros_ws/install/pwm_messages/include/pwm_messages/pwm_messages/msg/rosidl_typesupport_fastrtps_cpp__visibility_control.h
[0.606s] -- Up-to-date: /home/ubuntu/ros_ws/install/pwm_messages/lib/libpwm_messages__rosidl_typesupport_fastrtps_cpp.so
[0.606s] -- Up-to-date: /home/ubuntu/ros_ws/install/pwm_messages/include/pwm_messages/pwm_messages
[0.606s] -- Up-to-date: /home/ubuntu/ros_ws/install/pwm_messages/include/pwm_messages/pwm_messages/msg
[0.606s] -- Up-to-date: /home/ubuntu/ros_ws/install/pwm_messages/include/pwm_messages/pwm_messages/msg/detail
[0.606s] -- Up-to-date: /home/ubuntu/ros_ws/install/pwm_messages/include/pwm_messages/pwm_messages/msg/detail/pwm__rosidl_typesupport_introspection_cpp.hpp
[0.606s] -- Up-to-date: /home/ubuntu/ros_ws/install/pwm_messages/include/pwm_messages/pwm_messages/msg/detail/pwm__type_support.cpp
[0.606s] -- Up-to-date: /home/ubuntu/ros_ws/install/pwm_messages/lib/libpwm_messages__rosidl_typesupport_introspection_cpp.so
[0.606s] -- Up-to-date: /home/ubuntu/ros_ws/install/pwm_messages/lib/libpwm_messages__rosidl_typesupport_cpp.so
[0.606s] -- Up-to-date: /home/ubuntu/ros_ws/install/pwm_messages/share/pwm_messages/environment/pythonpath.sh
[0.606s] -- Up-to-date: /home/ubuntu/ros_ws/install/pwm_messages/share/pwm_messages/environment/pythonpath.dsv
[0.606s] -- Up-to-date: /home/ubuntu/ros_ws/install/pwm_messages/lib/python3.10/site-packages/pwm_messages-0.0.0-py3.10.egg-info
[0.608s] -- Installing: /home/ubuntu/ros_ws/install/pwm_messages/lib/python3.10/site-packages/pwm_messages-0.0.0-py3.10.egg-info/SOURCES.txt
[0.608s] -- Installing: /home/ubuntu/ros_ws/install/pwm_messages/lib/python3.10/site-packages/pwm_messages-0.0.0-py3.10.egg-info/PKG-INFO
[0.608s] -- Installing: /home/ubuntu/ros_ws/install/pwm_messages/lib/python3.10/site-packages/pwm_messages-0.0.0-py3.10.egg-info/top_level.txt
[0.608s] -- Installing: /home/ubuntu/ros_ws/install/pwm_messages/lib/python3.10/site-packages/pwm_messages-0.0.0-py3.10.egg-info/dependency_links.txt
[0.608s] -- Up-to-date: /home/ubuntu/ros_ws/install/pwm_messages/lib/python3.10/site-packages/pwm_messages
[0.608s] -- Up-to-date: /home/ubuntu/ros_ws/install/pwm_messages/lib/python3.10/site-packages/pwm_messages/_pwm_messages_s.ep.rosidl_typesupport_c.c
[0.608s] -- Up-to-date: /home/ubuntu/ros_ws/install/pwm_messages/lib/python3.10/site-packages/pwm_messages/pwm_messages_s__rosidl_typesupport_introspection_c.cpython-310-x86_64-linux-gnu.so
[0.608s] -- Up-to-date: /home/ubuntu/ros_ws/install/pwm_messages/lib/python3.10/site-packages/pwm_messages/__init__.py
[0.608s] -- Up-to-date: /home/ubuntu/ros_ws/install/pwm_messages/lib/python3.10/site-packages/pwm_messages/libpwm_messages__rosidl_generator_py.so
[0.608s] -- Up-to-date: /home/ubuntu/ros_ws/install/pwm_messages/lib/python3.10/site-packages/pwm_messages/pwm_messages_s__rosidl_typesupport_c.cpython-310-x86_64-linux-gnu.so
[0.608s] -- Up-to-date: /home/ubuntu/ros_ws/install/pwm_messages/lib/python3.10/site-packages/pwm_messages/msg
[0.608s] -- Up-to-date: /home/ubuntu/ros_ws/install/pwm_messages/lib/python3.10/site-packages/pwm_messages/msg/_pwm_s.c
[0.608s] -- Up-to-date: /home/ubuntu/ros_ws/install/pwm_messages/lib/python3.10/site-packages/pwm_messages/msg/__init__.py
[0.608s] -- Up-to-date: /home/ubuntu/ros_ws/install/pwm_messages/lib/python3.10/site-packages/pwm_messages/msg/_pwm.py
[0.608s] -- Up-to-date: /home/ubuntu/ros_ws/install/pwm_messages/lib/python3.10/site-packages/pwm_messages/_pwm_messages_s.ep.rosidl_typesupport_fastrtps_c.c
[0.608s] -- Up-to-date: /home/ubuntu/ros_ws/install/pwm_messages/lib/python3.10/site-packages/pwm_messages/_pwm_messages_s.ep.rosidl_typesupport_introspection_c.c
[0.609s] -- Up-to-date: /home/ubuntu/ros_ws/install/pwm_messages/lib/python3.10/site-packages/pwm_messages/pwm_messages_s__rosidl_typesupport_fastrtps_c.cpython-310-x86_64-linux-gnu.so
[0.632s] Listing '/home/ubuntu/ros_ws/install/pwm_messages/lib/python3.10/site-packages/pwm_messages'...
[0.632s] Listing '/home/ubuntu/ros_ws/install/pwm_messages/lib/python3.10/site-packages/pwm_messages/msg'...
[0.636s] -- Up-to-date: /home/ubuntu/ros_ws/install/pwm_messages/lib/python3.10/site-packages/pwm_messages/pwm_messages_s__rosidl_typesupport_fastrtps_c.cpython-310-x86_64-linux-gnu.so
[0.637s] -- Up-to-date: /home/ubuntu/ros_ws/install/pwm_messages/lib/python3.10/site-packages/pwm_messages/pwm_messages_s__rosidl_typesupport_introspection_c.cpython-310-x86_64-linux-gnu.so
[0.637s] -- Up-to-date: /home/ubuntu/ros_ws/install/pwm_messages/lib/python3.10/site-packages/pwm_messages/pwm_messages_s__rosidl_typesupport_c.cpython-310-x86_64-linux-gnu.so
[0.637s] -- Up-to-date: /home/ubuntu/ros_ws/install/pwm_messages/lib/libpwm_messages__rosidl_generator_py.so
[0.637s] -- Up-to-date: /home/ubuntu/ros_ws/install/pwm_messages/share/pwm_messages/msg/Pwm.idl
[0.637s] -- Up-to-date: /home/ubuntu/ros_ws/install/pwm_messages/share/pwm_messages/msg/Pwm.msg
[0.638s] -- Up-to-date: /home/ubuntu/ros_ws/install/pwm_messages/share/ament_index/resource_index/package_run_dependencies/pwm_messages
[0.638s] -- Up-to-date: /home/ubuntu/ros_ws/install/pwm_messages/share/ament_index/resource_index/parent_prefix_path/pwm_messages
[0.638s] -- Up-to-date: /home/ubuntu/ros_ws/install/pwm_messages/share/pwm_messages/environment/ament_prefix_path.sh
[0.638s] -- Up-to-date: /home/ubuntu/ros_ws/install/pwm_messages/share/pwm_messages/environment/ament_prefix_path.dsv
[0.638s] -- Up-to-date: /home/ubuntu/ros_ws/install/pwm_messages/share/pwm_messages/environment/path.sh
[0.638s] -- Up-to-date: /home/ubuntu/ros_ws/install/pwm_messages/share/pwm_messages/environment/path.dsv
[0.638s] -- Up-to-date: /home/ubuntu/ros_ws/install/pwm_messages/share/pwm_messages/local_setup.bash
[0.638s] -- Up-to-date: /home/ubuntu/ros_ws/install/pwm_messages/share/pwm_messages/local_setup.sh
[0.638s] -- Up-to-date: /home/ubuntu/ros_ws/install/pwm_messages/share/pwm_messages/local_setup.zsh
[0.638s] -- Up-to-date: /home/ubuntu/ros_ws/install/pwm_messages/share/pwm_messages/local_setup.dsv
[0.638s] -- Installing: /home/ubuntu/ros_ws/install/pwm_messages/share/pwm_messages/package.dsv
[0.638s] -- Up-to-date: /home/ubuntu/ros_ws/install/pwm_messages/share/ament_index/resource_index/packages/pwm_messages
[0.639s] -- Up-to-date: /home/ubuntu/ros_ws/install/pwm_messages/share/pwm_messages/cmake/export_pwm_messages__rosidl_generator_cExport.cmake
[0.639s] -- Up-to-date: /home/ubuntu/ros_ws/install/pwm_messages/share/pwm_messages/cmake/export_pwm_messages__rosidl_generator_cExport-noconfig.cmake
[0.639s] -- Up-to-date: /home/ubuntu/ros_ws/install/pwm_messages/share/pwm_messages/cmake/export_pwm_messages__rosidl_typesupport_fastrtps_cExport.cmake
[0.639s] -- Up-to-date: /home/ubuntu/ros_ws/install/pwm_messages/share/pwm_messages/cmake/export_pwm_messages__rosidl_typesupport_fastrtps_cExport-noconfig.cmake
[0.639s] -- Up-to-date: /home/ubuntu/ros_ws/install/pwm_messages/share/pwm_messages/cmake/pwm_messages__rosidl_typesupport_introspection_cExport.cmake
[0.639s] -- Up-to-date: /home/ubuntu/ros_ws/install/pwm_messages/share/pwm_messages/cmake/pwm_messages__rosidl_typesupport_introspection_cExport-noconfig.cmake
[0.639s] -- Up-to-date: /home/ubuntu/ros_ws/install/pwm_messages/share/pwm_messages/cmake/pwm_messages__rosidl_typesupport_cExport.cmake
[0.639s] -- Up-to-date: /home/ubuntu/ros_ws/install/pwm_messages/share/pwm_messages/cmake/pwm_messages__rosidl_typesupport_cExport-noconfig.cmake
[0.639s] -- Up-to-date: /home/ubuntu/ros_ws/install/pwm_messages/share/pwm_messages/cmake/export_pwm_messages__rosidl_generator_cppExport.cmake
[0.639s] -- Up-to-date: /home/ubuntu/ros_ws/install/pwm_messages/share/pwm_messages/cmake/export_pwm_messages__rosidl_typesupport_fastrtps_cppExport.cmake
[0.640s] -- Up-to-date: /home/ubuntu/ros_ws/install/pwm_messages/share/pwm_messages/cmake/export_pwm_messages__rosidl_typesupport_fastrtps_cppExport-noconfig.cmake
[0.640s] -- Up-to-date: /home/ubuntu/ros_ws/install/pwm_messages/share/pwm_messages/cmake/pwm_messages__rosidl_typesupport_introspection_cppExport.cmake
[0.640s] -- Up-to-date: /home/ubuntu/ros_ws/install/pwm_messages/share/pwm_messages/cmake/pwm_messages__rosidl_typesupport_introspection_cppExport-noconfig.cmake
[0.640s] -- Up-to-date: /home/ubuntu/ros_ws/install/pwm_messages/share/pwm_messages/cmake/pwm_messages__rosidl_typesupport_cppExport.cmake
[0.640s] -- Up-to-date: /home/ubuntu/ros_ws/install/pwm_messages/share/pwm_messages/cmake/pwm_messages__rosidl_typesupport_cppExport-noconfig.cmake
[0.640s] -- Up-to-date: /home/ubuntu/ros_ws/install/pwm_messages/share/pwm_messages/cmake/export_pwm_messages__rosidl_generator_pyExport.cmake
[0.640s] -- Up-to-date: /home/ubuntu/ros_ws/install/pwm_messages/share/pwm_messages/cmake/export_pwm_messages__rosidl_generator_pyExport-noconfig.cmake
[0.640s] -- Up-to-date: /home/ubuntu/ros_ws/install/pwm_messages/share/pwm_messages/cmake/rosidl_cmake-extras.cmake
[0.640s] -- Up-to-date: /home/ubuntu/ros_ws/install/pwm_messages/share/pwm_messages/cmake/ament_cmake_export_include_directories-extras.cmake
[0.640s] -- Up-to-date: /home/ubuntu/ros_ws/install/pwm_messages/share/pwm_messages/cmake/ament_cmake_export_libraries-extras.cmake
[0.640s] -- Up-to-date: /home/ubuntu/ros_ws/install/pwm_messages/share/pwm_messages/cmake/ament_cmake_export_targets-extras.cmake
[0.640s] -- Up-to-date: /home/ubuntu/ros_ws/install/pwm_messages/share/pwm_messages/cmake/rosidl_cmake_export_typesupport_targets-extras.cmake
[0.641s] -- Up-to-date: /home/ubuntu/ros_ws/install/pwm_messages/share/pwm_messages/cmake/ament_cmake_export_dependencies-extras.cmake
[0.641s] -- Up-to-date: /home/ubuntu/ros_ws/install/pwm_messages/share/pwm_messages/cmake/rosidl_cmake_export_typesupport_libraries-extras.cmake
[0.642s] -- Up-to-date: /home/ubuntu/ros_ws/install/pwm_messages/share/pwm_messages/cmake/pwm_messagesConfig.cmake
[0.642s] -- Up-to-date: /home/ubuntu/ros_ws/install/pwm_messages/share/pwm_messages/cmake/pwm_messagesConfig-version.cmake
[0.642s] -- Up-to-date: /home/ubuntu/ros_ws/install/pwm_messages/share/pwm_messages/package.xml
[0.649s] Invoked command in '/home/ubuntu/ros_ws/build/pwm_messages' returned '0': CMAKE_PREFIX_PATH=${CMAKE_PREFIX_PATH}:/home/ubuntu/ros_ws/install/py_pubsub:/home/ubuntu/ros_ws/install/lios_agv:/opt/ros/humble /usr/bin/cmake --install /home/ubuntu/ros_ws/build/pwm_messages
