[0.104s] DEBUG:colcon:Command line arguments: ['/home/ubuntu/.platformio/penv/bin/colcon', 'build']
[0.104s] DEBUG:colcon:Parsed command line arguments: Namespace(log_base=None, log_level=None, verb_name='build', build_base='build', install_base='install', merge_install=False, symlink_install=False, test_result_base=None, continue_on_error=False, executor='parallel', parallel_workers=4, event_handlers=None, ignore_user_meta=False, metas=['./colcon.meta'], base_paths=['.'], packages_ignore=None, packages_ignore_regex=None, paths=None, packages_up_to=None, packages_up_to_regex=None, packages_above=None, packages_above_and_dependencies=None, packages_above_depth=None, packages_select_by_dep=None, packages_skip_by_dep=None, packages_skip_up_to=None, packages_select_build_failed=False, packages_skip_build_finished=False, packages_select_test_failures=False, packages_skip_test_passed=False, packages_select=None, packages_skip=None, packages_select_regex=None, packages_skip_regex=None, packages_start=None, packages_end=None, cmake_args=None, cmake_target=None, cmake_target_skip_unavailable=False, cmake_clean_cache=False, cmake_clean_first=False, cmake_force_configure=False, ament_cmake_args=None, catkin_cmake_args=None, catkin_skip_building_tests=False, verb_parser=<colcon_defaults.argument_parser.defaults.DefaultArgumentsDecorator object at 0x7ffae3c48640>, verb_extension=<colcon_core.verb.build.BuildVerb object at 0x7ffae3c1fd00>, main=<bound method BuildVerb.main of <colcon_core.verb.build.BuildVerb object at 0x7ffae3c1fd00>>)
[0.201s] Level 1:colcon.colcon_core.package_discovery:discover_packages(colcon_meta) check parameters
[0.201s] Level 1:colcon.colcon_core.package_discovery:discover_packages(recursive) check parameters
[0.201s] Level 1:colcon.colcon_core.package_discovery:discover_packages(ignore) check parameters
[0.201s] Level 1:colcon.colcon_core.package_discovery:discover_packages(path) check parameters
[0.201s] Level 1:colcon.colcon_core.package_discovery:discover_packages(colcon_meta) discover
[0.201s] Level 1:colcon.colcon_core.package_discovery:discover_packages(recursive) discover
[0.201s] INFO:colcon.colcon_core.package_discovery:Crawling recursively for packages in '/home/ubuntu/ros_ws'
[0.201s] Level 1:colcon.colcon_core.package_identification:_identify(.) by extensions ['ignore', 'ignore_ament_install']
[0.201s] Level 1:colcon.colcon_core.package_identification:_identify(.) by extension 'ignore'
[0.201s] Level 1:colcon.colcon_core.package_identification:_identify(.) by extension 'ignore_ament_install'
[0.201s] Level 1:colcon.colcon_core.package_identification:_identify(.) by extensions ['colcon_pkg']
[0.201s] Level 1:colcon.colcon_core.package_identification:_identify(.) by extension 'colcon_pkg'
[0.201s] Level 1:colcon.colcon_core.package_identification:_identify(.) by extensions ['colcon_meta']
[0.201s] Level 1:colcon.colcon_core.package_identification:_identify(.) by extension 'colcon_meta'
[0.201s] Level 1:colcon.colcon_core.package_identification:_identify(.) by extensions ['ros']
[0.202s] Level 1:colcon.colcon_core.package_identification:_identify(.) by extension 'ros'
[0.221s] Level 1:colcon.colcon_core.package_identification:_identify(.) by extensions ['cmake', 'python']
[0.221s] Level 1:colcon.colcon_core.package_identification:_identify(.) by extension 'cmake'
[0.221s] Level 1:colcon.colcon_core.package_identification:_identify(.) by extension 'python'
[0.222s] Level 1:colcon.colcon_core.package_identification:_identify(.) by extensions ['python_setup_py']
[0.222s] Level 1:colcon.colcon_core.package_identification:_identify(.) by extension 'python_setup_py'
[0.222s] Level 1:colcon.colcon_core.package_identification:_identify(build) by extensions ['ignore', 'ignore_ament_install']
[0.222s] Level 1:colcon.colcon_core.package_identification:_identify(build) by extension 'ignore'
[0.222s] Level 1:colcon.colcon_core.package_identification:_identify(build) ignored
[0.222s] Level 1:colcon.colcon_core.package_identification:_identify(install) by extensions ['ignore', 'ignore_ament_install']
[0.222s] Level 1:colcon.colcon_core.package_identification:_identify(install) by extension 'ignore'
[0.222s] Level 1:colcon.colcon_core.package_identification:_identify(install) ignored
[0.222s] Level 1:colcon.colcon_core.package_identification:_identify(log) by extensions ['ignore', 'ignore_ament_install']
[0.222s] Level 1:colcon.colcon_core.package_identification:_identify(log) by extension 'ignore'
[0.223s] Level 1:colcon.colcon_core.package_identification:_identify(log) ignored
[0.223s] Level 1:colcon.colcon_core.package_identification:_identify(src) by extensions ['ignore', 'ignore_ament_install']
[0.223s] Level 1:colcon.colcon_core.package_identification:_identify(src) by extension 'ignore'
[0.223s] Level 1:colcon.colcon_core.package_identification:_identify(src) by extension 'ignore_ament_install'
[0.223s] Level 1:colcon.colcon_core.package_identification:_identify(src) by extensions ['colcon_pkg']
[0.223s] Level 1:colcon.colcon_core.package_identification:_identify(src) by extension 'colcon_pkg'
[0.223s] Level 1:colcon.colcon_core.package_identification:_identify(src) by extensions ['colcon_meta']
[0.223s] Level 1:colcon.colcon_core.package_identification:_identify(src) by extension 'colcon_meta'
[0.223s] Level 1:colcon.colcon_core.package_identification:_identify(src) by extensions ['ros']
[0.223s] Level 1:colcon.colcon_core.package_identification:_identify(src) by extension 'ros'
[0.223s] Level 1:colcon.colcon_core.package_identification:_identify(src) by extensions ['cmake', 'python']
[0.223s] Level 1:colcon.colcon_core.package_identification:_identify(src) by extension 'cmake'
[0.223s] Level 1:colcon.colcon_core.package_identification:_identify(src) by extension 'python'
[0.223s] Level 1:colcon.colcon_core.package_identification:_identify(src) by extensions ['python_setup_py']
[0.223s] Level 1:colcon.colcon_core.package_identification:_identify(src) by extension 'python_setup_py'
[0.223s] Level 1:colcon.colcon_core.package_identification:_identify(src/lios_agv) by extensions ['ignore', 'ignore_ament_install']
[0.223s] Level 1:colcon.colcon_core.package_identification:_identify(src/lios_agv) by extension 'ignore'
[0.223s] Level 1:colcon.colcon_core.package_identification:_identify(src/lios_agv) by extension 'ignore_ament_install'
[0.223s] Level 1:colcon.colcon_core.package_identification:_identify(src/lios_agv) by extensions ['colcon_pkg']
[0.223s] Level 1:colcon.colcon_core.package_identification:_identify(src/lios_agv) by extension 'colcon_pkg'
[0.223s] Level 1:colcon.colcon_core.package_identification:_identify(src/lios_agv) by extensions ['colcon_meta']
[0.223s] Level 1:colcon.colcon_core.package_identification:_identify(src/lios_agv) by extension 'colcon_meta'
[0.224s] Level 1:colcon.colcon_core.package_identification:_identify(src/lios_agv) by extensions ['ros']
[0.224s] Level 1:colcon.colcon_core.package_identification:_identify(src/lios_agv) by extension 'ros'
[0.226s] DEBUG:colcon.colcon_core.package_identification:Package 'src/lios_agv' with type 'ros.ament_python' and name 'lios_agv'
[0.226s] Level 1:colcon.colcon_core.package_identification:_identify(src/pwm_messages) by extensions ['ignore', 'ignore_ament_install']
[0.226s] Level 1:colcon.colcon_core.package_identification:_identify(src/pwm_messages) by extension 'ignore'
[0.226s] Level 1:colcon.colcon_core.package_identification:_identify(src/pwm_messages) by extension 'ignore_ament_install'
[0.226s] Level 1:colcon.colcon_core.package_identification:_identify(src/pwm_messages) by extensions ['colcon_pkg']
[0.226s] Level 1:colcon.colcon_core.package_identification:_identify(src/pwm_messages) by extension 'colcon_pkg'
[0.226s] Level 1:colcon.colcon_core.package_identification:_identify(src/pwm_messages) by extensions ['colcon_meta']
[0.226s] Level 1:colcon.colcon_core.package_identification:_identify(src/pwm_messages) by extension 'colcon_meta'
[0.226s] Level 1:colcon.colcon_core.package_identification:_identify(src/pwm_messages) by extensions ['ros']
[0.226s] Level 1:colcon.colcon_core.package_identification:_identify(src/pwm_messages) by extension 'ros'
[0.226s] DEBUG:colcon.colcon_core.package_identification:Package 'src/pwm_messages' with type 'ros.ament_cmake' and name 'pwm_messages'
[0.227s] Level 1:colcon.colcon_core.package_identification:_identify(src/py_pubsub) by extensions ['ignore', 'ignore_ament_install']
[0.227s] Level 1:colcon.colcon_core.package_identification:_identify(src/py_pubsub) by extension 'ignore'
[0.227s] Level 1:colcon.colcon_core.package_identification:_identify(src/py_pubsub) by extension 'ignore_ament_install'
[0.227s] Level 1:colcon.colcon_core.package_identification:_identify(src/py_pubsub) by extensions ['colcon_pkg']
[0.227s] Level 1:colcon.colcon_core.package_identification:_identify(src/py_pubsub) by extension 'colcon_pkg'
[0.227s] Level 1:colcon.colcon_core.package_identification:_identify(src/py_pubsub) by extensions ['colcon_meta']
[0.227s] Level 1:colcon.colcon_core.package_identification:_identify(src/py_pubsub) by extension 'colcon_meta'
[0.227s] Level 1:colcon.colcon_core.package_identification:_identify(src/py_pubsub) by extensions ['ros']
[0.227s] Level 1:colcon.colcon_core.package_identification:_identify(src/py_pubsub) by extension 'ros'
[0.227s] DEBUG:colcon.colcon_core.package_identification:Package 'src/py_pubsub' with type 'ros.ament_python' and name 'py_pubsub'
[0.227s] Level 1:colcon.colcon_core.package_discovery:discover_packages(recursive) using defaults
[0.227s] Level 1:colcon.colcon_core.package_discovery:discover_packages(ignore) discover
[0.227s] Level 1:colcon.colcon_core.package_discovery:discover_packages(ignore) using defaults
[0.227s] Level 1:colcon.colcon_core.package_discovery:discover_packages(path) discover
[0.228s] Level 1:colcon.colcon_core.package_discovery:discover_packages(path) using defaults
[0.243s] Level 5:colcon.colcon_core.verb:set package 'lios_agv' build argument 'cmake_args' from command line to 'None'
[0.243s] Level 5:colcon.colcon_core.verb:set package 'lios_agv' build argument 'cmake_target' from command line to 'None'
[0.243s] Level 5:colcon.colcon_core.verb:set package 'lios_agv' build argument 'cmake_target_skip_unavailable' from command line to 'False'
[0.243s] Level 5:colcon.colcon_core.verb:set package 'lios_agv' build argument 'cmake_clean_cache' from command line to 'False'
[0.243s] Level 5:colcon.colcon_core.verb:set package 'lios_agv' build argument 'cmake_clean_first' from command line to 'False'
[0.243s] Level 5:colcon.colcon_core.verb:set package 'lios_agv' build argument 'cmake_force_configure' from command line to 'False'
[0.244s] Level 5:colcon.colcon_core.verb:set package 'lios_agv' build argument 'ament_cmake_args' from command line to 'None'
[0.244s] Level 5:colcon.colcon_core.verb:set package 'lios_agv' build argument 'catkin_cmake_args' from command line to 'None'
[0.244s] Level 5:colcon.colcon_core.verb:set package 'lios_agv' build argument 'catkin_skip_building_tests' from command line to 'False'
[0.244s] DEBUG:colcon.colcon_core.verb:Building package 'lios_agv' with the following arguments: {'ament_cmake_args': None, 'build_base': '/home/ubuntu/ros_ws/build/lios_agv', 'catkin_cmake_args': None, 'catkin_skip_building_tests': False, 'cmake_args': None, 'cmake_clean_cache': False, 'cmake_clean_first': False, 'cmake_force_configure': False, 'cmake_target': None, 'cmake_target_skip_unavailable': False, 'install_base': '/home/ubuntu/ros_ws/install/lios_agv', 'merge_install': False, 'path': '/home/ubuntu/ros_ws/src/lios_agv', 'symlink_install': False, 'test_result_base': None}
[0.244s] Level 5:colcon.colcon_core.verb:set package 'pwm_messages' build argument 'cmake_args' from command line to 'None'
[0.244s] Level 5:colcon.colcon_core.verb:set package 'pwm_messages' build argument 'cmake_target' from command line to 'None'
[0.244s] Level 5:colcon.colcon_core.verb:set package 'pwm_messages' build argument 'cmake_target_skip_unavailable' from command line to 'False'
[0.244s] Level 5:colcon.colcon_core.verb:set package 'pwm_messages' build argument 'cmake_clean_cache' from command line to 'False'
[0.244s] Level 5:colcon.colcon_core.verb:set package 'pwm_messages' build argument 'cmake_clean_first' from command line to 'False'
[0.244s] Level 5:colcon.colcon_core.verb:set package 'pwm_messages' build argument 'cmake_force_configure' from command line to 'False'
[0.244s] Level 5:colcon.colcon_core.verb:set package 'pwm_messages' build argument 'ament_cmake_args' from command line to 'None'
[0.244s] Level 5:colcon.colcon_core.verb:set package 'pwm_messages' build argument 'catkin_cmake_args' from command line to 'None'
[0.244s] Level 5:colcon.colcon_core.verb:set package 'pwm_messages' build argument 'catkin_skip_building_tests' from command line to 'False'
[0.244s] DEBUG:colcon.colcon_core.verb:Building package 'pwm_messages' with the following arguments: {'ament_cmake_args': None, 'build_base': '/home/ubuntu/ros_ws/build/pwm_messages', 'catkin_cmake_args': None, 'catkin_skip_building_tests': False, 'cmake_args': None, 'cmake_clean_cache': False, 'cmake_clean_first': False, 'cmake_force_configure': False, 'cmake_target': None, 'cmake_target_skip_unavailable': False, 'install_base': '/home/ubuntu/ros_ws/install/pwm_messages', 'merge_install': False, 'path': '/home/ubuntu/ros_ws/src/pwm_messages', 'symlink_install': False, 'test_result_base': None}
[0.245s] Level 5:colcon.colcon_core.verb:set package 'py_pubsub' build argument 'cmake_args' from command line to 'None'
[0.245s] Level 5:colcon.colcon_core.verb:set package 'py_pubsub' build argument 'cmake_target' from command line to 'None'
[0.245s] Level 5:colcon.colcon_core.verb:set package 'py_pubsub' build argument 'cmake_target_skip_unavailable' from command line to 'False'
[0.245s] Level 5:colcon.colcon_core.verb:set package 'py_pubsub' build argument 'cmake_clean_cache' from command line to 'False'
[0.245s] Level 5:colcon.colcon_core.verb:set package 'py_pubsub' build argument 'cmake_clean_first' from command line to 'False'
[0.245s] Level 5:colcon.colcon_core.verb:set package 'py_pubsub' build argument 'cmake_force_configure' from command line to 'False'
[0.245s] Level 5:colcon.colcon_core.verb:set package 'py_pubsub' build argument 'ament_cmake_args' from command line to 'None'
[0.245s] Level 5:colcon.colcon_core.verb:set package 'py_pubsub' build argument 'catkin_cmake_args' from command line to 'None'
[0.245s] Level 5:colcon.colcon_core.verb:set package 'py_pubsub' build argument 'catkin_skip_building_tests' from command line to 'False'
[0.245s] DEBUG:colcon.colcon_core.verb:Building package 'py_pubsub' with the following arguments: {'ament_cmake_args': None, 'build_base': '/home/ubuntu/ros_ws/build/py_pubsub', 'catkin_cmake_args': None, 'catkin_skip_building_tests': False, 'cmake_args': None, 'cmake_clean_cache': False, 'cmake_clean_first': False, 'cmake_force_configure': False, 'cmake_target': None, 'cmake_target_skip_unavailable': False, 'install_base': '/home/ubuntu/ros_ws/install/py_pubsub', 'merge_install': False, 'path': '/home/ubuntu/ros_ws/src/py_pubsub', 'symlink_install': False, 'test_result_base': None}
[0.245s] INFO:colcon.colcon_core.executor:Executing jobs using 'parallel' executor
[0.246s] DEBUG:colcon.colcon_parallel_executor.executor.parallel:run_until_complete
[0.247s] INFO:colcon.colcon_ros.task.ament_python.build:Building ROS package in '/home/ubuntu/ros_ws/src/lios_agv' with build type 'ament_python'
[0.247s] Level 1:colcon.colcon_core.shell:create_environment_hook('lios_agv', 'ament_prefix_path')
[0.249s] INFO:colcon.colcon_core.plugin_system:Skipping extension 'colcon_core.shell.bat': Not used on non-Windows systems
[0.249s] INFO:colcon.colcon_core.shell:Creating environment hook '/home/ubuntu/ros_ws/install/lios_agv/share/lios_agv/hook/ament_prefix_path.ps1'
[0.250s] INFO:colcon.colcon_core.shell:Creating environment descriptor '/home/ubuntu/ros_ws/install/lios_agv/share/lios_agv/hook/ament_prefix_path.dsv'
[0.251s] INFO:colcon.colcon_core.shell:Creating environment hook '/home/ubuntu/ros_ws/install/lios_agv/share/lios_agv/hook/ament_prefix_path.sh'
[0.252s] INFO:colcon.colcon_core.shell:Skip shell extension 'powershell' for command environment: Not usable outside of PowerShell
[0.252s] DEBUG:colcon.colcon_core.shell:Skip shell extension 'dsv' for command environment
[0.257s] INFO:colcon.colcon_ros.task.ament_cmake.build:Building ROS package in '/home/ubuntu/ros_ws/src/pwm_messages' with build type 'ament_cmake'
[0.257s] INFO:colcon.colcon_cmake.task.cmake.build:Building CMake package in '/home/ubuntu/ros_ws/src/pwm_messages'
[0.258s] INFO:colcon.colcon_core.shell:Skip shell extension 'powershell' for command environment: Not usable outside of PowerShell
[0.258s] DEBUG:colcon.colcon_core.shell:Skip shell extension 'dsv' for command environment
[0.261s] INFO:colcon.colcon_ros.task.ament_python.build:Building ROS package in '/home/ubuntu/ros_ws/src/py_pubsub' with build type 'ament_python'
[0.261s] Level 1:colcon.colcon_core.shell:create_environment_hook('py_pubsub', 'ament_prefix_path')
[0.261s] INFO:colcon.colcon_core.shell:Creating environment hook '/home/ubuntu/ros_ws/install/py_pubsub/share/py_pubsub/hook/ament_prefix_path.ps1'
[0.262s] INFO:colcon.colcon_core.shell:Creating environment descriptor '/home/ubuntu/ros_ws/install/py_pubsub/share/py_pubsub/hook/ament_prefix_path.dsv'
[0.262s] INFO:colcon.colcon_core.shell:Creating environment hook '/home/ubuntu/ros_ws/install/py_pubsub/share/py_pubsub/hook/ament_prefix_path.sh'
[0.263s] INFO:colcon.colcon_core.shell:Skip shell extension 'powershell' for command environment: Not usable outside of PowerShell
[0.263s] DEBUG:colcon.colcon_core.shell:Skip shell extension 'dsv' for command environment
[0.500s] INFO:colcon.colcon_core.task.python.build:Building Python package in '/home/ubuntu/ros_ws/src/lios_agv'
[0.501s] INFO:colcon.colcon_core.shell:Skip shell extension 'powershell' for command environment: Not usable outside of PowerShell
[0.501s] DEBUG:colcon.colcon_core.shell:Skip shell extension 'dsv' for command environment
[0.510s] DEBUG:colcon.colcon_core.event_handler.log_command:Invoking command in '/home/ubuntu/ros_ws/build/pwm_messages': CMAKE_PREFIX_PATH=${CMAKE_PREFIX_PATH}:/home/ubuntu/ros_ws/install/py_pubsub:/home/ubuntu/ros_ws/install/lios_agv:/opt/ros/humble VIRTUAL_ENV_PROMPT=(penv) /usr/bin/cmake --build /home/ubuntu/ros_ws/build/pwm_messages -- -j4 -l4
[0.811s] INFO:colcon.colcon_core.task.python.build:Building Python package in '/home/ubuntu/ros_ws/src/py_pubsub'
[0.811s] INFO:colcon.colcon_core.shell:Skip shell extension 'powershell' for command environment: Not usable outside of PowerShell
[0.811s] DEBUG:colcon.colcon_core.shell:Skip shell extension 'dsv' for command environment
[0.938s] DEBUG:colcon.colcon_core.event_handler.log_command:Invoked command in '/home/ubuntu/ros_ws/build/pwm_messages' returned '0': CMAKE_PREFIX_PATH=${CMAKE_PREFIX_PATH}:/home/ubuntu/ros_ws/install/py_pubsub:/home/ubuntu/ros_ws/install/lios_agv:/opt/ros/humble VIRTUAL_ENV_PROMPT=(penv) /usr/bin/cmake --build /home/ubuntu/ros_ws/build/pwm_messages -- -j4 -l4
[1.033s] DEBUG:colcon.colcon_core.event_handler.log_command:Invoking command in '/home/ubuntu/ros_ws/build/pwm_messages': CMAKE_PREFIX_PATH=${CMAKE_PREFIX_PATH}:/home/ubuntu/ros_ws/install/py_pubsub:/home/ubuntu/ros_ws/install/lios_agv:/opt/ros/humble VIRTUAL_ENV_PROMPT=(penv) /usr/bin/cmake --install /home/ubuntu/ros_ws/build/pwm_messages
[1.122s] Level 1:colcon.colcon_core.environment:create_environment_scripts_only(pwm_messages)
[1.122s] DEBUG:colcon.colcon_core.event_handler.log_command:Invoked command in '/home/ubuntu/ros_ws/build/pwm_messages' returned '0': CMAKE_PREFIX_PATH=${CMAKE_PREFIX_PATH}:/home/ubuntu/ros_ws/install/py_pubsub:/home/ubuntu/ros_ws/install/lios_agv:/opt/ros/humble VIRTUAL_ENV_PROMPT=(penv) /usr/bin/cmake --install /home/ubuntu/ros_ws/build/pwm_messages
[1.124s] Level 1:colcon.colcon_core.environment:checking '/home/ubuntu/ros_ws/install/pwm_messages' for CMake module files
[1.125s] Level 1:colcon.colcon_core.environment:checking '/home/ubuntu/ros_ws/install/pwm_messages' for CMake config files
[1.125s] Level 1:colcon.colcon_core.shell:create_environment_hook('pwm_messages', 'cmake_prefix_path')
[1.125s] INFO:colcon.colcon_core.shell:Creating environment hook '/home/ubuntu/ros_ws/install/pwm_messages/share/pwm_messages/hook/cmake_prefix_path.ps1'
[1.126s] INFO:colcon.colcon_core.shell:Creating environment descriptor '/home/ubuntu/ros_ws/install/pwm_messages/share/pwm_messages/hook/cmake_prefix_path.dsv'
[1.127s] INFO:colcon.colcon_core.shell:Creating environment hook '/home/ubuntu/ros_ws/install/pwm_messages/share/pwm_messages/hook/cmake_prefix_path.sh'
[1.127s] Level 1:colcon.colcon_core.environment:checking '/home/ubuntu/ros_ws/install/pwm_messages/lib'
[1.128s] Level 1:colcon.colcon_core.shell:create_environment_hook('pwm_messages', 'ld_library_path_lib')
[1.128s] INFO:colcon.colcon_core.shell:Creating environment hook '/home/ubuntu/ros_ws/install/pwm_messages/share/pwm_messages/hook/ld_library_path_lib.ps1'
[1.128s] INFO:colcon.colcon_core.shell:Creating environment descriptor '/home/ubuntu/ros_ws/install/pwm_messages/share/pwm_messages/hook/ld_library_path_lib.dsv'
[1.129s] INFO:colcon.colcon_core.shell:Creating environment hook '/home/ubuntu/ros_ws/install/pwm_messages/share/pwm_messages/hook/ld_library_path_lib.sh'
[1.129s] Level 1:colcon.colcon_core.environment:checking '/home/ubuntu/ros_ws/install/pwm_messages/bin'
[1.129s] Level 1:colcon.colcon_core.environment:checking '/home/ubuntu/ros_ws/install/pwm_messages/lib/pkgconfig/pwm_messages.pc'
[1.129s] Level 1:colcon.colcon_core.environment:checking '/home/ubuntu/ros_ws/install/pwm_messages/lib/python3.10/site-packages'
[1.129s] Level 1:colcon.colcon_core.shell:create_environment_hook('pwm_messages', 'pythonpath')
[1.129s] INFO:colcon.colcon_core.shell:Creating environment hook '/home/ubuntu/ros_ws/install/pwm_messages/share/pwm_messages/hook/pythonpath.ps1'
[1.130s] INFO:colcon.colcon_core.shell:Creating environment descriptor '/home/ubuntu/ros_ws/install/pwm_messages/share/pwm_messages/hook/pythonpath.dsv'
[1.130s] INFO:colcon.colcon_core.shell:Creating environment hook '/home/ubuntu/ros_ws/install/pwm_messages/share/pwm_messages/hook/pythonpath.sh'
[1.131s] Level 1:colcon.colcon_core.environment:checking '/home/ubuntu/ros_ws/install/pwm_messages/bin'
[1.131s] INFO:colcon.colcon_core.shell:Creating package script '/home/ubuntu/ros_ws/install/pwm_messages/share/pwm_messages/package.ps1'
[1.132s] INFO:colcon.colcon_core.shell:Creating package descriptor '/home/ubuntu/ros_ws/install/pwm_messages/share/pwm_messages/package.dsv'
[1.132s] INFO:colcon.colcon_core.shell:Creating package script '/home/ubuntu/ros_ws/install/pwm_messages/share/pwm_messages/package.sh'
[1.133s] INFO:colcon.colcon_core.shell:Creating package script '/home/ubuntu/ros_ws/install/pwm_messages/share/pwm_messages/package.bash'
[1.134s] INFO:colcon.colcon_core.shell:Creating package script '/home/ubuntu/ros_ws/install/pwm_messages/share/pwm_messages/package.zsh'
[1.134s] Level 1:colcon.colcon_core.environment:create_file_with_runtime_dependencies(/home/ubuntu/ros_ws/install/pwm_messages/share/colcon-core/packages/pwm_messages)
[1.138s] DEBUG:colcon.colcon_core.event_handler.log_command:Invoking command in '/home/ubuntu/ros_ws/src/lios_agv': PYTHONPATH=/home/ubuntu/ros_ws/build/lios_agv/prefix_override:/home/ubuntu/.platformio/penv/lib/python3.10/site-packages/colcon_core/task/python/colcon_distutils_commands:/home/ubuntu/ros_ws/install/lios_agv/lib/python3.10/site-packages:${PYTHONPATH} VIRTUAL_ENV_PROMPT=(penv) /home/ubuntu/.platformio/penv/bin/python -W ignore:setup.py install is deprecated setup.py egg_info --egg-base ../../build/lios_agv build --build-base /home/ubuntu/ros_ws/build/lios_agv/build install --record /home/ubuntu/ros_ws/build/lios_agv/install.log --single-version-externally-managed install_data
[1.144s] DEBUG:colcon.colcon_core.event_handler.log_command:Invoking command in '/home/ubuntu/ros_ws/src/py_pubsub': PYTHONPATH=/home/ubuntu/ros_ws/build/py_pubsub/prefix_override:/home/ubuntu/.platformio/penv/lib/python3.10/site-packages/colcon_core/task/python/colcon_distutils_commands:/home/ubuntu/ros_ws/install/py_pubsub/lib/python3.10/site-packages:${PYTHONPATH} VIRTUAL_ENV_PROMPT=(penv) /home/ubuntu/.platformio/penv/bin/python -W ignore:setup.py install is deprecated setup.py egg_info --egg-base ../../build/py_pubsub build --build-base /home/ubuntu/ros_ws/build/py_pubsub/build install --record /home/ubuntu/ros_ws/build/py_pubsub/install.log --single-version-externally-managed install_data
[1.215s] Level 1:colcon.colcon_core.environment:create_environment_scripts_only(pwm_messages)
[1.216s] Level 1:colcon.colcon_core.environment:checking '/home/ubuntu/ros_ws/install/pwm_messages' for CMake module files
[1.217s] Level 1:colcon.colcon_core.environment:checking '/home/ubuntu/ros_ws/install/pwm_messages' for CMake config files
[1.217s] Level 1:colcon.colcon_core.shell:create_environment_hook('pwm_messages', 'cmake_prefix_path')
[1.217s] INFO:colcon.colcon_core.shell:Creating environment hook '/home/ubuntu/ros_ws/install/pwm_messages/share/pwm_messages/hook/cmake_prefix_path.ps1'
[1.218s] INFO:colcon.colcon_core.shell:Creating environment descriptor '/home/ubuntu/ros_ws/install/pwm_messages/share/pwm_messages/hook/cmake_prefix_path.dsv'
[1.218s] INFO:colcon.colcon_core.shell:Creating environment hook '/home/ubuntu/ros_ws/install/pwm_messages/share/pwm_messages/hook/cmake_prefix_path.sh'
[1.219s] Level 1:colcon.colcon_core.environment:checking '/home/ubuntu/ros_ws/install/pwm_messages/lib'
[1.219s] Level 1:colcon.colcon_core.shell:create_environment_hook('pwm_messages', 'ld_library_path_lib')
[1.219s] INFO:colcon.colcon_core.shell:Creating environment hook '/home/ubuntu/ros_ws/install/pwm_messages/share/pwm_messages/hook/ld_library_path_lib.ps1'
[1.219s] INFO:colcon.colcon_core.shell:Creating environment descriptor '/home/ubuntu/ros_ws/install/pwm_messages/share/pwm_messages/hook/ld_library_path_lib.dsv'
[1.220s] INFO:colcon.colcon_core.shell:Creating environment hook '/home/ubuntu/ros_ws/install/pwm_messages/share/pwm_messages/hook/ld_library_path_lib.sh'
[1.221s] Level 1:colcon.colcon_core.environment:checking '/home/ubuntu/ros_ws/install/pwm_messages/bin'
[1.222s] Level 1:colcon.colcon_core.environment:checking '/home/ubuntu/ros_ws/install/pwm_messages/lib/pkgconfig/pwm_messages.pc'
[1.222s] Level 1:colcon.colcon_core.environment:checking '/home/ubuntu/ros_ws/install/pwm_messages/lib/python3.10/site-packages'
[1.222s] Level 1:colcon.colcon_core.shell:create_environment_hook('pwm_messages', 'pythonpath')
[1.222s] INFO:colcon.colcon_core.shell:Creating environment hook '/home/ubuntu/ros_ws/install/pwm_messages/share/pwm_messages/hook/pythonpath.ps1'
[1.223s] INFO:colcon.colcon_core.shell:Creating environment descriptor '/home/ubuntu/ros_ws/install/pwm_messages/share/pwm_messages/hook/pythonpath.dsv'
[1.224s] INFO:colcon.colcon_core.shell:Creating environment hook '/home/ubuntu/ros_ws/install/pwm_messages/share/pwm_messages/hook/pythonpath.sh'
[1.225s] Level 1:colcon.colcon_core.environment:checking '/home/ubuntu/ros_ws/install/pwm_messages/bin'
[1.225s] INFO:colcon.colcon_core.shell:Creating package script '/home/ubuntu/ros_ws/install/pwm_messages/share/pwm_messages/package.ps1'
[1.226s] INFO:colcon.colcon_core.shell:Creating package descriptor '/home/ubuntu/ros_ws/install/pwm_messages/share/pwm_messages/package.dsv'
[1.227s] INFO:colcon.colcon_core.shell:Creating package script '/home/ubuntu/ros_ws/install/pwm_messages/share/pwm_messages/package.sh'
[1.228s] INFO:colcon.colcon_core.shell:Creating package script '/home/ubuntu/ros_ws/install/pwm_messages/share/pwm_messages/package.bash'
[1.229s] INFO:colcon.colcon_core.shell:Creating package script '/home/ubuntu/ros_ws/install/pwm_messages/share/pwm_messages/package.zsh'
[1.230s] Level 1:colcon.colcon_core.environment:create_file_with_runtime_dependencies(/home/ubuntu/ros_ws/install/pwm_messages/share/colcon-core/packages/pwm_messages)
[1.448s] Level 1:colcon.colcon_core.environment:checking '/home/ubuntu/ros_ws/install/py_pubsub' for CMake module files
[1.449s] DEBUG:colcon.colcon_core.event_handler.log_command:Invoked command in '/home/ubuntu/ros_ws/src/py_pubsub' returned '0': PYTHONPATH=/home/ubuntu/ros_ws/build/py_pubsub/prefix_override:/home/ubuntu/.platformio/penv/lib/python3.10/site-packages/colcon_core/task/python/colcon_distutils_commands:/home/ubuntu/ros_ws/install/py_pubsub/lib/python3.10/site-packages:${PYTHONPATH} VIRTUAL_ENV_PROMPT=(penv) /home/ubuntu/.platformio/penv/bin/python -W ignore:setup.py install is deprecated setup.py egg_info --egg-base ../../build/py_pubsub build --build-base /home/ubuntu/ros_ws/build/py_pubsub/build install --record /home/ubuntu/ros_ws/build/py_pubsub/install.log --single-version-externally-managed install_data
[1.449s] Level 1:colcon.colcon_core.environment:checking '/home/ubuntu/ros_ws/install/py_pubsub' for CMake config files
[1.450s] Level 1:colcon.colcon_core.environment:checking '/home/ubuntu/ros_ws/install/py_pubsub/lib'
[1.450s] Level 1:colcon.colcon_core.environment:checking '/home/ubuntu/ros_ws/install/py_pubsub/bin'
[1.450s] Level 1:colcon.colcon_core.environment:checking '/home/ubuntu/ros_ws/install/py_pubsub/lib/pkgconfig/py_pubsub.pc'
[1.450s] Level 1:colcon.colcon_core.environment:checking '/home/ubuntu/ros_ws/install/py_pubsub/lib/python3.10/site-packages'
[1.450s] Level 1:colcon.colcon_core.shell:create_environment_hook('py_pubsub', 'pythonpath')
[1.450s] INFO:colcon.colcon_core.shell:Creating environment hook '/home/ubuntu/ros_ws/install/py_pubsub/share/py_pubsub/hook/pythonpath.ps1'
[1.451s] INFO:colcon.colcon_core.shell:Creating environment descriptor '/home/ubuntu/ros_ws/install/py_pubsub/share/py_pubsub/hook/pythonpath.dsv'
[1.451s] INFO:colcon.colcon_core.shell:Creating environment hook '/home/ubuntu/ros_ws/install/py_pubsub/share/py_pubsub/hook/pythonpath.sh'
[1.452s] Level 1:colcon.colcon_core.environment:checking '/home/ubuntu/ros_ws/install/py_pubsub/bin'
[1.452s] Level 1:colcon.colcon_core.environment:create_environment_scripts_only(py_pubsub)
[1.452s] INFO:colcon.colcon_core.shell:Creating package script '/home/ubuntu/ros_ws/install/py_pubsub/share/py_pubsub/package.ps1'
[1.452s] INFO:colcon.colcon_core.shell:Creating package descriptor '/home/ubuntu/ros_ws/install/py_pubsub/share/py_pubsub/package.dsv'
[1.453s] INFO:colcon.colcon_core.shell:Creating package script '/home/ubuntu/ros_ws/install/py_pubsub/share/py_pubsub/package.sh'
[1.453s] INFO:colcon.colcon_core.shell:Creating package script '/home/ubuntu/ros_ws/install/py_pubsub/share/py_pubsub/package.bash'
[1.453s] INFO:colcon.colcon_core.shell:Creating package script '/home/ubuntu/ros_ws/install/py_pubsub/share/py_pubsub/package.zsh'
[1.454s] Level 1:colcon.colcon_core.environment:create_file_with_runtime_dependencies(/home/ubuntu/ros_ws/install/py_pubsub/share/colcon-core/packages/py_pubsub)
[1.455s] Level 1:colcon.colcon_core.environment:checking '/home/ubuntu/ros_ws/install/lios_agv' for CMake module files
[1.456s] DEBUG:colcon.colcon_core.event_handler.log_command:Invoked command in '/home/ubuntu/ros_ws/src/lios_agv' returned '0': PYTHONPATH=/home/ubuntu/ros_ws/build/lios_agv/prefix_override:/home/ubuntu/.platformio/penv/lib/python3.10/site-packages/colcon_core/task/python/colcon_distutils_commands:/home/ubuntu/ros_ws/install/lios_agv/lib/python3.10/site-packages:${PYTHONPATH} VIRTUAL_ENV_PROMPT=(penv) /home/ubuntu/.platformio/penv/bin/python -W ignore:setup.py install is deprecated setup.py egg_info --egg-base ../../build/lios_agv build --build-base /home/ubuntu/ros_ws/build/lios_agv/build install --record /home/ubuntu/ros_ws/build/lios_agv/install.log --single-version-externally-managed install_data
[1.456s] Level 1:colcon.colcon_core.environment:checking '/home/ubuntu/ros_ws/install/lios_agv' for CMake config files
[1.457s] Level 1:colcon.colcon_core.environment:checking '/home/ubuntu/ros_ws/install/lios_agv/lib'
[1.457s] Level 1:colcon.colcon_core.environment:checking '/home/ubuntu/ros_ws/install/lios_agv/bin'
[1.457s] Level 1:colcon.colcon_core.environment:checking '/home/ubuntu/ros_ws/install/lios_agv/lib/pkgconfig/lios_agv.pc'
[1.457s] Level 1:colcon.colcon_core.environment:checking '/home/ubuntu/ros_ws/install/lios_agv/lib/python3.10/site-packages'
[1.457s] Level 1:colcon.colcon_core.shell:create_environment_hook('lios_agv', 'pythonpath')
[1.457s] INFO:colcon.colcon_core.shell:Creating environment hook '/home/ubuntu/ros_ws/install/lios_agv/share/lios_agv/hook/pythonpath.ps1'
[1.458s] INFO:colcon.colcon_core.shell:Creating environment descriptor '/home/ubuntu/ros_ws/install/lios_agv/share/lios_agv/hook/pythonpath.dsv'
[1.458s] INFO:colcon.colcon_core.shell:Creating environment hook '/home/ubuntu/ros_ws/install/lios_agv/share/lios_agv/hook/pythonpath.sh'
[1.459s] Level 1:colcon.colcon_core.environment:checking '/home/ubuntu/ros_ws/install/lios_agv/bin'
[1.459s] Level 1:colcon.colcon_core.environment:create_environment_scripts_only(lios_agv)
[1.459s] INFO:colcon.colcon_core.shell:Creating package script '/home/ubuntu/ros_ws/install/lios_agv/share/lios_agv/package.ps1'
[1.460s] INFO:colcon.colcon_core.shell:Creating package descriptor '/home/ubuntu/ros_ws/install/lios_agv/share/lios_agv/package.dsv'
[1.460s] INFO:colcon.colcon_core.shell:Creating package script '/home/ubuntu/ros_ws/install/lios_agv/share/lios_agv/package.sh'
[1.461s] INFO:colcon.colcon_core.shell:Creating package script '/home/ubuntu/ros_ws/install/lios_agv/share/lios_agv/package.bash'
[1.461s] INFO:colcon.colcon_core.shell:Creating package script '/home/ubuntu/ros_ws/install/lios_agv/share/lios_agv/package.zsh'
[1.461s] Level 1:colcon.colcon_core.environment:create_file_with_runtime_dependencies(/home/ubuntu/ros_ws/install/lios_agv/share/colcon-core/packages/lios_agv)
[1.462s] DEBUG:colcon.colcon_parallel_executor.executor.parallel:closing loop
[1.463s] DEBUG:colcon.colcon_parallel_executor.executor.parallel:loop closed
[1.463s] DEBUG:colcon.colcon_parallel_executor.executor.parallel:run_until_complete finished with '0'
[1.463s] DEBUG:colcon.colcon_core.event_reactor:joining thread
[1.466s] INFO:colcon.colcon_core.plugin_system:Skipping extension 'colcon_notification.desktop_notification.notify2': 'notify2' not found
[1.466s] INFO:colcon.colcon_core.plugin_system:Skipping extension 'colcon_notification.desktop_notification.notify_send': Could not find 'notify-send'
[1.466s] INFO:colcon.colcon_core.plugin_system:Skipping extension 'colcon_notification.desktop_notification.terminal_notifier': Not used on non-Darwin systems
[1.466s] INFO:colcon.colcon_core.plugin_system:Skipping extension 'colcon_notification.desktop_notification.win32': Not used on non-Windows systems
[1.467s] DEBUG:colcon.colcon_core.event_reactor:joined thread
[1.467s] INFO:colcon.colcon_core.shell:Creating prefix script '/home/ubuntu/ros_ws/install/local_setup.ps1'
[1.468s] INFO:colcon.colcon_core.shell:Creating prefix util module '/home/ubuntu/ros_ws/install/_local_setup_util_ps1.py'
[1.470s] INFO:colcon.colcon_core.shell:Creating prefix chain script '/home/ubuntu/ros_ws/install/setup.ps1'
[1.471s] INFO:colcon.colcon_core.shell:Creating prefix script '/home/ubuntu/ros_ws/install/local_setup.sh'
[1.472s] INFO:colcon.colcon_core.shell:Creating prefix util module '/home/ubuntu/ros_ws/install/_local_setup_util_sh.py'
[1.473s] INFO:colcon.colcon_core.shell:Creating prefix chain script '/home/ubuntu/ros_ws/install/setup.sh'
[1.475s] INFO:colcon.colcon_core.shell:Creating prefix script '/home/ubuntu/ros_ws/install/local_setup.bash'
[1.476s] INFO:colcon.colcon_core.shell:Creating prefix chain script '/home/ubuntu/ros_ws/install/setup.bash'
[1.477s] INFO:colcon.colcon_core.shell:Creating prefix script '/home/ubuntu/ros_ws/install/local_setup.zsh'
[1.478s] INFO:colcon.colcon_core.shell:Creating prefix chain script '/home/ubuntu/ros_ws/install/setup.zsh'
