[0.177s] Invoking command in '/home/ubuntu/ros_ws/build/pwm_messages': CMAKE_PREFIX_PATH=${CMAKE_PREFIX_PATH}:/home/ubuntu/ros_ws/install/lios_agv:/home/ubuntu/ros_ws/install/py_pubsub:/opt/ros/humble /usr/bin/cmake --build /home/ubuntu/ros_ws/build/pwm_messages -- -j4 -l4
[0.217s] [  9%] Built target pwm_messages__rosidl_generator_c
[0.219s] [ 12%] Built target pwm_messages__cpp
[0.233s] [ 12%] Built target ament_cmake_python_copy_pwm_messages
[0.241s] [ 22%] Built target pwm_messages__rosidl_typesupport_fastrtps_c
[0.243s] [ 32%] Built target pwm_messages__rosidl_typesupport_introspection_c
[0.250s] [ 41%] Built target pwm_messages__rosidl_typesupport_c
[0.256s] [ 51%] Built target pwm_messages__rosidl_typesupport_fastrtps_cpp
[0.265s] [ 64%] Built target pwm_messages__rosidl_typesupport_cpp
[0.266s] [ 70%] Built target pwm_messages__rosidl_typesupport_introspection_cpp
[0.283s] [ 70%] Built target pwm_messages
[0.302s] [ 74%] Built target pwm_messages__py
[0.323s] [ 80%] Built target pwm_messages__rosidl_generator_py
[0.344s] [ 87%] Built target pwm_messages__rosidl_typesupport_fastrtps_c__pyext
[0.347s] [ 93%] Built target pwm_messages__rosidl_typesupport_introspection_c__pyext
[0.356s] [100%] Built target pwm_messages__rosidl_typesupport_c__pyext
[0.409s] running egg_info
[0.410s] writing pwm_messages.egg-info/PKG-INFO
[0.410s] writing dependency_links to pwm_messages.egg-info/dependency_links.txt
[0.410s] writing top-level names to pwm_messages.egg-info/top_level.txt
[0.413s] reading manifest file 'pwm_messages.egg-info/SOURCES.txt'
[0.413s] writing manifest file 'pwm_messages.egg-info/SOURCES.txt'
[0.443s] [100%] Built target ament_cmake_python_build_pwm_messages_egg
[0.455s] Invoked command in '/home/ubuntu/ros_ws/build/pwm_messages' returned '0': CMAKE_PREFIX_PATH=${CMAKE_PREFIX_PATH}:/home/ubuntu/ros_ws/install/lios_agv:/home/ubuntu/ros_ws/install/py_pubsub:/opt/ros/humble /usr/bin/cmake --build /home/ubuntu/ros_ws/build/pwm_messages -- -j4 -l4
[0.519s] Invoking command in '/home/ubuntu/ros_ws/build/pwm_messages': CMAKE_PREFIX_PATH=${CMAKE_PREFIX_PATH}:/home/ubuntu/ros_ws/install/lios_agv:/home/ubuntu/ros_ws/install/py_pubsub:/opt/ros/humble /usr/bin/cmake --install /home/ubuntu/ros_ws/build/pwm_messages
[0.527s] -- Install configuration: ""
[0.527s] -- Up-to-date: /home/ubuntu/ros_ws/install/pwm_messages/share/ament_index/resource_index/rosidl_interfaces/pwm_messages
[0.527s] -- Up-to-date: /home/ubuntu/ros_ws/install/pwm_messages/include/pwm_messages/pwm_messages
[0.528s] -- Up-to-date: /home/ubuntu/ros_ws/install/pwm_messages/include/pwm_messages/pwm_messages/msg
[0.528s] -- Up-to-date: /home/ubuntu/ros_ws/install/pwm_messages/include/pwm_messages/pwm_messages/msg/detail
[0.528s] -- Up-to-date: /home/ubuntu/ros_ws/install/pwm_messages/include/pwm_messages/pwm_messages/msg/detail/pwm__type_support.h
[0.528s] -- Up-to-date: /home/ubuntu/ros_ws/install/pwm_messages/include/pwm_messages/pwm_messages/msg/detail/pwm__functions.h
[0.528s] -- Up-to-date: /home/ubuntu/ros_ws/install/pwm_messages/include/pwm_messages/pwm_messages/msg/detail/pwm__struct.h
[0.528s] -- Up-to-date: /home/ubuntu/ros_ws/install/pwm_messages/include/pwm_messages/pwm_messages/msg/detail/pwm__functions.c
[0.528s] -- Up-to-date: /home/ubuntu/ros_ws/install/pwm_messages/include/pwm_messages/pwm_messages/msg/rosidl_generator_c__visibility_control.h
[0.528s] -- Up-to-date: /home/ubuntu/ros_ws/install/pwm_messages/include/pwm_messages/pwm_messages/msg/pwm.h
[0.528s] -- Up-to-date: /home/ubuntu/ros_ws/install/pwm_messages/share/pwm_messages/environment/library_path.sh
[0.528s] -- Up-to-date: /home/ubuntu/ros_ws/install/pwm_messages/share/pwm_messages/environment/library_path.dsv
[0.528s] -- Up-to-date: /home/ubuntu/ros_ws/install/pwm_messages/lib/libpwm_messages__rosidl_generator_c.so
[0.528s] -- Up-to-date: /home/ubuntu/ros_ws/install/pwm_messages/include/pwm_messages/pwm_messages
[0.528s] -- Up-to-date: /home/ubuntu/ros_ws/install/pwm_messages/include/pwm_messages/pwm_messages/msg
[0.528s] -- Up-to-date: /home/ubuntu/ros_ws/install/pwm_messages/include/pwm_messages/pwm_messages/msg/detail
[0.528s] -- Up-to-date: /home/ubuntu/ros_ws/install/pwm_messages/include/pwm_messages/pwm_messages/msg/detail/pwm__rosidl_typesupport_fastrtps_c.h
[0.529s] -- Up-to-date: /home/ubuntu/ros_ws/install/pwm_messages/include/pwm_messages/pwm_messages/msg/rosidl_typesupport_fastrtps_c__visibility_control.h
[0.529s] -- Up-to-date: /home/ubuntu/ros_ws/install/pwm_messages/lib/libpwm_messages__rosidl_typesupport_fastrtps_c.so
[0.529s] -- Up-to-date: /home/ubuntu/ros_ws/install/pwm_messages/include/pwm_messages/pwm_messages
[0.529s] -- Up-to-date: /home/ubuntu/ros_ws/install/pwm_messages/include/pwm_messages/pwm_messages/msg
[0.529s] -- Up-to-date: /home/ubuntu/ros_ws/install/pwm_messages/include/pwm_messages/pwm_messages/msg/detail
[0.529s] -- Up-to-date: /home/ubuntu/ros_ws/install/pwm_messages/include/pwm_messages/pwm_messages/msg/detail/pwm__type_support.c
[0.529s] -- Up-to-date: /home/ubuntu/ros_ws/install/pwm_messages/include/pwm_messages/pwm_messages/msg/detail/pwm__rosidl_typesupport_introspection_c.h
[0.529s] -- Up-to-date: /home/ubuntu/ros_ws/install/pwm_messages/include/pwm_messages/pwm_messages/msg/rosidl_typesupport_introspection_c__visibility_control.h
[0.529s] -- Up-to-date: /home/ubuntu/ros_ws/install/pwm_messages/lib/libpwm_messages__rosidl_typesupport_introspection_c.so
[0.529s] -- Up-to-date: /home/ubuntu/ros_ws/install/pwm_messages/lib/libpwm_messages__rosidl_typesupport_c.so
[0.529s] -- Up-to-date: /home/ubuntu/ros_ws/install/pwm_messages/include/pwm_messages/pwm_messages
[0.529s] -- Up-to-date: /home/ubuntu/ros_ws/install/pwm_messages/include/pwm_messages/pwm_messages/msg
[0.529s] -- Up-to-date: /home/ubuntu/ros_ws/install/pwm_messages/include/pwm_messages/pwm_messages/msg/detail
[0.529s] -- Up-to-date: /home/ubuntu/ros_ws/install/pwm_messages/include/pwm_messages/pwm_messages/msg/detail/pwm__builder.hpp
[0.530s] -- Up-to-date: /home/ubuntu/ros_ws/install/pwm_messages/include/pwm_messages/pwm_messages/msg/detail/pwm__struct.hpp
[0.530s] -- Up-to-date: /home/ubuntu/ros_ws/install/pwm_messages/include/pwm_messages/pwm_messages/msg/detail/pwm__traits.hpp
[0.530s] -- Up-to-date: /home/ubuntu/ros_ws/install/pwm_messages/include/pwm_messages/pwm_messages/msg/pwm.hpp
[0.530s] -- Up-to-date: /home/ubuntu/ros_ws/install/pwm_messages/include/pwm_messages/pwm_messages
[0.530s] -- Up-to-date: /home/ubuntu/ros_ws/install/pwm_messages/include/pwm_messages/pwm_messages/msg
[0.530s] -- Up-to-date: /home/ubuntu/ros_ws/install/pwm_messages/include/pwm_messages/pwm_messages/msg/detail
[0.530s] -- Up-to-date: /home/ubuntu/ros_ws/install/pwm_messages/include/pwm_messages/pwm_messages/msg/detail/pwm__rosidl_typesupport_fastrtps_cpp.hpp
[0.530s] -- Up-to-date: /home/ubuntu/ros_ws/install/pwm_messages/include/pwm_messages/pwm_messages/msg/detail/dds_fastrtps
[0.530s] -- Up-to-date: /home/ubuntu/ros_ws/install/pwm_messages/include/pwm_messages/pwm_messages/msg/rosidl_typesupport_fastrtps_cpp__visibility_control.h
[0.530s] -- Up-to-date: /home/ubuntu/ros_ws/install/pwm_messages/lib/libpwm_messages__rosidl_typesupport_fastrtps_cpp.so
[0.530s] -- Up-to-date: /home/ubuntu/ros_ws/install/pwm_messages/include/pwm_messages/pwm_messages
[0.530s] -- Up-to-date: /home/ubuntu/ros_ws/install/pwm_messages/include/pwm_messages/pwm_messages/msg
[0.530s] -- Up-to-date: /home/ubuntu/ros_ws/install/pwm_messages/include/pwm_messages/pwm_messages/msg/detail
[0.530s] -- Up-to-date: /home/ubuntu/ros_ws/install/pwm_messages/include/pwm_messages/pwm_messages/msg/detail/pwm__rosidl_typesupport_introspection_cpp.hpp
[0.530s] -- Up-to-date: /home/ubuntu/ros_ws/install/pwm_messages/include/pwm_messages/pwm_messages/msg/detail/pwm__type_support.cpp
[0.530s] -- Up-to-date: /home/ubuntu/ros_ws/install/pwm_messages/lib/libpwm_messages__rosidl_typesupport_introspection_cpp.so
[0.531s] -- Up-to-date: /home/ubuntu/ros_ws/install/pwm_messages/lib/libpwm_messages__rosidl_typesupport_cpp.so
[0.531s] -- Up-to-date: /home/ubuntu/ros_ws/install/pwm_messages/share/pwm_messages/environment/pythonpath.sh
[0.531s] -- Up-to-date: /home/ubuntu/ros_ws/install/pwm_messages/share/pwm_messages/environment/pythonpath.dsv
[0.531s] -- Up-to-date: /home/ubuntu/ros_ws/install/pwm_messages/lib/python3.10/site-packages/pwm_messages-0.0.0-py3.10.egg-info
[0.531s] -- Installing: /home/ubuntu/ros_ws/install/pwm_messages/lib/python3.10/site-packages/pwm_messages-0.0.0-py3.10.egg-info/SOURCES.txt
[0.531s] -- Installing: /home/ubuntu/ros_ws/install/pwm_messages/lib/python3.10/site-packages/pwm_messages-0.0.0-py3.10.egg-info/PKG-INFO
[0.531s] -- Installing: /home/ubuntu/ros_ws/install/pwm_messages/lib/python3.10/site-packages/pwm_messages-0.0.0-py3.10.egg-info/top_level.txt
[0.531s] -- Installing: /home/ubuntu/ros_ws/install/pwm_messages/lib/python3.10/site-packages/pwm_messages-0.0.0-py3.10.egg-info/dependency_links.txt
[0.531s] -- Up-to-date: /home/ubuntu/ros_ws/install/pwm_messages/lib/python3.10/site-packages/pwm_messages
[0.531s] -- Up-to-date: /home/ubuntu/ros_ws/install/pwm_messages/lib/python3.10/site-packages/pwm_messages/_pwm_messages_s.ep.rosidl_typesupport_c.c
[0.531s] -- Up-to-date: /home/ubuntu/ros_ws/install/pwm_messages/lib/python3.10/site-packages/pwm_messages/pwm_messages_s__rosidl_typesupport_introspection_c.cpython-310-x86_64-linux-gnu.so
[0.531s] -- Up-to-date: /home/ubuntu/ros_ws/install/pwm_messages/lib/python3.10/site-packages/pwm_messages/__init__.py
[0.532s] -- Up-to-date: /home/ubuntu/ros_ws/install/pwm_messages/lib/python3.10/site-packages/pwm_messages/libpwm_messages__rosidl_generator_py.so
[0.532s] -- Up-to-date: /home/ubuntu/ros_ws/install/pwm_messages/lib/python3.10/site-packages/pwm_messages/pwm_messages_s__rosidl_typesupport_c.cpython-310-x86_64-linux-gnu.so
[0.532s] -- Up-to-date: /home/ubuntu/ros_ws/install/pwm_messages/lib/python3.10/site-packages/pwm_messages/msg
[0.532s] -- Up-to-date: /home/ubuntu/ros_ws/install/pwm_messages/lib/python3.10/site-packages/pwm_messages/msg/_pwm_s.c
[0.532s] -- Up-to-date: /home/ubuntu/ros_ws/install/pwm_messages/lib/python3.10/site-packages/pwm_messages/msg/__init__.py
[0.532s] -- Up-to-date: /home/ubuntu/ros_ws/install/pwm_messages/lib/python3.10/site-packages/pwm_messages/msg/_pwm.py
[0.532s] -- Up-to-date: /home/ubuntu/ros_ws/install/pwm_messages/lib/python3.10/site-packages/pwm_messages/_pwm_messages_s.ep.rosidl_typesupport_fastrtps_c.c
[0.532s] -- Up-to-date: /home/ubuntu/ros_ws/install/pwm_messages/lib/python3.10/site-packages/pwm_messages/_pwm_messages_s.ep.rosidl_typesupport_introspection_c.c
[0.532s] -- Up-to-date: /home/ubuntu/ros_ws/install/pwm_messages/lib/python3.10/site-packages/pwm_messages/pwm_messages_s__rosidl_typesupport_fastrtps_c.cpython-310-x86_64-linux-gnu.so
[0.557s] Listing '/home/ubuntu/ros_ws/install/pwm_messages/lib/python3.10/site-packages/pwm_messages'...
[0.557s] Listing '/home/ubuntu/ros_ws/install/pwm_messages/lib/python3.10/site-packages/pwm_messages/msg'...
[0.563s] -- Up-to-date: /home/ubuntu/ros_ws/install/pwm_messages/lib/python3.10/site-packages/pwm_messages/pwm_messages_s__rosidl_typesupport_fastrtps_c.cpython-310-x86_64-linux-gnu.so
[0.563s] -- Up-to-date: /home/ubuntu/ros_ws/install/pwm_messages/lib/python3.10/site-packages/pwm_messages/pwm_messages_s__rosidl_typesupport_introspection_c.cpython-310-x86_64-linux-gnu.so
[0.563s] -- Up-to-date: /home/ubuntu/ros_ws/install/pwm_messages/lib/python3.10/site-packages/pwm_messages/pwm_messages_s__rosidl_typesupport_c.cpython-310-x86_64-linux-gnu.so
[0.564s] -- Up-to-date: /home/ubuntu/ros_ws/install/pwm_messages/lib/libpwm_messages__rosidl_generator_py.so
[0.564s] -- Up-to-date: /home/ubuntu/ros_ws/install/pwm_messages/share/pwm_messages/msg/Pwm.idl
[0.564s] -- Up-to-date: /home/ubuntu/ros_ws/install/pwm_messages/share/pwm_messages/msg/Pwm.msg
[0.564s] -- Up-to-date: /home/ubuntu/ros_ws/install/pwm_messages/share/ament_index/resource_index/package_run_dependencies/pwm_messages
[0.564s] -- Up-to-date: /home/ubuntu/ros_ws/install/pwm_messages/share/ament_index/resource_index/parent_prefix_path/pwm_messages
[0.564s] -- Up-to-date: /home/ubuntu/ros_ws/install/pwm_messages/share/pwm_messages/environment/ament_prefix_path.sh
[0.564s] -- Up-to-date: /home/ubuntu/ros_ws/install/pwm_messages/share/pwm_messages/environment/ament_prefix_path.dsv
[0.564s] -- Up-to-date: /home/ubuntu/ros_ws/install/pwm_messages/share/pwm_messages/environment/path.sh
[0.564s] -- Up-to-date: /home/ubuntu/ros_ws/install/pwm_messages/share/pwm_messages/environment/path.dsv
[0.564s] -- Up-to-date: /home/ubuntu/ros_ws/install/pwm_messages/share/pwm_messages/local_setup.bash
[0.564s] -- Up-to-date: /home/ubuntu/ros_ws/install/pwm_messages/share/pwm_messages/local_setup.sh
[0.565s] -- Up-to-date: /home/ubuntu/ros_ws/install/pwm_messages/share/pwm_messages/local_setup.zsh
[0.565s] -- Up-to-date: /home/ubuntu/ros_ws/install/pwm_messages/share/pwm_messages/local_setup.dsv
[0.565s] -- Installing: /home/ubuntu/ros_ws/install/pwm_messages/share/pwm_messages/package.dsv
[0.565s] -- Up-to-date: /home/ubuntu/ros_ws/install/pwm_messages/share/ament_index/resource_index/packages/pwm_messages
[0.565s] -- Up-to-date: /home/ubuntu/ros_ws/install/pwm_messages/share/pwm_messages/cmake/export_pwm_messages__rosidl_generator_cExport.cmake
[0.565s] -- Up-to-date: /home/ubuntu/ros_ws/install/pwm_messages/share/pwm_messages/cmake/export_pwm_messages__rosidl_generator_cExport-noconfig.cmake
[0.565s] -- Up-to-date: /home/ubuntu/ros_ws/install/pwm_messages/share/pwm_messages/cmake/export_pwm_messages__rosidl_typesupport_fastrtps_cExport.cmake
[0.565s] -- Up-to-date: /home/ubuntu/ros_ws/install/pwm_messages/share/pwm_messages/cmake/export_pwm_messages__rosidl_typesupport_fastrtps_cExport-noconfig.cmake
[0.565s] -- Up-to-date: /home/ubuntu/ros_ws/install/pwm_messages/share/pwm_messages/cmake/pwm_messages__rosidl_typesupport_introspection_cExport.cmake
[0.565s] -- Up-to-date: /home/ubuntu/ros_ws/install/pwm_messages/share/pwm_messages/cmake/pwm_messages__rosidl_typesupport_introspection_cExport-noconfig.cmake
[0.565s] -- Up-to-date: /home/ubuntu/ros_ws/install/pwm_messages/share/pwm_messages/cmake/pwm_messages__rosidl_typesupport_cExport.cmake
[0.565s] -- Up-to-date: /home/ubuntu/ros_ws/install/pwm_messages/share/pwm_messages/cmake/pwm_messages__rosidl_typesupport_cExport-noconfig.cmake
[0.565s] -- Up-to-date: /home/ubuntu/ros_ws/install/pwm_messages/share/pwm_messages/cmake/export_pwm_messages__rosidl_generator_cppExport.cmake
[0.565s] -- Up-to-date: /home/ubuntu/ros_ws/install/pwm_messages/share/pwm_messages/cmake/export_pwm_messages__rosidl_typesupport_fastrtps_cppExport.cmake
[0.565s] -- Up-to-date: /home/ubuntu/ros_ws/install/pwm_messages/share/pwm_messages/cmake/export_pwm_messages__rosidl_typesupport_fastrtps_cppExport-noconfig.cmake
[0.566s] -- Up-to-date: /home/ubuntu/ros_ws/install/pwm_messages/share/pwm_messages/cmake/pwm_messages__rosidl_typesupport_introspection_cppExport.cmake
[0.566s] -- Up-to-date: /home/ubuntu/ros_ws/install/pwm_messages/share/pwm_messages/cmake/pwm_messages__rosidl_typesupport_introspection_cppExport-noconfig.cmake
[0.566s] -- Up-to-date: /home/ubuntu/ros_ws/install/pwm_messages/share/pwm_messages/cmake/pwm_messages__rosidl_typesupport_cppExport.cmake
[0.566s] -- Up-to-date: /home/ubuntu/ros_ws/install/pwm_messages/share/pwm_messages/cmake/pwm_messages__rosidl_typesupport_cppExport-noconfig.cmake
[0.566s] -- Up-to-date: /home/ubuntu/ros_ws/install/pwm_messages/share/pwm_messages/cmake/export_pwm_messages__rosidl_generator_pyExport.cmake
[0.566s] -- Up-to-date: /home/ubuntu/ros_ws/install/pwm_messages/share/pwm_messages/cmake/export_pwm_messages__rosidl_generator_pyExport-noconfig.cmake
[0.566s] -- Up-to-date: /home/ubuntu/ros_ws/install/pwm_messages/share/pwm_messages/cmake/rosidl_cmake-extras.cmake
[0.566s] -- Up-to-date: /home/ubuntu/ros_ws/install/pwm_messages/share/pwm_messages/cmake/ament_cmake_export_include_directories-extras.cmake
[0.566s] -- Up-to-date: /home/ubuntu/ros_ws/install/pwm_messages/share/pwm_messages/cmake/ament_cmake_export_libraries-extras.cmake
[0.566s] -- Up-to-date: /home/ubuntu/ros_ws/install/pwm_messages/share/pwm_messages/cmake/ament_cmake_export_targets-extras.cmake
[0.566s] -- Up-to-date: /home/ubuntu/ros_ws/install/pwm_messages/share/pwm_messages/cmake/rosidl_cmake_export_typesupport_targets-extras.cmake
[0.566s] -- Up-to-date: /home/ubuntu/ros_ws/install/pwm_messages/share/pwm_messages/cmake/ament_cmake_export_dependencies-extras.cmake
[0.566s] -- Up-to-date: /home/ubuntu/ros_ws/install/pwm_messages/share/pwm_messages/cmake/rosidl_cmake_export_typesupport_libraries-extras.cmake
[0.566s] -- Up-to-date: /home/ubuntu/ros_ws/install/pwm_messages/share/pwm_messages/cmake/pwm_messagesConfig.cmake
[0.566s] -- Up-to-date: /home/ubuntu/ros_ws/install/pwm_messages/share/pwm_messages/cmake/pwm_messagesConfig-version.cmake
[0.566s] -- Up-to-date: /home/ubuntu/ros_ws/install/pwm_messages/share/pwm_messages/package.xml
[0.572s] Invoked command in '/home/ubuntu/ros_ws/build/pwm_messages' returned '0': CMAKE_PREFIX_PATH=${CMAKE_PREFIX_PATH}:/home/ubuntu/ros_ws/install/lios_agv:/home/ubuntu/ros_ws/install/py_pubsub:/opt/ros/humble /usr/bin/cmake --install /home/ubuntu/ros_ws/build/pwm_messages
