[0.607s] Invoking command in '/home/ubuntu/ros_ws/src/py_pubsub': PYTHONPATH=/home/ubuntu/ros_ws/build/py_pubsub/prefix_override:/home/ubuntu/.platformio/penv/lib/python3.10/site-packages/colcon_core/task/python/colcon_distutils_commands:/home/ubuntu/ros_ws/install/py_pubsub/lib/python3.10/site-packages:${PYTHONPATH} /home/ubuntu/.platformio/penv/bin/python -W ignore:setup.py install is deprecated setup.py egg_info --egg-base ../../build/py_pubsub build --build-base /home/ubuntu/ros_ws/build/py_pubsub/build install --record /home/ubuntu/ros_ws/build/py_pubsub/install.log --single-version-externally-managed install_data
[0.789s] running egg_info
[0.790s] writing ../../build/py_pubsub/py_pubsub.egg-info/PKG-INFO
[0.790s] writing dependency_links to ../../build/py_pubsub/py_pubsub.egg-info/dependency_links.txt
[0.790s] writing entry points to ../../build/py_pubsub/py_pubsub.egg-info/entry_points.txt
[0.790s] writing requirements to ../../build/py_pubsub/py_pubsub.egg-info/requires.txt
[0.790s] writing top-level names to ../../build/py_pubsub/py_pubsub.egg-info/top_level.txt
[0.791s] reading manifest file '../../build/py_pubsub/py_pubsub.egg-info/SOURCES.txt'
[0.791s] adding license file 'LICENSE'
[0.791s] writing manifest file '../../build/py_pubsub/py_pubsub.egg-info/SOURCES.txt'
[0.791s] running build
[0.792s] running build_py
[0.792s] running install
[0.792s] running install_lib
[0.793s] running install_data
[0.793s] running install_egg_info
[0.794s] removing '/home/ubuntu/ros_ws/install/py_pubsub/lib/python3.10/site-packages/py_pubsub-0.0.0-py3.10.egg-info' (and everything under it)
[0.794s] Copying ../../build/py_pubsub/py_pubsub.egg-info to /home/ubuntu/ros_ws/install/py_pubsub/lib/python3.10/site-packages/py_pubsub-0.0.0-py3.10.egg-info
[0.795s] running install_scripts
[0.810s] Installing talker script to /home/ubuntu/ros_ws/install/py_pubsub/lib/py_pubsub
[0.810s] Installing talkerint script to /home/ubuntu/ros_ws/install/py_pubsub/lib/py_pubsub
[0.810s] writing list of installed files to '/home/ubuntu/ros_ws/build/py_pubsub/install.log'
[0.843s] Invoked command in '/home/ubuntu/ros_ws/src/py_pubsub' returned '0': PYTHONPATH=/home/ubuntu/ros_ws/build/py_pubsub/prefix_override:/home/ubuntu/.platformio/penv/lib/python3.10/site-packages/colcon_core/task/python/colcon_distutils_commands:/home/ubuntu/ros_ws/install/py_pubsub/lib/python3.10/site-packages:${PYTHONPATH} /home/ubuntu/.platformio/penv/bin/python -W ignore:setup.py install is deprecated setup.py egg_info --egg-base ../../build/py_pubsub build --build-base /home/ubuntu/ros_ws/build/py_pubsub/build install --record /home/ubuntu/ros_ws/build/py_pubsub/install.log --single-version-externally-managed install_data
