running egg_info
creating ../../build/lios_agv/lios_agv.egg-info
writing ../../build/lios_agv/lios_agv.egg-info/PKG-INFO
writing dependency_links to ../../build/lios_agv/lios_agv.egg-info/dependency_links.txt
writing entry points to ../../build/lios_agv/lios_agv.egg-info/entry_points.txt
writing requirements to ../../build/lios_agv/lios_agv.egg-info/requires.txt
writing top-level names to ../../build/lios_agv/lios_agv.egg-info/top_level.txt
writing manifest file '../../build/lios_agv/lios_agv.egg-info/SOURCES.txt'
reading manifest file '../../build/lios_agv/lios_agv.egg-info/SOURCES.txt'
adding license file 'LICENSE'
writing manifest file '../../build/lios_agv/lios_agv.egg-info/SOURCES.txt'
running build
running build_py
creating /home/ubuntu/ros_ws/build/lios_agv/build
creating /home/ubuntu/ros_ws/build/lios_agv/build/lib
creating /home/ubuntu/ros_ws/build/lios_agv/build/lib/lios_agv
copying lios_agv/__init__.py -> /home/ubuntu/ros_ws/build/lios_agv/build/lib/lios_agv
copying lios_agv/main.py -> /home/ubuntu/ros_ws/build/lios_agv/build/lib/lios_agv
running install
running install_lib
creating /home/ubuntu/ros_ws/install/lios_agv/lib/python3.10/site-packages/lios_agv
copying /home/ubuntu/ros_ws/build/lios_agv/build/lib/lios_agv/__init__.py -> /home/ubuntu/ros_ws/install/lios_agv/lib/python3.10/site-packages/lios_agv
copying /home/ubuntu/ros_ws/build/lios_agv/build/lib/lios_agv/main.py -> /home/ubuntu/ros_ws/install/lios_agv/lib/python3.10/site-packages/lios_agv
byte-compiling /home/ubuntu/ros_ws/install/lios_agv/lib/python3.10/site-packages/lios_agv/__init__.py to __init__.cpython-310.pyc
byte-compiling /home/ubuntu/ros_ws/install/lios_agv/lib/python3.10/site-packages/lios_agv/main.py to main.cpython-310.pyc
running install_data
creating /home/ubuntu/ros_ws/install/lios_agv/share/ament_index
creating /home/ubuntu/ros_ws/install/lios_agv/share/ament_index/resource_index
creating /home/ubuntu/ros_ws/install/lios_agv/share/ament_index/resource_index/packages
copying resource/lios_agv -> /home/ubuntu/ros_ws/install/lios_agv/share/ament_index/resource_index/packages
copying package.xml -> /home/ubuntu/ros_ws/install/lios_agv/share/lios_agv
running install_egg_info
Copying ../../build/lios_agv/lios_agv.egg-info to /home/ubuntu/ros_ws/install/lios_agv/lib/python3.10/site-packages/lios_agv-0.0.0-py3.10.egg-info
running install_scripts
Installing joystick script to /home/ubuntu/ros_ws/install/lios_agv/lib/lios_agv
writing list of installed files to '/home/ubuntu/ros_ws/build/lios_agv/install.log'
