[0.590s] Invoking command in '/home/ubuntu/ros_ws/src/lios_agv': PYTHONPATH=/home/ubuntu/ros_ws/build/lios_agv/prefix_override:/home/ubuntu/.platformio/penv/lib/python3.10/site-packages/colcon_core/task/python/colcon_distutils_commands:/home/ubuntu/ros_ws/install/lios_agv/lib/python3.10/site-packages:${PYTHONPATH} /home/ubuntu/.platformio/penv/bin/python -W ignore:setup.py install is deprecated setup.py egg_info --egg-base ../../build/lios_agv build --build-base /home/ubuntu/ros_ws/build/lios_agv/build install --record /home/ubuntu/ros_ws/build/lios_agv/install.log --single-version-externally-managed install_data
[0.741s] running egg_info
[0.741s] creating ../../build/lios_agv/lios_agv.egg-info
[0.742s] writing ../../build/lios_agv/lios_agv.egg-info/PKG-INFO
[0.742s] writing dependency_links to ../../build/lios_agv/lios_agv.egg-info/dependency_links.txt
[0.742s] writing entry points to ../../build/lios_agv/lios_agv.egg-info/entry_points.txt
[0.742s] writing requirements to ../../build/lios_agv/lios_agv.egg-info/requires.txt
[0.742s] writing top-level names to ../../build/lios_agv/lios_agv.egg-info/top_level.txt
[0.742s] writing manifest file '../../build/lios_agv/lios_agv.egg-info/SOURCES.txt'
[0.743s] reading manifest file '../../build/lios_agv/lios_agv.egg-info/SOURCES.txt'
[0.743s] adding license file 'LICENSE'
[0.744s] writing manifest file '../../build/lios_agv/lios_agv.egg-info/SOURCES.txt'
[0.744s] running build
[0.744s] running build_py
[0.744s] creating /home/ubuntu/ros_ws/build/lios_agv/build
[0.744s] creating /home/ubuntu/ros_ws/build/lios_agv/build/lib
[0.745s] creating /home/ubuntu/ros_ws/build/lios_agv/build/lib/lios_agv
[0.745s] copying lios_agv/__init__.py -> /home/ubuntu/ros_ws/build/lios_agv/build/lib/lios_agv
[0.745s] copying lios_agv/main.py -> /home/ubuntu/ros_ws/build/lios_agv/build/lib/lios_agv
[0.745s] running install
[0.745s] running install_lib
[0.745s] creating /home/ubuntu/ros_ws/install/lios_agv/lib/python3.10/site-packages/lios_agv
[0.745s] copying /home/ubuntu/ros_ws/build/lios_agv/build/lib/lios_agv/__init__.py -> /home/ubuntu/ros_ws/install/lios_agv/lib/python3.10/site-packages/lios_agv
[0.745s] copying /home/ubuntu/ros_ws/build/lios_agv/build/lib/lios_agv/main.py -> /home/ubuntu/ros_ws/install/lios_agv/lib/python3.10/site-packages/lios_agv
[0.746s] byte-compiling /home/ubuntu/ros_ws/install/lios_agv/lib/python3.10/site-packages/lios_agv/__init__.py to __init__.cpython-310.pyc
[0.746s] byte-compiling /home/ubuntu/ros_ws/install/lios_agv/lib/python3.10/site-packages/lios_agv/main.py to main.cpython-310.pyc
[0.746s] running install_data
[0.747s] creating /home/ubuntu/ros_ws/install/lios_agv/share/ament_index
[0.747s] creating /home/ubuntu/ros_ws/install/lios_agv/share/ament_index/resource_index
[0.747s] creating /home/ubuntu/ros_ws/install/lios_agv/share/ament_index/resource_index/packages
[0.747s] copying resource/lios_agv -> /home/ubuntu/ros_ws/install/lios_agv/share/ament_index/resource_index/packages
[0.747s] copying package.xml -> /home/ubuntu/ros_ws/install/lios_agv/share/lios_agv
[0.747s] running install_egg_info
[0.748s] Copying ../../build/lios_agv/lios_agv.egg-info to /home/ubuntu/ros_ws/install/lios_agv/lib/python3.10/site-packages/lios_agv-0.0.0-py3.10.egg-info
[0.749s] running install_scripts
[0.763s] Installing joystick script to /home/ubuntu/ros_ws/install/lios_agv/lib/lios_agv
[0.763s] writing list of installed files to '/home/ubuntu/ros_ws/build/lios_agv/install.log'
[0.791s] Invoked command in '/home/ubuntu/ros_ws/src/lios_agv' returned '0': PYTHONPATH=/home/ubuntu/ros_ws/build/lios_agv/prefix_override:/home/ubuntu/.platformio/penv/lib/python3.10/site-packages/colcon_core/task/python/colcon_distutils_commands:/home/ubuntu/ros_ws/install/lios_agv/lib/python3.10/site-packages:${PYTHONPATH} /home/ubuntu/.platformio/penv/bin/python -W ignore:setup.py install is deprecated setup.py egg_info --egg-base ../../build/lios_agv build --build-base /home/ubuntu/ros_ws/build/lios_agv/build install --record /home/ubuntu/ros_ws/build/lios_agv/install.log --single-version-externally-managed install_data
