[0.189s] Invoking command in '/home/ubuntu/ros_ws/build/pwm_messages': CMAKE_PREFIX_PATH=${CMAKE_PREFIX_PATH}:/home/ubuntu/ros_ws/install/py_pubsub:/home/ubuntu/ros_ws/install/lios_agv:/opt/ros/humble /usr/bin/cmake --build /home/ubuntu/ros_ws/build/pwm_messages -- -j4 -l4
[0.233s] [  3%] Built target pwm_messages__cpp
[0.234s] [ 12%] Built target pwm_messages__rosidl_generator_c
[0.243s] [ 12%] Built target ament_cmake_python_copy_pwm_messages
[0.254s] [ 22%] Built target pwm_messages__rosidl_typesupport_fastrtps_cpp
[0.260s] [ 32%] Built target pwm_messages__rosidl_typesupport_introspection_cpp
[0.262s] [ 41%] Built target pwm_messages__rosidl_typesupport_cpp
[0.264s] [ 51%] Built target pwm_messages__rosidl_typesupport_fastrtps_c
[0.280s] [ 64%] Built target pwm_messages__rosidl_typesupport_introspection_c
[0.281s] [ 70%] Built target pwm_messages__rosidl_typesupport_c
[0.300s] [ 70%] Built target pwm_messages
[0.324s] [ 74%] Built target pwm_messages__py
[0.346s] [ 80%] Built target pwm_messages__rosidl_generator_py
[0.369s] [ 87%] Built target pwm_messages__rosidl_typesupport_fastrtps_c__pyext
[0.371s] [ 93%] Built target pwm_messages__rosidl_typesupport_c__pyext
[0.379s] [100%] Built target pwm_messages__rosidl_typesupport_introspection_c__pyext
[0.425s] running egg_info
[0.426s] writing pwm_messages.egg-info/PKG-INFO
[0.426s] writing dependency_links to pwm_messages.egg-info/dependency_links.txt
[0.426s] writing top-level names to pwm_messages.egg-info/top_level.txt
[0.428s] reading manifest file 'pwm_messages.egg-info/SOURCES.txt'
[0.428s] writing manifest file 'pwm_messages.egg-info/SOURCES.txt'
[0.453s] [100%] Built target ament_cmake_python_build_pwm_messages_egg
[0.469s] Invoked command in '/home/ubuntu/ros_ws/build/pwm_messages' returned '0': CMAKE_PREFIX_PATH=${CMAKE_PREFIX_PATH}:/home/ubuntu/ros_ws/install/py_pubsub:/home/ubuntu/ros_ws/install/lios_agv:/opt/ros/humble /usr/bin/cmake --build /home/ubuntu/ros_ws/build/pwm_messages -- -j4 -l4
[0.557s] Invoking command in '/home/ubuntu/ros_ws/build/pwm_messages': CMAKE_PREFIX_PATH=${CMAKE_PREFIX_PATH}:/home/ubuntu/ros_ws/install/py_pubsub:/home/ubuntu/ros_ws/install/lios_agv:/opt/ros/humble /usr/bin/cmake --install /home/ubuntu/ros_ws/build/pwm_messages
[0.565s] -- Install configuration: ""
[0.565s] -- Up-to-date: /home/ubuntu/ros_ws/install/pwm_messages/share/ament_index/resource_index/rosidl_interfaces/pwm_messages
[0.565s] -- Up-to-date: /home/ubuntu/ros_ws/install/pwm_messages/include/pwm_messages/pwm_messages
[0.565s] -- Up-to-date: /home/ubuntu/ros_ws/install/pwm_messages/include/pwm_messages/pwm_messages/msg
[0.566s] -- Up-to-date: /home/ubuntu/ros_ws/install/pwm_messages/include/pwm_messages/pwm_messages/msg/detail
[0.566s] -- Up-to-date: /home/ubuntu/ros_ws/install/pwm_messages/include/pwm_messages/pwm_messages/msg/detail/pwm__type_support.h
[0.566s] -- Up-to-date: /home/ubuntu/ros_ws/install/pwm_messages/include/pwm_messages/pwm_messages/msg/detail/pwm__functions.h
[0.566s] -- Up-to-date: /home/ubuntu/ros_ws/install/pwm_messages/include/pwm_messages/pwm_messages/msg/detail/pwm__struct.h
[0.567s] -- Up-to-date: /home/ubuntu/ros_ws/install/pwm_messages/include/pwm_messages/pwm_messages/msg/detail/pwm__functions.c
[0.567s] -- Up-to-date: /home/ubuntu/ros_ws/install/pwm_messages/include/pwm_messages/pwm_messages/msg/rosidl_generator_c__visibility_control.h
[0.567s] -- Up-to-date: /home/ubuntu/ros_ws/install/pwm_messages/include/pwm_messages/pwm_messages/msg/pwm.h
[0.567s] -- Up-to-date: /home/ubuntu/ros_ws/install/pwm_messages/share/pwm_messages/environment/library_path.sh
[0.567s] -- Up-to-date: /home/ubuntu/ros_ws/install/pwm_messages/share/pwm_messages/environment/library_path.dsv
[0.568s] -- Up-to-date: /home/ubuntu/ros_ws/install/pwm_messages/lib/libpwm_messages__rosidl_generator_c.so
[0.568s] -- Up-to-date: /home/ubuntu/ros_ws/install/pwm_messages/include/pwm_messages/pwm_messages
[0.568s] -- Up-to-date: /home/ubuntu/ros_ws/install/pwm_messages/include/pwm_messages/pwm_messages/msg
[0.569s] -- Up-to-date: /home/ubuntu/ros_ws/install/pwm_messages/include/pwm_messages/pwm_messages/msg/detail
[0.569s] -- Up-to-date: /home/ubuntu/ros_ws/install/pwm_messages/include/pwm_messages/pwm_messages/msg/detail/pwm__rosidl_typesupport_fastrtps_c.h
[0.569s] -- Up-to-date: /home/ubuntu/ros_ws/install/pwm_messages/include/pwm_messages/pwm_messages/msg/rosidl_typesupport_fastrtps_c__visibility_control.h
[0.569s] -- Up-to-date: /home/ubuntu/ros_ws/install/pwm_messages/lib/libpwm_messages__rosidl_typesupport_fastrtps_c.so
[0.570s] -- Up-to-date: /home/ubuntu/ros_ws/install/pwm_messages/include/pwm_messages/pwm_messages
[0.570s] -- Up-to-date: /home/ubuntu/ros_ws/install/pwm_messages/include/pwm_messages/pwm_messages/msg
[0.571s] -- Up-to-date: /home/ubuntu/ros_ws/install/pwm_messages/include/pwm_messages/pwm_messages/msg/detail
[0.571s] -- Up-to-date: /home/ubuntu/ros_ws/install/pwm_messages/include/pwm_messages/pwm_messages/msg/detail/pwm__type_support.c
[0.571s] -- Up-to-date: /home/ubuntu/ros_ws/install/pwm_messages/include/pwm_messages/pwm_messages/msg/detail/pwm__rosidl_typesupport_introspection_c.h
[0.571s] -- Up-to-date: /home/ubuntu/ros_ws/install/pwm_messages/include/pwm_messages/pwm_messages/msg/rosidl_typesupport_introspection_c__visibility_control.h
[0.572s] -- Up-to-date: /home/ubuntu/ros_ws/install/pwm_messages/lib/libpwm_messages__rosidl_typesupport_introspection_c.so
[0.572s] -- Up-to-date: /home/ubuntu/ros_ws/install/pwm_messages/lib/libpwm_messages__rosidl_typesupport_c.so
[0.572s] -- Up-to-date: /home/ubuntu/ros_ws/install/pwm_messages/include/pwm_messages/pwm_messages
[0.573s] -- Up-to-date: /home/ubuntu/ros_ws/install/pwm_messages/include/pwm_messages/pwm_messages/msg
[0.573s] -- Up-to-date: /home/ubuntu/ros_ws/install/pwm_messages/include/pwm_messages/pwm_messages/msg/detail
[0.573s] -- Up-to-date: /home/ubuntu/ros_ws/install/pwm_messages/include/pwm_messages/pwm_messages/msg/detail/pwm__builder.hpp
[0.573s] -- Up-to-date: /home/ubuntu/ros_ws/install/pwm_messages/include/pwm_messages/pwm_messages/msg/detail/pwm__struct.hpp
[0.573s] -- Up-to-date: /home/ubuntu/ros_ws/install/pwm_messages/include/pwm_messages/pwm_messages/msg/detail/pwm__traits.hpp
[0.573s] -- Up-to-date: /home/ubuntu/ros_ws/install/pwm_messages/include/pwm_messages/pwm_messages/msg/pwm.hpp
[0.574s] -- Up-to-date: /home/ubuntu/ros_ws/install/pwm_messages/include/pwm_messages/pwm_messages
[0.574s] -- Up-to-date: /home/ubuntu/ros_ws/install/pwm_messages/include/pwm_messages/pwm_messages/msg
[0.574s] -- Up-to-date: /home/ubuntu/ros_ws/install/pwm_messages/include/pwm_messages/pwm_messages/msg/detail
[0.574s] -- Up-to-date: /home/ubuntu/ros_ws/install/pwm_messages/include/pwm_messages/pwm_messages/msg/detail/pwm__rosidl_typesupport_fastrtps_cpp.hpp
[0.574s] -- Up-to-date: /home/ubuntu/ros_ws/install/pwm_messages/include/pwm_messages/pwm_messages/msg/detail/dds_fastrtps
[0.575s] -- Up-to-date: /home/ubuntu/ros_ws/install/pwm_messages/include/pwm_messages/pwm_messages/msg/rosidl_typesupport_fastrtps_cpp__visibility_control.h
[0.575s] -- Up-to-date: /home/ubuntu/ros_ws/install/pwm_messages/lib/libpwm_messages__rosidl_typesupport_fastrtps_cpp.so
[0.576s] -- Up-to-date: /home/ubuntu/ros_ws/install/pwm_messages/include/pwm_messages/pwm_messages
[0.576s] -- Up-to-date: /home/ubuntu/ros_ws/install/pwm_messages/include/pwm_messages/pwm_messages/msg
[0.576s] -- Up-to-date: /home/ubuntu/ros_ws/install/pwm_messages/include/pwm_messages/pwm_messages/msg/detail
[0.576s] -- Up-to-date: /home/ubuntu/ros_ws/install/pwm_messages/include/pwm_messages/pwm_messages/msg/detail/pwm__rosidl_typesupport_introspection_cpp.hpp
[0.576s] -- Up-to-date: /home/ubuntu/ros_ws/install/pwm_messages/include/pwm_messages/pwm_messages/msg/detail/pwm__type_support.cpp
[0.577s] -- Up-to-date: /home/ubuntu/ros_ws/install/pwm_messages/lib/libpwm_messages__rosidl_typesupport_introspection_cpp.so
[0.578s] -- Up-to-date: /home/ubuntu/ros_ws/install/pwm_messages/lib/libpwm_messages__rosidl_typesupport_cpp.so
[0.578s] -- Up-to-date: /home/ubuntu/ros_ws/install/pwm_messages/share/pwm_messages/environment/pythonpath.sh
[0.578s] -- Up-to-date: /home/ubuntu/ros_ws/install/pwm_messages/share/pwm_messages/environment/pythonpath.dsv
[0.579s] -- Up-to-date: /home/ubuntu/ros_ws/install/pwm_messages/lib/python3.10/site-packages/pwm_messages-0.0.0-py3.10.egg-info
[0.579s] -- Installing: /home/ubuntu/ros_ws/install/pwm_messages/lib/python3.10/site-packages/pwm_messages-0.0.0-py3.10.egg-info/SOURCES.txt
[0.579s] -- Installing: /home/ubuntu/ros_ws/install/pwm_messages/lib/python3.10/site-packages/pwm_messages-0.0.0-py3.10.egg-info/PKG-INFO
[0.579s] -- Installing: /home/ubuntu/ros_ws/install/pwm_messages/lib/python3.10/site-packages/pwm_messages-0.0.0-py3.10.egg-info/top_level.txt
[0.580s] -- Installing: /home/ubuntu/ros_ws/install/pwm_messages/lib/python3.10/site-packages/pwm_messages-0.0.0-py3.10.egg-info/dependency_links.txt
[0.580s] -- Up-to-date: /home/ubuntu/ros_ws/install/pwm_messages/lib/python3.10/site-packages/pwm_messages
[0.580s] -- Up-to-date: /home/ubuntu/ros_ws/install/pwm_messages/lib/python3.10/site-packages/pwm_messages/_pwm_messages_s.ep.rosidl_typesupport_c.c
[0.581s] -- Up-to-date: /home/ubuntu/ros_ws/install/pwm_messages/lib/python3.10/site-packages/pwm_messages/pwm_messages_s__rosidl_typesupport_introspection_c.cpython-310-x86_64-linux-gnu.so
[0.581s] -- Up-to-date: /home/ubuntu/ros_ws/install/pwm_messages/lib/python3.10/site-packages/pwm_messages/__init__.py
[0.581s] -- Up-to-date: /home/ubuntu/ros_ws/install/pwm_messages/lib/python3.10/site-packages/pwm_messages/libpwm_messages__rosidl_generator_py.so
[0.581s] -- Up-to-date: /home/ubuntu/ros_ws/install/pwm_messages/lib/python3.10/site-packages/pwm_messages/pwm_messages_s__rosidl_typesupport_c.cpython-310-x86_64-linux-gnu.so
[0.581s] -- Up-to-date: /home/ubuntu/ros_ws/install/pwm_messages/lib/python3.10/site-packages/pwm_messages/msg
[0.582s] -- Up-to-date: /home/ubuntu/ros_ws/install/pwm_messages/lib/python3.10/site-packages/pwm_messages/msg/_pwm_s.c
[0.582s] -- Up-to-date: /home/ubuntu/ros_ws/install/pwm_messages/lib/python3.10/site-packages/pwm_messages/msg/__init__.py
[0.582s] -- Up-to-date: /home/ubuntu/ros_ws/install/pwm_messages/lib/python3.10/site-packages/pwm_messages/msg/_pwm.py
[0.582s] -- Up-to-date: /home/ubuntu/ros_ws/install/pwm_messages/lib/python3.10/site-packages/pwm_messages/_pwm_messages_s.ep.rosidl_typesupport_fastrtps_c.c
[0.582s] -- Up-to-date: /home/ubuntu/ros_ws/install/pwm_messages/lib/python3.10/site-packages/pwm_messages/_pwm_messages_s.ep.rosidl_typesupport_introspection_c.c
[0.583s] -- Up-to-date: /home/ubuntu/ros_ws/install/pwm_messages/lib/python3.10/site-packages/pwm_messages/pwm_messages_s__rosidl_typesupport_fastrtps_c.cpython-310-x86_64-linux-gnu.so
[0.622s] Listing '/home/ubuntu/ros_ws/install/pwm_messages/lib/python3.10/site-packages/pwm_messages'...
[0.622s] Listing '/home/ubuntu/ros_ws/install/pwm_messages/lib/python3.10/site-packages/pwm_messages/msg'...
[0.628s] -- Up-to-date: /home/ubuntu/ros_ws/install/pwm_messages/lib/python3.10/site-packages/pwm_messages/pwm_messages_s__rosidl_typesupport_fastrtps_c.cpython-310-x86_64-linux-gnu.so
[0.629s] -- Up-to-date: /home/ubuntu/ros_ws/install/pwm_messages/lib/python3.10/site-packages/pwm_messages/pwm_messages_s__rosidl_typesupport_introspection_c.cpython-310-x86_64-linux-gnu.so
[0.629s] -- Up-to-date: /home/ubuntu/ros_ws/install/pwm_messages/lib/python3.10/site-packages/pwm_messages/pwm_messages_s__rosidl_typesupport_c.cpython-310-x86_64-linux-gnu.so
[0.630s] -- Up-to-date: /home/ubuntu/ros_ws/install/pwm_messages/lib/libpwm_messages__rosidl_generator_py.so
[0.630s] -- Up-to-date: /home/ubuntu/ros_ws/install/pwm_messages/share/pwm_messages/msg/Pwm.idl
[0.630s] -- Up-to-date: /home/ubuntu/ros_ws/install/pwm_messages/share/pwm_messages/msg/Pwm.msg
[0.631s] -- Up-to-date: /home/ubuntu/ros_ws/install/pwm_messages/share/ament_index/resource_index/package_run_dependencies/pwm_messages
[0.631s] -- Up-to-date: /home/ubuntu/ros_ws/install/pwm_messages/share/ament_index/resource_index/parent_prefix_path/pwm_messages
[0.631s] -- Up-to-date: /home/ubuntu/ros_ws/install/pwm_messages/share/pwm_messages/environment/ament_prefix_path.sh
[0.631s] -- Up-to-date: /home/ubuntu/ros_ws/install/pwm_messages/share/pwm_messages/environment/ament_prefix_path.dsv
[0.632s] -- Up-to-date: /home/ubuntu/ros_ws/install/pwm_messages/share/pwm_messages/environment/path.sh
[0.632s] -- Up-to-date: /home/ubuntu/ros_ws/install/pwm_messages/share/pwm_messages/environment/path.dsv
[0.632s] -- Up-to-date: /home/ubuntu/ros_ws/install/pwm_messages/share/pwm_messages/local_setup.bash
[0.632s] -- Up-to-date: /home/ubuntu/ros_ws/install/pwm_messages/share/pwm_messages/local_setup.sh
[0.632s] -- Up-to-date: /home/ubuntu/ros_ws/install/pwm_messages/share/pwm_messages/local_setup.zsh
[0.632s] -- Up-to-date: /home/ubuntu/ros_ws/install/pwm_messages/share/pwm_messages/local_setup.dsv
[0.632s] -- Installing: /home/ubuntu/ros_ws/install/pwm_messages/share/pwm_messages/package.dsv
[0.634s] -- Up-to-date: /home/ubuntu/ros_ws/install/pwm_messages/share/ament_index/resource_index/packages/pwm_messages
[0.634s] -- Up-to-date: /home/ubuntu/ros_ws/install/pwm_messages/share/pwm_messages/cmake/export_pwm_messages__rosidl_generator_cExport.cmake
[0.634s] -- Up-to-date: /home/ubuntu/ros_ws/install/pwm_messages/share/pwm_messages/cmake/export_pwm_messages__rosidl_generator_cExport-noconfig.cmake
[0.634s] -- Up-to-date: /home/ubuntu/ros_ws/install/pwm_messages/share/pwm_messages/cmake/export_pwm_messages__rosidl_typesupport_fastrtps_cExport.cmake
[0.634s] -- Up-to-date: /home/ubuntu/ros_ws/install/pwm_messages/share/pwm_messages/cmake/export_pwm_messages__rosidl_typesupport_fastrtps_cExport-noconfig.cmake
[0.634s] -- Up-to-date: /home/ubuntu/ros_ws/install/pwm_messages/share/pwm_messages/cmake/pwm_messages__rosidl_typesupport_introspection_cExport.cmake
[0.634s] -- Up-to-date: /home/ubuntu/ros_ws/install/pwm_messages/share/pwm_messages/cmake/pwm_messages__rosidl_typesupport_introspection_cExport-noconfig.cmake
[0.634s] -- Up-to-date: /home/ubuntu/ros_ws/install/pwm_messages/share/pwm_messages/cmake/pwm_messages__rosidl_typesupport_cExport.cmake
[0.634s] -- Up-to-date: /home/ubuntu/ros_ws/install/pwm_messages/share/pwm_messages/cmake/pwm_messages__rosidl_typesupport_cExport-noconfig.cmake
[0.634s] -- Up-to-date: /home/ubuntu/ros_ws/install/pwm_messages/share/pwm_messages/cmake/export_pwm_messages__rosidl_generator_cppExport.cmake
[0.634s] -- Up-to-date: /home/ubuntu/ros_ws/install/pwm_messages/share/pwm_messages/cmake/export_pwm_messages__rosidl_typesupport_fastrtps_cppExport.cmake
[0.635s] -- Up-to-date: /home/ubuntu/ros_ws/install/pwm_messages/share/pwm_messages/cmake/export_pwm_messages__rosidl_typesupport_fastrtps_cppExport-noconfig.cmake
[0.635s] -- Up-to-date: /home/ubuntu/ros_ws/install/pwm_messages/share/pwm_messages/cmake/pwm_messages__rosidl_typesupport_introspection_cppExport.cmake
[0.635s] -- Up-to-date: /home/ubuntu/ros_ws/install/pwm_messages/share/pwm_messages/cmake/pwm_messages__rosidl_typesupport_introspection_cppExport-noconfig.cmake
[0.635s] -- Up-to-date: /home/ubuntu/ros_ws/install/pwm_messages/share/pwm_messages/cmake/pwm_messages__rosidl_typesupport_cppExport.cmake
[0.635s] -- Up-to-date: /home/ubuntu/ros_ws/install/pwm_messages/share/pwm_messages/cmake/pwm_messages__rosidl_typesupport_cppExport-noconfig.cmake
[0.635s] -- Up-to-date: /home/ubuntu/ros_ws/install/pwm_messages/share/pwm_messages/cmake/export_pwm_messages__rosidl_generator_pyExport.cmake
[0.635s] -- Up-to-date: /home/ubuntu/ros_ws/install/pwm_messages/share/pwm_messages/cmake/export_pwm_messages__rosidl_generator_pyExport-noconfig.cmake
[0.635s] -- Up-to-date: /home/ubuntu/ros_ws/install/pwm_messages/share/pwm_messages/cmake/rosidl_cmake-extras.cmake
[0.635s] -- Up-to-date: /home/ubuntu/ros_ws/install/pwm_messages/share/pwm_messages/cmake/ament_cmake_export_include_directories-extras.cmake
[0.635s] -- Up-to-date: /home/ubuntu/ros_ws/install/pwm_messages/share/pwm_messages/cmake/ament_cmake_export_libraries-extras.cmake
[0.635s] -- Up-to-date: /home/ubuntu/ros_ws/install/pwm_messages/share/pwm_messages/cmake/ament_cmake_export_targets-extras.cmake
[0.635s] -- Up-to-date: /home/ubuntu/ros_ws/install/pwm_messages/share/pwm_messages/cmake/rosidl_cmake_export_typesupport_targets-extras.cmake
[0.635s] -- Up-to-date: /home/ubuntu/ros_ws/install/pwm_messages/share/pwm_messages/cmake/ament_cmake_export_dependencies-extras.cmake
[0.635s] -- Up-to-date: /home/ubuntu/ros_ws/install/pwm_messages/share/pwm_messages/cmake/rosidl_cmake_export_typesupport_libraries-extras.cmake
[0.635s] -- Up-to-date: /home/ubuntu/ros_ws/install/pwm_messages/share/pwm_messages/cmake/pwm_messagesConfig.cmake
[0.635s] -- Up-to-date: /home/ubuntu/ros_ws/install/pwm_messages/share/pwm_messages/cmake/pwm_messagesConfig-version.cmake
[0.635s] -- Up-to-date: /home/ubuntu/ros_ws/install/pwm_messages/share/pwm_messages/package.xml
[0.638s] Invoked command in '/home/ubuntu/ros_ws/build/pwm_messages' returned '0': CMAKE_PREFIX_PATH=${CMAKE_PREFIX_PATH}:/home/ubuntu/ros_ws/install/py_pubsub:/home/ubuntu/ros_ws/install/lios_agv:/opt/ros/humble /usr/bin/cmake --install /home/ubuntu/ros_ws/build/pwm_messages
