[2.076s] Invoking command in '/home/ubuntu/ros_ws/src/lios_agv': PYTHONPATH=/home/ubuntu/ros_ws/build/lios_agv/prefix_override:/home/ubuntu/.platformio/penv/lib/python3.10/site-packages/colcon_core/task/python/colcon_distutils_commands:/home/ubuntu/ros_ws/install/lios_agv/lib/python3.10/site-packages:${PYTHONPATH} /home/ubuntu/.platformio/penv/bin/python -W ignore:setup.py install is deprecated setup.py egg_info --egg-base ../../build/lios_agv build --build-base /home/ubuntu/ros_ws/build/lios_agv/build install --record /home/ubuntu/ros_ws/build/lios_agv/install.log --single-version-externally-managed install_data
[2.238s] running egg_info
[2.239s] writing ../../build/lios_agv/lios_agv.egg-info/PKG-INFO
[2.239s] writing dependency_links to ../../build/lios_agv/lios_agv.egg-info/dependency_links.txt
[2.239s] writing entry points to ../../build/lios_agv/lios_agv.egg-info/entry_points.txt
[2.239s] writing requirements to ../../build/lios_agv/lios_agv.egg-info/requires.txt
[2.240s] writing top-level names to ../../build/lios_agv/lios_agv.egg-info/top_level.txt
[2.241s] reading manifest file '../../build/lios_agv/lios_agv.egg-info/SOURCES.txt'
[2.241s] adding license file 'LICENSE'
[2.241s] writing manifest file '../../build/lios_agv/lios_agv.egg-info/SOURCES.txt'
[2.241s] running build
[2.241s] running build_py
[2.241s] copying lios_agv/main.py -> /home/ubuntu/ros_ws/build/lios_agv/build/lib/lios_agv
[2.242s] running install
[2.242s] running install_lib
[2.243s] copying /home/ubuntu/ros_ws/build/lios_agv/build/lib/lios_agv/main.py -> /home/ubuntu/ros_ws/install/lios_agv/lib/python3.10/site-packages/lios_agv
[2.243s] byte-compiling /home/ubuntu/ros_ws/install/lios_agv/lib/python3.10/site-packages/lios_agv/main.py to main.cpython-310.pyc
[2.244s] running install_data
[2.244s] running install_egg_info
[2.246s] removing '/home/ubuntu/ros_ws/install/lios_agv/lib/python3.10/site-packages/lios_agv-0.0.0-py3.10.egg-info' (and everything under it)
[2.246s] Copying ../../build/lios_agv/lios_agv.egg-info to /home/ubuntu/ros_ws/install/lios_agv/lib/python3.10/site-packages/lios_agv-0.0.0-py3.10.egg-info
[2.247s] running install_scripts
[2.267s] Installing joypy script to /home/ubuntu/ros_ws/install/lios_agv/lib/lios_agv
[2.267s] Installing joystick script to /home/ubuntu/ros_ws/install/lios_agv/lib/lios_agv
[2.267s] writing list of installed files to '/home/ubuntu/ros_ws/build/lios_agv/install.log'
[3.017s] Invoked command in '/home/ubuntu/ros_ws/src/lios_agv' returned '0': PYTHONPATH=/home/ubuntu/ros_ws/build/lios_agv/prefix_override:/home/ubuntu/.platformio/penv/lib/python3.10/site-packages/colcon_core/task/python/colcon_distutils_commands:/home/ubuntu/ros_ws/install/lios_agv/lib/python3.10/site-packages:${PYTHONPATH} /home/ubuntu/.platformio/penv/bin/python -W ignore:setup.py install is deprecated setup.py egg_info --egg-base ../../build/lios_agv build --build-base /home/ubuntu/ros_ws/build/lios_agv/build install --record /home/ubuntu/ros_ws/build/lios_agv/install.log --single-version-externally-managed install_data
