[0.098s] DEBUG:colcon:Command line arguments: ['/home/ubuntu/.platformio/penv/bin/colcon', 'build']
[0.098s] DEBUG:colcon:Parsed command line arguments: Namespace(log_base=None, log_level=None, verb_name='build', build_base='build', install_base='install', merge_install=False, symlink_install=False, test_result_base=None, continue_on_error=False, executor='parallel', parallel_workers=4, event_handlers=None, ignore_user_meta=False, metas=['./colcon.meta'], base_paths=['.'], packages_ignore=None, packages_ignore_regex=None, paths=None, packages_up_to=None, packages_up_to_regex=None, packages_above=None, packages_above_and_dependencies=None, packages_above_depth=None, packages_select_by_dep=None, packages_skip_by_dep=None, packages_skip_up_to=None, packages_select_build_failed=False, packages_skip_build_finished=False, packages_select_test_failures=False, packages_skip_test_passed=False, packages_select=None, packages_skip=None, packages_select_regex=None, packages_skip_regex=None, packages_start=None, packages_end=None, cmake_args=None, cmake_target=None, cmake_target_skip_unavailable=False, cmake_clean_cache=False, cmake_clean_first=False, cmake_force_configure=False, ament_cmake_args=None, catkin_cmake_args=None, catkin_skip_building_tests=False, verb_parser=<colcon_defaults.argument_parser.defaults.DefaultArgumentsDecorator object at 0x7f3c19f40580>, verb_extension=<colcon_core.verb.build.BuildVerb object at 0x7f3c19f17c40>, main=<bound method BuildVerb.main of <colcon_core.verb.build.BuildVerb object at 0x7f3c19f17c40>>)
[0.182s] Level 1:colcon.colcon_core.package_discovery:discover_packages(colcon_meta) check parameters
[0.182s] Level 1:colcon.colcon_core.package_discovery:discover_packages(recursive) check parameters
[0.182s] Level 1:colcon.colcon_core.package_discovery:discover_packages(ignore) check parameters
[0.182s] Level 1:colcon.colcon_core.package_discovery:discover_packages(path) check parameters
[0.182s] Level 1:colcon.colcon_core.package_discovery:discover_packages(colcon_meta) discover
[0.182s] Level 1:colcon.colcon_core.package_discovery:discover_packages(recursive) discover
[0.182s] INFO:colcon.colcon_core.package_discovery:Crawling recursively for packages in '/home/ubuntu/ros_ws'
[0.182s] Level 1:colcon.colcon_core.package_identification:_identify(.) by extensions ['ignore', 'ignore_ament_install']
[0.182s] Level 1:colcon.colcon_core.package_identification:_identify(.) by extension 'ignore'
[0.182s] Level 1:colcon.colcon_core.package_identification:_identify(.) by extension 'ignore_ament_install'
[0.182s] Level 1:colcon.colcon_core.package_identification:_identify(.) by extensions ['colcon_pkg']
[0.182s] Level 1:colcon.colcon_core.package_identification:_identify(.) by extension 'colcon_pkg'
[0.183s] Level 1:colcon.colcon_core.package_identification:_identify(.) by extensions ['colcon_meta']
[0.183s] Level 1:colcon.colcon_core.package_identification:_identify(.) by extension 'colcon_meta'
[0.183s] Level 1:colcon.colcon_core.package_identification:_identify(.) by extensions ['ros']
[0.183s] Level 1:colcon.colcon_core.package_identification:_identify(.) by extension 'ros'
[0.201s] Level 1:colcon.colcon_core.package_identification:_identify(.) by extensions ['cmake', 'python']
[0.201s] Level 1:colcon.colcon_core.package_identification:_identify(.) by extension 'cmake'
[0.201s] Level 1:colcon.colcon_core.package_identification:_identify(.) by extension 'python'
[0.201s] Level 1:colcon.colcon_core.package_identification:_identify(.) by extensions ['python_setup_py']
[0.201s] Level 1:colcon.colcon_core.package_identification:_identify(.) by extension 'python_setup_py'
[0.201s] Level 1:colcon.colcon_core.package_identification:_identify(build) by extensions ['ignore', 'ignore_ament_install']
[0.202s] Level 1:colcon.colcon_core.package_identification:_identify(build) by extension 'ignore'
[0.202s] Level 1:colcon.colcon_core.package_identification:_identify(build) ignored
[0.202s] Level 1:colcon.colcon_core.package_identification:_identify(install) by extensions ['ignore', 'ignore_ament_install']
[0.202s] Level 1:colcon.colcon_core.package_identification:_identify(install) by extension 'ignore'
[0.202s] Level 1:colcon.colcon_core.package_identification:_identify(install) ignored
[0.202s] Level 1:colcon.colcon_core.package_identification:_identify(log) by extensions ['ignore', 'ignore_ament_install']
[0.202s] Level 1:colcon.colcon_core.package_identification:_identify(log) by extension 'ignore'
[0.202s] Level 1:colcon.colcon_core.package_identification:_identify(log) ignored
[0.202s] Level 1:colcon.colcon_core.package_identification:_identify(src) by extensions ['ignore', 'ignore_ament_install']
[0.202s] Level 1:colcon.colcon_core.package_identification:_identify(src) by extension 'ignore'
[0.202s] Level 1:colcon.colcon_core.package_identification:_identify(src) by extension 'ignore_ament_install'
[0.202s] Level 1:colcon.colcon_core.package_identification:_identify(src) by extensions ['colcon_pkg']
[0.202s] Level 1:colcon.colcon_core.package_identification:_identify(src) by extension 'colcon_pkg'
[0.202s] Level 1:colcon.colcon_core.package_identification:_identify(src) by extensions ['colcon_meta']
[0.202s] Level 1:colcon.colcon_core.package_identification:_identify(src) by extension 'colcon_meta'
[0.203s] Level 1:colcon.colcon_core.package_identification:_identify(src) by extensions ['ros']
[0.203s] Level 1:colcon.colcon_core.package_identification:_identify(src) by extension 'ros'
[0.203s] Level 1:colcon.colcon_core.package_identification:_identify(src) by extensions ['cmake', 'python']
[0.203s] Level 1:colcon.colcon_core.package_identification:_identify(src) by extension 'cmake'
[0.203s] Level 1:colcon.colcon_core.package_identification:_identify(src) by extension 'python'
[0.203s] Level 1:colcon.colcon_core.package_identification:_identify(src) by extensions ['python_setup_py']
[0.203s] Level 1:colcon.colcon_core.package_identification:_identify(src) by extension 'python_setup_py'
[0.203s] Level 1:colcon.colcon_core.package_identification:_identify(src/lios_agv) by extensions ['ignore', 'ignore_ament_install']
[0.203s] Level 1:colcon.colcon_core.package_identification:_identify(src/lios_agv) by extension 'ignore'
[0.203s] Level 1:colcon.colcon_core.package_identification:_identify(src/lios_agv) by extension 'ignore_ament_install'
[0.203s] Level 1:colcon.colcon_core.package_identification:_identify(src/lios_agv) by extensions ['colcon_pkg']
[0.203s] Level 1:colcon.colcon_core.package_identification:_identify(src/lios_agv) by extension 'colcon_pkg'
[0.203s] Level 1:colcon.colcon_core.package_identification:_identify(src/lios_agv) by extensions ['colcon_meta']
[0.203s] Level 1:colcon.colcon_core.package_identification:_identify(src/lios_agv) by extension 'colcon_meta'
[0.203s] Level 1:colcon.colcon_core.package_identification:_identify(src/lios_agv) by extensions ['ros']
[0.203s] Level 1:colcon.colcon_core.package_identification:_identify(src/lios_agv) by extension 'ros'
[0.205s] DEBUG:colcon.colcon_core.package_identification:Package 'src/lios_agv' with type 'ros.ament_python' and name 'lios_agv'
[0.205s] Level 1:colcon.colcon_core.package_identification:_identify(src/pwm_messages) by extensions ['ignore', 'ignore_ament_install']
[0.205s] Level 1:colcon.colcon_core.package_identification:_identify(src/pwm_messages) by extension 'ignore'
[0.205s] Level 1:colcon.colcon_core.package_identification:_identify(src/pwm_messages) by extension 'ignore_ament_install'
[0.205s] Level 1:colcon.colcon_core.package_identification:_identify(src/pwm_messages) by extensions ['colcon_pkg']
[0.205s] Level 1:colcon.colcon_core.package_identification:_identify(src/pwm_messages) by extension 'colcon_pkg'
[0.205s] Level 1:colcon.colcon_core.package_identification:_identify(src/pwm_messages) by extensions ['colcon_meta']
[0.206s] Level 1:colcon.colcon_core.package_identification:_identify(src/pwm_messages) by extension 'colcon_meta'
[0.206s] Level 1:colcon.colcon_core.package_identification:_identify(src/pwm_messages) by extensions ['ros']
[0.206s] Level 1:colcon.colcon_core.package_identification:_identify(src/pwm_messages) by extension 'ros'
[0.206s] DEBUG:colcon.colcon_core.package_identification:Package 'src/pwm_messages' with type 'ros.ament_cmake' and name 'pwm_messages'
[0.206s] Level 1:colcon.colcon_core.package_identification:_identify(src/py_pubsub) by extensions ['ignore', 'ignore_ament_install']
[0.206s] Level 1:colcon.colcon_core.package_identification:_identify(src/py_pubsub) by extension 'ignore'
[0.206s] Level 1:colcon.colcon_core.package_identification:_identify(src/py_pubsub) by extension 'ignore_ament_install'
[0.206s] Level 1:colcon.colcon_core.package_identification:_identify(src/py_pubsub) by extensions ['colcon_pkg']
[0.206s] Level 1:colcon.colcon_core.package_identification:_identify(src/py_pubsub) by extension 'colcon_pkg'
[0.206s] Level 1:colcon.colcon_core.package_identification:_identify(src/py_pubsub) by extensions ['colcon_meta']
[0.207s] Level 1:colcon.colcon_core.package_identification:_identify(src/py_pubsub) by extension 'colcon_meta'
[0.207s] Level 1:colcon.colcon_core.package_identification:_identify(src/py_pubsub) by extensions ['ros']
[0.207s] Level 1:colcon.colcon_core.package_identification:_identify(src/py_pubsub) by extension 'ros'
[0.207s] DEBUG:colcon.colcon_core.package_identification:Package 'src/py_pubsub' with type 'ros.ament_python' and name 'py_pubsub'
[0.207s] Level 1:colcon.colcon_core.package_discovery:discover_packages(recursive) using defaults
[0.207s] Level 1:colcon.colcon_core.package_discovery:discover_packages(ignore) discover
[0.207s] Level 1:colcon.colcon_core.package_discovery:discover_packages(ignore) using defaults
[0.207s] Level 1:colcon.colcon_core.package_discovery:discover_packages(path) discover
[0.207s] Level 1:colcon.colcon_core.package_discovery:discover_packages(path) using defaults
[0.221s] Level 5:colcon.colcon_core.verb:set package 'lios_agv' build argument 'cmake_args' from command line to 'None'
[0.221s] Level 5:colcon.colcon_core.verb:set package 'lios_agv' build argument 'cmake_target' from command line to 'None'
[0.221s] Level 5:colcon.colcon_core.verb:set package 'lios_agv' build argument 'cmake_target_skip_unavailable' from command line to 'False'
[0.221s] Level 5:colcon.colcon_core.verb:set package 'lios_agv' build argument 'cmake_clean_cache' from command line to 'False'
[0.221s] Level 5:colcon.colcon_core.verb:set package 'lios_agv' build argument 'cmake_clean_first' from command line to 'False'
[0.221s] Level 5:colcon.colcon_core.verb:set package 'lios_agv' build argument 'cmake_force_configure' from command line to 'False'
[0.221s] Level 5:colcon.colcon_core.verb:set package 'lios_agv' build argument 'ament_cmake_args' from command line to 'None'
[0.221s] Level 5:colcon.colcon_core.verb:set package 'lios_agv' build argument 'catkin_cmake_args' from command line to 'None'
[0.222s] Level 5:colcon.colcon_core.verb:set package 'lios_agv' build argument 'catkin_skip_building_tests' from command line to 'False'
[0.222s] DEBUG:colcon.colcon_core.verb:Building package 'lios_agv' with the following arguments: {'ament_cmake_args': None, 'build_base': '/home/ubuntu/ros_ws/build/lios_agv', 'catkin_cmake_args': None, 'catkin_skip_building_tests': False, 'cmake_args': None, 'cmake_clean_cache': False, 'cmake_clean_first': False, 'cmake_force_configure': False, 'cmake_target': None, 'cmake_target_skip_unavailable': False, 'install_base': '/home/ubuntu/ros_ws/install/lios_agv', 'merge_install': False, 'path': '/home/ubuntu/ros_ws/src/lios_agv', 'symlink_install': False, 'test_result_base': None}
[0.222s] Level 5:colcon.colcon_core.verb:set package 'pwm_messages' build argument 'cmake_args' from command line to 'None'
[0.222s] Level 5:colcon.colcon_core.verb:set package 'pwm_messages' build argument 'cmake_target' from command line to 'None'
[0.222s] Level 5:colcon.colcon_core.verb:set package 'pwm_messages' build argument 'cmake_target_skip_unavailable' from command line to 'False'
[0.222s] Level 5:colcon.colcon_core.verb:set package 'pwm_messages' build argument 'cmake_clean_cache' from command line to 'False'
[0.222s] Level 5:colcon.colcon_core.verb:set package 'pwm_messages' build argument 'cmake_clean_first' from command line to 'False'
[0.222s] Level 5:colcon.colcon_core.verb:set package 'pwm_messages' build argument 'cmake_force_configure' from command line to 'False'
[0.222s] Level 5:colcon.colcon_core.verb:set package 'pwm_messages' build argument 'ament_cmake_args' from command line to 'None'
[0.222s] Level 5:colcon.colcon_core.verb:set package 'pwm_messages' build argument 'catkin_cmake_args' from command line to 'None'
[0.222s] Level 5:colcon.colcon_core.verb:set package 'pwm_messages' build argument 'catkin_skip_building_tests' from command line to 'False'
[0.222s] DEBUG:colcon.colcon_core.verb:Building package 'pwm_messages' with the following arguments: {'ament_cmake_args': None, 'build_base': '/home/ubuntu/ros_ws/build/pwm_messages', 'catkin_cmake_args': None, 'catkin_skip_building_tests': False, 'cmake_args': None, 'cmake_clean_cache': False, 'cmake_clean_first': False, 'cmake_force_configure': False, 'cmake_target': None, 'cmake_target_skip_unavailable': False, 'install_base': '/home/ubuntu/ros_ws/install/pwm_messages', 'merge_install': False, 'path': '/home/ubuntu/ros_ws/src/pwm_messages', 'symlink_install': False, 'test_result_base': None}
[0.222s] Level 5:colcon.colcon_core.verb:set package 'py_pubsub' build argument 'cmake_args' from command line to 'None'
[0.222s] Level 5:colcon.colcon_core.verb:set package 'py_pubsub' build argument 'cmake_target' from command line to 'None'
[0.222s] Level 5:colcon.colcon_core.verb:set package 'py_pubsub' build argument 'cmake_target_skip_unavailable' from command line to 'False'
[0.222s] Level 5:colcon.colcon_core.verb:set package 'py_pubsub' build argument 'cmake_clean_cache' from command line to 'False'
[0.222s] Level 5:colcon.colcon_core.verb:set package 'py_pubsub' build argument 'cmake_clean_first' from command line to 'False'
[0.222s] Level 5:colcon.colcon_core.verb:set package 'py_pubsub' build argument 'cmake_force_configure' from command line to 'False'
[0.222s] Level 5:colcon.colcon_core.verb:set package 'py_pubsub' build argument 'ament_cmake_args' from command line to 'None'
[0.222s] Level 5:colcon.colcon_core.verb:set package 'py_pubsub' build argument 'catkin_cmake_args' from command line to 'None'
[0.223s] Level 5:colcon.colcon_core.verb:set package 'py_pubsub' build argument 'catkin_skip_building_tests' from command line to 'False'
[0.223s] DEBUG:colcon.colcon_core.verb:Building package 'py_pubsub' with the following arguments: {'ament_cmake_args': None, 'build_base': '/home/ubuntu/ros_ws/build/py_pubsub', 'catkin_cmake_args': None, 'catkin_skip_building_tests': False, 'cmake_args': None, 'cmake_clean_cache': False, 'cmake_clean_first': False, 'cmake_force_configure': False, 'cmake_target': None, 'cmake_target_skip_unavailable': False, 'install_base': '/home/ubuntu/ros_ws/install/py_pubsub', 'merge_install': False, 'path': '/home/ubuntu/ros_ws/src/py_pubsub', 'symlink_install': False, 'test_result_base': None}
[0.223s] INFO:colcon.colcon_core.executor:Executing jobs using 'parallel' executor
[0.224s] DEBUG:colcon.colcon_parallel_executor.executor.parallel:run_until_complete
[0.224s] INFO:colcon.colcon_ros.task.ament_python.build:Building ROS package in '/home/ubuntu/ros_ws/src/lios_agv' with build type 'ament_python'
[0.224s] Level 1:colcon.colcon_core.shell:create_environment_hook('lios_agv', 'ament_prefix_path')
[0.226s] INFO:colcon.colcon_core.plugin_system:Skipping extension 'colcon_core.shell.bat': Not used on non-Windows systems
[0.226s] INFO:colcon.colcon_core.shell:Creating environment hook '/home/ubuntu/ros_ws/install/lios_agv/share/lios_agv/hook/ament_prefix_path.ps1'
[0.227s] INFO:colcon.colcon_core.shell:Creating environment descriptor '/home/ubuntu/ros_ws/install/lios_agv/share/lios_agv/hook/ament_prefix_path.dsv'
[0.227s] INFO:colcon.colcon_core.shell:Creating environment hook '/home/ubuntu/ros_ws/install/lios_agv/share/lios_agv/hook/ament_prefix_path.sh'
[0.228s] INFO:colcon.colcon_core.shell:Skip shell extension 'powershell' for command environment: Not usable outside of PowerShell
[0.228s] DEBUG:colcon.colcon_core.shell:Skip shell extension 'dsv' for command environment
[0.232s] INFO:colcon.colcon_ros.task.ament_cmake.build:Building ROS package in '/home/ubuntu/ros_ws/src/pwm_messages' with build type 'ament_cmake'
[0.232s] INFO:colcon.colcon_cmake.task.cmake.build:Building CMake package in '/home/ubuntu/ros_ws/src/pwm_messages'
[0.232s] INFO:colcon.colcon_core.shell:Skip shell extension 'powershell' for command environment: Not usable outside of PowerShell
[0.233s] DEBUG:colcon.colcon_core.shell:Skip shell extension 'dsv' for command environment
[0.236s] INFO:colcon.colcon_ros.task.ament_python.build:Building ROS package in '/home/ubuntu/ros_ws/src/py_pubsub' with build type 'ament_python'
[0.236s] Level 1:colcon.colcon_core.shell:create_environment_hook('py_pubsub', 'ament_prefix_path')
[0.236s] INFO:colcon.colcon_core.shell:Creating environment hook '/home/ubuntu/ros_ws/install/py_pubsub/share/py_pubsub/hook/ament_prefix_path.ps1'
[0.237s] INFO:colcon.colcon_core.shell:Creating environment descriptor '/home/ubuntu/ros_ws/install/py_pubsub/share/py_pubsub/hook/ament_prefix_path.dsv'
[0.237s] INFO:colcon.colcon_core.shell:Creating environment hook '/home/ubuntu/ros_ws/install/py_pubsub/share/py_pubsub/hook/ament_prefix_path.sh'
[0.237s] INFO:colcon.colcon_core.shell:Skip shell extension 'powershell' for command environment: Not usable outside of PowerShell
[0.237s] DEBUG:colcon.colcon_core.shell:Skip shell extension 'dsv' for command environment
[0.423s] INFO:colcon.colcon_core.task.python.build:Building Python package in '/home/ubuntu/ros_ws/src/lios_agv'
[0.423s] INFO:colcon.colcon_core.shell:Skip shell extension 'powershell' for command environment: Not usable outside of PowerShell
[0.423s] DEBUG:colcon.colcon_core.shell:Skip shell extension 'dsv' for command environment
[1.837s] DEBUG:colcon.colcon_core.event_handler.log_command:Invoking command in '/home/ubuntu/ros_ws/build/pwm_messages': CMAKE_PREFIX_PATH=${CMAKE_PREFIX_PATH}:/home/ubuntu/ros_ws/install/py_pubsub:/home/ubuntu/ros_ws/install/lios_agv:/opt/ros/humble /usr/bin/cmake --build /home/ubuntu/ros_ws/build/pwm_messages -- -j4 -l4
[2.062s] INFO:colcon.colcon_core.task.python.build:Building Python package in '/home/ubuntu/ros_ws/src/py_pubsub'
[2.063s] INFO:colcon.colcon_core.shell:Skip shell extension 'powershell' for command environment: Not usable outside of PowerShell
[2.063s] DEBUG:colcon.colcon_core.shell:Skip shell extension 'dsv' for command environment
[2.267s] DEBUG:colcon.colcon_core.event_handler.log_command:Invoked command in '/home/ubuntu/ros_ws/build/pwm_messages' returned '0': CMAKE_PREFIX_PATH=${CMAKE_PREFIX_PATH}:/home/ubuntu/ros_ws/install/py_pubsub:/home/ubuntu/ros_ws/install/lios_agv:/opt/ros/humble /usr/bin/cmake --build /home/ubuntu/ros_ws/build/pwm_messages -- -j4 -l4
[2.301s] DEBUG:colcon.colcon_core.event_handler.log_command:Invoking command in '/home/ubuntu/ros_ws/src/lios_agv': PYTHONPATH=/home/ubuntu/ros_ws/build/lios_agv/prefix_override:/home/ubuntu/.platformio/penv/lib/python3.10/site-packages/colcon_core/task/python/colcon_distutils_commands:/home/ubuntu/ros_ws/install/lios_agv/lib/python3.10/site-packages:${PYTHONPATH} /home/ubuntu/.platformio/penv/bin/python -W ignore:setup.py install is deprecated setup.py egg_info --egg-base ../../build/lios_agv build --build-base /home/ubuntu/ros_ws/build/lios_agv/build install --record /home/ubuntu/ros_ws/build/lios_agv/install.log --single-version-externally-managed install_data
[2.335s] DEBUG:colcon.colcon_core.event_handler.log_command:Invoking command in '/home/ubuntu/ros_ws/build/pwm_messages': CMAKE_PREFIX_PATH=${CMAKE_PREFIX_PATH}:/home/ubuntu/ros_ws/install/py_pubsub:/home/ubuntu/ros_ws/install/lios_agv:/opt/ros/humble /usr/bin/cmake --install /home/ubuntu/ros_ws/build/pwm_messages
[2.390s] Level 1:colcon.colcon_core.environment:create_environment_scripts_only(pwm_messages)
[2.392s] Level 1:colcon.colcon_core.environment:checking '/home/ubuntu/ros_ws/install/pwm_messages' for CMake module files
[2.393s] Level 1:colcon.colcon_core.environment:checking '/home/ubuntu/ros_ws/install/pwm_messages' for CMake config files
[2.393s] Level 1:colcon.colcon_core.shell:create_environment_hook('pwm_messages', 'cmake_prefix_path')
[2.393s] INFO:colcon.colcon_core.shell:Creating environment hook '/home/ubuntu/ros_ws/install/pwm_messages/share/pwm_messages/hook/cmake_prefix_path.ps1'
[2.394s] INFO:colcon.colcon_core.shell:Creating environment descriptor '/home/ubuntu/ros_ws/install/pwm_messages/share/pwm_messages/hook/cmake_prefix_path.dsv'
[2.394s] INFO:colcon.colcon_core.shell:Creating environment hook '/home/ubuntu/ros_ws/install/pwm_messages/share/pwm_messages/hook/cmake_prefix_path.sh'
[2.394s] Level 1:colcon.colcon_core.environment:checking '/home/ubuntu/ros_ws/install/pwm_messages/lib'
[2.394s] Level 1:colcon.colcon_core.shell:create_environment_hook('pwm_messages', 'ld_library_path_lib')
[2.395s] INFO:colcon.colcon_core.shell:Creating environment hook '/home/ubuntu/ros_ws/install/pwm_messages/share/pwm_messages/hook/ld_library_path_lib.ps1'
[2.395s] INFO:colcon.colcon_core.shell:Creating environment descriptor '/home/ubuntu/ros_ws/install/pwm_messages/share/pwm_messages/hook/ld_library_path_lib.dsv'
[2.395s] INFO:colcon.colcon_core.shell:Creating environment hook '/home/ubuntu/ros_ws/install/pwm_messages/share/pwm_messages/hook/ld_library_path_lib.sh'
[2.396s] Level 1:colcon.colcon_core.environment:checking '/home/ubuntu/ros_ws/install/pwm_messages/bin'
[2.396s] Level 1:colcon.colcon_core.environment:checking '/home/ubuntu/ros_ws/install/pwm_messages/lib/pkgconfig/pwm_messages.pc'
[2.396s] Level 1:colcon.colcon_core.environment:checking '/home/ubuntu/ros_ws/install/pwm_messages/lib/python3.10/site-packages'
[2.396s] Level 1:colcon.colcon_core.shell:create_environment_hook('pwm_messages', 'pythonpath')
[2.396s] INFO:colcon.colcon_core.shell:Creating environment hook '/home/ubuntu/ros_ws/install/pwm_messages/share/pwm_messages/hook/pythonpath.ps1'
[2.397s] INFO:colcon.colcon_core.shell:Creating environment descriptor '/home/ubuntu/ros_ws/install/pwm_messages/share/pwm_messages/hook/pythonpath.dsv'
[2.397s] INFO:colcon.colcon_core.shell:Creating environment hook '/home/ubuntu/ros_ws/install/pwm_messages/share/pwm_messages/hook/pythonpath.sh'
[2.397s] Level 1:colcon.colcon_core.environment:checking '/home/ubuntu/ros_ws/install/pwm_messages/bin'
[2.397s] INFO:colcon.colcon_core.shell:Creating package script '/home/ubuntu/ros_ws/install/pwm_messages/share/pwm_messages/package.ps1'
[2.398s] INFO:colcon.colcon_core.shell:Creating package descriptor '/home/ubuntu/ros_ws/install/pwm_messages/share/pwm_messages/package.dsv'
[2.398s] INFO:colcon.colcon_core.shell:Creating package script '/home/ubuntu/ros_ws/install/pwm_messages/share/pwm_messages/package.sh'
[2.399s] INFO:colcon.colcon_core.shell:Creating package script '/home/ubuntu/ros_ws/install/pwm_messages/share/pwm_messages/package.bash'
[2.399s] DEBUG:colcon.colcon_core.event_handler.log_command:Invoked command in '/home/ubuntu/ros_ws/build/pwm_messages' returned '0': CMAKE_PREFIX_PATH=${CMAKE_PREFIX_PATH}:/home/ubuntu/ros_ws/install/py_pubsub:/home/ubuntu/ros_ws/install/lios_agv:/opt/ros/humble /usr/bin/cmake --install /home/ubuntu/ros_ws/build/pwm_messages
[2.400s] INFO:colcon.colcon_core.shell:Creating package script '/home/ubuntu/ros_ws/install/pwm_messages/share/pwm_messages/package.zsh'
[2.400s] Level 1:colcon.colcon_core.environment:create_file_with_runtime_dependencies(/home/ubuntu/ros_ws/install/pwm_messages/share/colcon-core/packages/pwm_messages)
[2.465s] Level 1:colcon.colcon_core.environment:create_environment_scripts_only(pwm_messages)
[2.465s] Level 1:colcon.colcon_core.environment:checking '/home/ubuntu/ros_ws/install/pwm_messages' for CMake module files
[2.466s] Level 1:colcon.colcon_core.environment:checking '/home/ubuntu/ros_ws/install/pwm_messages' for CMake config files
[2.466s] Level 1:colcon.colcon_core.shell:create_environment_hook('pwm_messages', 'cmake_prefix_path')
[2.467s] INFO:colcon.colcon_core.shell:Creating environment hook '/home/ubuntu/ros_ws/install/pwm_messages/share/pwm_messages/hook/cmake_prefix_path.ps1'
[3.062s] INFO:colcon.colcon_core.shell:Creating environment descriptor '/home/ubuntu/ros_ws/install/pwm_messages/share/pwm_messages/hook/cmake_prefix_path.dsv'
[3.063s] INFO:colcon.colcon_core.shell:Creating environment hook '/home/ubuntu/ros_ws/install/pwm_messages/share/pwm_messages/hook/cmake_prefix_path.sh'
[3.063s] Level 1:colcon.colcon_core.environment:checking '/home/ubuntu/ros_ws/install/pwm_messages/lib'
[3.063s] Level 1:colcon.colcon_core.shell:create_environment_hook('pwm_messages', 'ld_library_path_lib')
[3.064s] INFO:colcon.colcon_core.shell:Creating environment hook '/home/ubuntu/ros_ws/install/pwm_messages/share/pwm_messages/hook/ld_library_path_lib.ps1'
[3.064s] INFO:colcon.colcon_core.shell:Creating environment descriptor '/home/ubuntu/ros_ws/install/pwm_messages/share/pwm_messages/hook/ld_library_path_lib.dsv'
[3.064s] INFO:colcon.colcon_core.shell:Creating environment hook '/home/ubuntu/ros_ws/install/pwm_messages/share/pwm_messages/hook/ld_library_path_lib.sh'
[3.168s] Level 1:colcon.colcon_core.environment:checking '/home/ubuntu/ros_ws/install/pwm_messages/bin'
[3.168s] Level 1:colcon.colcon_core.environment:checking '/home/ubuntu/ros_ws/install/pwm_messages/lib/pkgconfig/pwm_messages.pc'
[3.168s] Level 1:colcon.colcon_core.environment:checking '/home/ubuntu/ros_ws/install/pwm_messages/lib/python3.10/site-packages'
[3.168s] Level 1:colcon.colcon_core.shell:create_environment_hook('pwm_messages', 'pythonpath')
[3.169s] INFO:colcon.colcon_core.shell:Creating environment hook '/home/ubuntu/ros_ws/install/pwm_messages/share/pwm_messages/hook/pythonpath.ps1'
[3.169s] INFO:colcon.colcon_core.shell:Creating environment descriptor '/home/ubuntu/ros_ws/install/pwm_messages/share/pwm_messages/hook/pythonpath.dsv'
[3.169s] INFO:colcon.colcon_core.shell:Creating environment hook '/home/ubuntu/ros_ws/install/pwm_messages/share/pwm_messages/hook/pythonpath.sh'
[3.235s] Level 1:colcon.colcon_core.environment:checking '/home/ubuntu/ros_ws/install/pwm_messages/bin'
[3.235s] INFO:colcon.colcon_core.shell:Creating package script '/home/ubuntu/ros_ws/install/pwm_messages/share/pwm_messages/package.ps1'
[3.236s] INFO:colcon.colcon_core.shell:Creating package descriptor '/home/ubuntu/ros_ws/install/pwm_messages/share/pwm_messages/package.dsv'
[3.236s] INFO:colcon.colcon_core.shell:Creating package script '/home/ubuntu/ros_ws/install/pwm_messages/share/pwm_messages/package.sh'
[3.237s] INFO:colcon.colcon_core.shell:Creating package script '/home/ubuntu/ros_ws/install/pwm_messages/share/pwm_messages/package.bash'
[3.237s] INFO:colcon.colcon_core.shell:Creating package script '/home/ubuntu/ros_ws/install/pwm_messages/share/pwm_messages/package.zsh'
[3.237s] Level 1:colcon.colcon_core.environment:create_file_with_runtime_dependencies(/home/ubuntu/ros_ws/install/pwm_messages/share/colcon-core/packages/pwm_messages)
[3.241s] Level 1:colcon.colcon_core.environment:checking '/home/ubuntu/ros_ws/install/lios_agv' for CMake module files
[3.241s] DEBUG:colcon.colcon_core.event_handler.log_command:Invoking command in '/home/ubuntu/ros_ws/src/py_pubsub': PYTHONPATH=/home/ubuntu/ros_ws/build/py_pubsub/prefix_override:/home/ubuntu/.platformio/penv/lib/python3.10/site-packages/colcon_core/task/python/colcon_distutils_commands:/home/ubuntu/ros_ws/install/py_pubsub/lib/python3.10/site-packages:${PYTHONPATH} /home/ubuntu/.platformio/penv/bin/python -W ignore:setup.py install is deprecated setup.py egg_info --egg-base ../../build/py_pubsub build --build-base /home/ubuntu/ros_ws/build/py_pubsub/build install --record /home/ubuntu/ros_ws/build/py_pubsub/install.log --single-version-externally-managed install_data
[3.242s] Level 1:colcon.colcon_core.environment:checking '/home/ubuntu/ros_ws/install/lios_agv' for CMake config files
[3.242s] DEBUG:colcon.colcon_core.event_handler.log_command:Invoked command in '/home/ubuntu/ros_ws/src/lios_agv' returned '0': PYTHONPATH=/home/ubuntu/ros_ws/build/lios_agv/prefix_override:/home/ubuntu/.platformio/penv/lib/python3.10/site-packages/colcon_core/task/python/colcon_distutils_commands:/home/ubuntu/ros_ws/install/lios_agv/lib/python3.10/site-packages:${PYTHONPATH} /home/ubuntu/.platformio/penv/bin/python -W ignore:setup.py install is deprecated setup.py egg_info --egg-base ../../build/lios_agv build --build-base /home/ubuntu/ros_ws/build/lios_agv/build install --record /home/ubuntu/ros_ws/build/lios_agv/install.log --single-version-externally-managed install_data
[3.242s] Level 1:colcon.colcon_core.environment:checking '/home/ubuntu/ros_ws/install/lios_agv/lib'
[3.242s] Level 1:colcon.colcon_core.environment:checking '/home/ubuntu/ros_ws/install/lios_agv/bin'
[3.243s] Level 1:colcon.colcon_core.environment:checking '/home/ubuntu/ros_ws/install/lios_agv/lib/pkgconfig/lios_agv.pc'
[3.243s] Level 1:colcon.colcon_core.environment:checking '/home/ubuntu/ros_ws/install/lios_agv/lib/python3.10/site-packages'
[3.243s] Level 1:colcon.colcon_core.shell:create_environment_hook('lios_agv', 'pythonpath')
[3.243s] INFO:colcon.colcon_core.shell:Creating environment hook '/home/ubuntu/ros_ws/install/lios_agv/share/lios_agv/hook/pythonpath.ps1'
[3.243s] INFO:colcon.colcon_core.shell:Creating environment descriptor '/home/ubuntu/ros_ws/install/lios_agv/share/lios_agv/hook/pythonpath.dsv'
[3.244s] INFO:colcon.colcon_core.shell:Creating environment hook '/home/ubuntu/ros_ws/install/lios_agv/share/lios_agv/hook/pythonpath.sh'
[3.244s] Level 1:colcon.colcon_core.environment:checking '/home/ubuntu/ros_ws/install/lios_agv/bin'
[3.244s] Level 1:colcon.colcon_core.environment:create_environment_scripts_only(lios_agv)
[3.244s] INFO:colcon.colcon_core.shell:Creating package script '/home/ubuntu/ros_ws/install/lios_agv/share/lios_agv/package.ps1'
[3.245s] INFO:colcon.colcon_core.shell:Creating package descriptor '/home/ubuntu/ros_ws/install/lios_agv/share/lios_agv/package.dsv'
[3.245s] INFO:colcon.colcon_core.shell:Creating package script '/home/ubuntu/ros_ws/install/lios_agv/share/lios_agv/package.sh'
[3.245s] INFO:colcon.colcon_core.shell:Creating package script '/home/ubuntu/ros_ws/install/lios_agv/share/lios_agv/package.bash'
[3.246s] INFO:colcon.colcon_core.shell:Creating package script '/home/ubuntu/ros_ws/install/lios_agv/share/lios_agv/package.zsh'
[3.246s] Level 1:colcon.colcon_core.environment:create_file_with_runtime_dependencies(/home/ubuntu/ros_ws/install/lios_agv/share/colcon-core/packages/lios_agv)
[3.447s] Level 1:colcon.colcon_core.environment:checking '/home/ubuntu/ros_ws/install/py_pubsub' for CMake module files
[3.448s] DEBUG:colcon.colcon_core.event_handler.log_command:Invoked command in '/home/ubuntu/ros_ws/src/py_pubsub' returned '0': PYTHONPATH=/home/ubuntu/ros_ws/build/py_pubsub/prefix_override:/home/ubuntu/.platformio/penv/lib/python3.10/site-packages/colcon_core/task/python/colcon_distutils_commands:/home/ubuntu/ros_ws/install/py_pubsub/lib/python3.10/site-packages:${PYTHONPATH} /home/ubuntu/.platformio/penv/bin/python -W ignore:setup.py install is deprecated setup.py egg_info --egg-base ../../build/py_pubsub build --build-base /home/ubuntu/ros_ws/build/py_pubsub/build install --record /home/ubuntu/ros_ws/build/py_pubsub/install.log --single-version-externally-managed install_data
[3.448s] Level 1:colcon.colcon_core.environment:checking '/home/ubuntu/ros_ws/install/py_pubsub' for CMake config files
[3.448s] Level 1:colcon.colcon_core.environment:checking '/home/ubuntu/ros_ws/install/py_pubsub/lib'
[3.448s] Level 1:colcon.colcon_core.environment:checking '/home/ubuntu/ros_ws/install/py_pubsub/bin'
[3.448s] Level 1:colcon.colcon_core.environment:checking '/home/ubuntu/ros_ws/install/py_pubsub/lib/pkgconfig/py_pubsub.pc'
[3.448s] Level 1:colcon.colcon_core.environment:checking '/home/ubuntu/ros_ws/install/py_pubsub/lib/python3.10/site-packages'
[3.449s] Level 1:colcon.colcon_core.shell:create_environment_hook('py_pubsub', 'pythonpath')
[3.449s] INFO:colcon.colcon_core.shell:Creating environment hook '/home/ubuntu/ros_ws/install/py_pubsub/share/py_pubsub/hook/pythonpath.ps1'
[3.449s] INFO:colcon.colcon_core.shell:Creating environment descriptor '/home/ubuntu/ros_ws/install/py_pubsub/share/py_pubsub/hook/pythonpath.dsv'
[3.449s] INFO:colcon.colcon_core.shell:Creating environment hook '/home/ubuntu/ros_ws/install/py_pubsub/share/py_pubsub/hook/pythonpath.sh'
[3.450s] Level 1:colcon.colcon_core.environment:checking '/home/ubuntu/ros_ws/install/py_pubsub/bin'
[3.450s] Level 1:colcon.colcon_core.environment:create_environment_scripts_only(py_pubsub)
[3.450s] INFO:colcon.colcon_core.shell:Creating package script '/home/ubuntu/ros_ws/install/py_pubsub/share/py_pubsub/package.ps1'
[3.450s] INFO:colcon.colcon_core.shell:Creating package descriptor '/home/ubuntu/ros_ws/install/py_pubsub/share/py_pubsub/package.dsv'
[3.451s] INFO:colcon.colcon_core.shell:Creating package script '/home/ubuntu/ros_ws/install/py_pubsub/share/py_pubsub/package.sh'
[3.451s] INFO:colcon.colcon_core.shell:Creating package script '/home/ubuntu/ros_ws/install/py_pubsub/share/py_pubsub/package.bash'
[3.452s] INFO:colcon.colcon_core.shell:Creating package script '/home/ubuntu/ros_ws/install/py_pubsub/share/py_pubsub/package.zsh'
[3.452s] Level 1:colcon.colcon_core.environment:create_file_with_runtime_dependencies(/home/ubuntu/ros_ws/install/py_pubsub/share/colcon-core/packages/py_pubsub)
[3.452s] DEBUG:colcon.colcon_parallel_executor.executor.parallel:closing loop
[3.453s] DEBUG:colcon.colcon_parallel_executor.executor.parallel:loop closed
[3.453s] DEBUG:colcon.colcon_parallel_executor.executor.parallel:run_until_complete finished with '0'
[3.453s] DEBUG:colcon.colcon_core.event_reactor:joining thread
[3.455s] INFO:colcon.colcon_core.plugin_system:Skipping extension 'colcon_notification.desktop_notification.notify2': 'notify2' not found
[3.455s] INFO:colcon.colcon_core.plugin_system:Skipping extension 'colcon_notification.desktop_notification.notify_send': Could not find 'notify-send'
[3.455s] INFO:colcon.colcon_core.plugin_system:Skipping extension 'colcon_notification.desktop_notification.terminal_notifier': Not used on non-Darwin systems
[3.455s] INFO:colcon.colcon_core.plugin_system:Skipping extension 'colcon_notification.desktop_notification.win32': Not used on non-Windows systems
[3.455s] DEBUG:colcon.colcon_core.event_reactor:joined thread
[3.455s] INFO:colcon.colcon_core.shell:Creating prefix script '/home/ubuntu/ros_ws/install/local_setup.ps1'
[3.456s] INFO:colcon.colcon_core.shell:Creating prefix util module '/home/ubuntu/ros_ws/install/_local_setup_util_ps1.py'
[3.457s] INFO:colcon.colcon_core.shell:Creating prefix chain script '/home/ubuntu/ros_ws/install/setup.ps1'
[3.458s] INFO:colcon.colcon_core.shell:Creating prefix script '/home/ubuntu/ros_ws/install/local_setup.sh'
[3.458s] INFO:colcon.colcon_core.shell:Creating prefix util module '/home/ubuntu/ros_ws/install/_local_setup_util_sh.py'
[3.459s] INFO:colcon.colcon_core.shell:Creating prefix chain script '/home/ubuntu/ros_ws/install/setup.sh'
[3.459s] INFO:colcon.colcon_core.shell:Creating prefix script '/home/ubuntu/ros_ws/install/local_setup.bash'
[3.460s] INFO:colcon.colcon_core.shell:Creating prefix chain script '/home/ubuntu/ros_ws/install/setup.bash'
[3.460s] INFO:colcon.colcon_core.shell:Creating prefix script '/home/ubuntu/ros_ws/install/local_setup.zsh'
[3.461s] INFO:colcon.colcon_core.shell:Creating prefix chain script '/home/ubuntu/ros_ws/install/setup.zsh'
