[0.626s] Invoking command in '/home/ubuntu/ros_ws/src/py_pubsub': PYTHONPATH=/home/ubuntu/ros_ws/build/py_pubsub/prefix_override:/home/ubuntu/.platformio/penv/lib/python3.10/site-packages/colcon_core/task/python/colcon_distutils_commands:/home/ubuntu/ros_ws/install/py_pubsub/lib/python3.10/site-packages:${PYTHONPATH} VIRTUAL_ENV_PROMPT=(penv) /home/ubuntu/.platformio/penv/bin/python -W ignore:setup.py install is deprecated setup.py egg_info --egg-base ../../build/py_pubsub build --build-base /home/ubuntu/ros_ws/build/py_pubsub/build install --record /home/ubuntu/ros_ws/build/py_pubsub/install.log --single-version-externally-managed install_data
[0.778s] running egg_info
[0.779s] writing ../../build/py_pubsub/py_pubsub.egg-info/PKG-INFO
[0.779s] writing dependency_links to ../../build/py_pubsub/py_pubsub.egg-info/dependency_links.txt
[0.780s] writing entry points to ../../build/py_pubsub/py_pubsub.egg-info/entry_points.txt
[0.780s] writing requirements to ../../build/py_pubsub/py_pubsub.egg-info/requires.txt
[0.780s] writing top-level names to ../../build/py_pubsub/py_pubsub.egg-info/top_level.txt
[0.781s] reading manifest file '../../build/py_pubsub/py_pubsub.egg-info/SOURCES.txt'
[0.781s] adding license file 'LICENSE'
[0.782s] writing manifest file '../../build/py_pubsub/py_pubsub.egg-info/SOURCES.txt'
[0.782s] running build
[0.782s] running build_py
[0.782s] running install
[0.782s] running install_lib
[0.783s] running install_data
[0.783s] running install_egg_info
[0.785s] removing '/home/ubuntu/ros_ws/install/py_pubsub/lib/python3.10/site-packages/py_pubsub-0.0.0-py3.10.egg-info' (and everything under it)
[0.788s] Copying ../../build/py_pubsub/py_pubsub.egg-info to /home/ubuntu/ros_ws/install/py_pubsub/lib/python3.10/site-packages/py_pubsub-0.0.0-py3.10.egg-info
[0.792s] running install_scripts
[0.812s] Installing talker script to /home/ubuntu/ros_ws/install/py_pubsub/lib/py_pubsub
[0.813s] Installing talkerint script to /home/ubuntu/ros_ws/install/py_pubsub/lib/py_pubsub
[0.813s] writing list of installed files to '/home/ubuntu/ros_ws/build/py_pubsub/install.log'
[0.847s] Invoked command in '/home/ubuntu/ros_ws/src/py_pubsub' returned '0': PYTHONPATH=/home/ubuntu/ros_ws/build/py_pubsub/prefix_override:/home/ubuntu/.platformio/penv/lib/python3.10/site-packages/colcon_core/task/python/colcon_distutils_commands:/home/ubuntu/ros_ws/install/py_pubsub/lib/python3.10/site-packages:${PYTHONPATH} VIRTUAL_ENV_PROMPT=(penv) /home/ubuntu/.platformio/penv/bin/python -W ignore:setup.py install is deprecated setup.py egg_info --egg-base ../../build/py_pubsub build --build-base /home/ubuntu/ros_ws/build/py_pubsub/build install --record /home/ubuntu/ros_ws/build/py_pubsub/install.log --single-version-externally-managed install_data
