[0.826s] Invoking command in '/home/ubuntu/ros_ws/src/lios_agv': PYTHONPATH=/home/ubuntu/ros_ws/build/lios_agv/prefix_override:/home/ubuntu/.platformio/penv/lib/python3.10/site-packages/colcon_core/task/python/colcon_distutils_commands:/home/ubuntu/ros_ws/install/lios_agv/lib/python3.10/site-packages:${PYTHONPATH} /home/ubuntu/.platformio/penv/bin/python -W ignore:setup.py install is deprecated setup.py egg_info --egg-base ../../build/lios_agv build --build-base /home/ubuntu/ros_ws/build/lios_agv/build install --record /home/ubuntu/ros_ws/build/lios_agv/install.log --single-version-externally-managed install_data
[1.039s] running egg_info
[1.040s] writing ../../build/lios_agv/lios_agv.egg-info/PKG-INFO
[1.040s] writing dependency_links to ../../build/lios_agv/lios_agv.egg-info/dependency_links.txt
[1.040s] writing entry points to ../../build/lios_agv/lios_agv.egg-info/entry_points.txt
[1.040s] writing requirements to ../../build/lios_agv/lios_agv.egg-info/requires.txt
[1.041s] writing top-level names to ../../build/lios_agv/lios_agv.egg-info/top_level.txt
[1.042s] reading manifest file '../../build/lios_agv/lios_agv.egg-info/SOURCES.txt'
[1.043s] adding license file 'LICENSE'
[1.043s] writing manifest file '../../build/lios_agv/lios_agv.egg-info/SOURCES.txt'
[1.043s] running build
[1.043s] running build_py
[1.044s] copying lios_agv/manual_control.py -> /home/ubuntu/ros_ws/build/lios_agv/build/lib/lios_agv
[1.044s] running install
[1.045s] running install_lib
[1.045s] copying /home/ubuntu/ros_ws/build/lios_agv/build/lib/lios_agv/manual_control.py -> /home/ubuntu/ros_ws/install/lios_agv/lib/python3.10/site-packages/lios_agv
[1.046s] byte-compiling /home/ubuntu/ros_ws/install/lios_agv/lib/python3.10/site-packages/lios_agv/manual_control.py to manual_control.cpython-310.pyc
[1.047s] running install_data
[1.048s] running install_egg_info
[1.049s] removing '/home/ubuntu/ros_ws/install/lios_agv/lib/python3.10/site-packages/lios_agv-0.0.0-py3.10.egg-info' (and everything under it)
[1.050s] Copying ../../build/lios_agv/lios_agv.egg-info to /home/ubuntu/ros_ws/install/lios_agv/lib/python3.10/site-packages/lios_agv-0.0.0-py3.10.egg-info
[1.051s] running install_scripts
[1.072s] Installing controller script to /home/ubuntu/ros_ws/install/lios_agv/lib/lios_agv
[1.072s] Installing joystick script to /home/ubuntu/ros_ws/install/lios_agv/lib/lios_agv
[1.073s] Installing manual script to /home/ubuntu/ros_ws/install/lios_agv/lib/lios_agv
[1.074s] writing list of installed files to '/home/ubuntu/ros_ws/build/lios_agv/install.log'
[1.112s] Invoked command in '/home/ubuntu/ros_ws/src/lios_agv' returned '0': PYTHONPATH=/home/ubuntu/ros_ws/build/lios_agv/prefix_override:/home/ubuntu/.platformio/penv/lib/python3.10/site-packages/colcon_core/task/python/colcon_distutils_commands:/home/ubuntu/ros_ws/install/lios_agv/lib/python3.10/site-packages:${PYTHONPATH} /home/ubuntu/.platformio/penv/bin/python -W ignore:setup.py install is deprecated setup.py egg_info --egg-base ../../build/lios_agv build --build-base /home/ubuntu/ros_ws/build/lios_agv/build install --record /home/ubuntu/ros_ws/build/lios_agv/install.log --single-version-externally-managed install_data
