[0.631s] Invoking command in '/home/ubuntu/ros_ws/src/lios_agv': PYTHONPATH=/home/ubuntu/ros_ws/build/lios_agv/prefix_override:/home/ubuntu/.platformio/penv/lib/python3.10/site-packages/colcon_core/task/python/colcon_distutils_commands:/home/ubuntu/ros_ws/install/lios_agv/lib/python3.10/site-packages:${PYTHONPATH} /home/ubuntu/.platformio/penv/bin/python -W ignore:setup.py install is deprecated setup.py egg_info --egg-base ../../build/lios_agv build --build-base /home/ubuntu/ros_ws/build/lios_agv/build install --record /home/ubuntu/ros_ws/build/lios_agv/install.log --single-version-externally-managed install_data
[0.814s] running egg_info
[0.815s] writing ../../build/lios_agv/lios_agv.egg-info/PKG-INFO
[0.815s] writing dependency_links to ../../build/lios_agv/lios_agv.egg-info/dependency_links.txt
[0.816s] writing entry points to ../../build/lios_agv/lios_agv.egg-info/entry_points.txt
[0.816s] writing requirements to ../../build/lios_agv/lios_agv.egg-info/requires.txt
[0.816s] writing top-level names to ../../build/lios_agv/lios_agv.egg-info/top_level.txt
[0.819s] reading manifest file '../../build/lios_agv/lios_agv.egg-info/SOURCES.txt'
[0.819s] adding license file 'LICENSE'
[0.819s] writing manifest file '../../build/lios_agv/lios_agv.egg-info/SOURCES.txt'
[0.820s] running build
[0.820s] running build_py
[0.820s] copying lios_agv/joystick_control.py -> /home/ubuntu/ros_ws/build/lios_agv/build/lib/lios_agv
[0.821s] copying lios_agv/robot_control.py -> /home/ubuntu/ros_ws/build/lios_agv/build/lib/lios_agv
[0.822s] running install
[0.823s] running install_lib
[0.825s] copying /home/ubuntu/ros_ws/build/lios_agv/build/lib/lios_agv/joystick_control.py -> /home/ubuntu/ros_ws/install/lios_agv/lib/python3.10/site-packages/lios_agv
[0.825s] copying /home/ubuntu/ros_ws/build/lios_agv/build/lib/lios_agv/robot_control.py -> /home/ubuntu/ros_ws/install/lios_agv/lib/python3.10/site-packages/lios_agv
[0.827s] byte-compiling /home/ubuntu/ros_ws/install/lios_agv/lib/python3.10/site-packages/lios_agv/joystick_control.py to joystick_control.cpython-310.pyc
[0.829s] byte-compiling /home/ubuntu/ros_ws/install/lios_agv/lib/python3.10/site-packages/lios_agv/robot_control.py to robot_control.cpython-310.pyc
[0.830s] running install_data
[0.831s] running install_egg_info
[0.832s] removing '/home/ubuntu/ros_ws/install/lios_agv/lib/python3.10/site-packages/lios_agv-0.0.0-py3.10.egg-info' (and everything under it)
[0.834s] Copying ../../build/lios_agv/lios_agv.egg-info to /home/ubuntu/ros_ws/install/lios_agv/lib/python3.10/site-packages/lios_agv-0.0.0-py3.10.egg-info
[0.837s] running install_scripts
[0.854s] Installing controller script to /home/ubuntu/ros_ws/install/lios_agv/lib/lios_agv
[0.855s] Installing joystick script to /home/ubuntu/ros_ws/install/lios_agv/lib/lios_agv
[0.855s] Installing manual script to /home/ubuntu/ros_ws/install/lios_agv/lib/lios_agv
[0.855s] writing list of installed files to '/home/ubuntu/ros_ws/build/lios_agv/install.log'
[0.882s] Invoked command in '/home/ubuntu/ros_ws/src/lios_agv' returned '0': PYTHONPATH=/home/ubuntu/ros_ws/build/lios_agv/prefix_override:/home/ubuntu/.platformio/penv/lib/python3.10/site-packages/colcon_core/task/python/colcon_distutils_commands:/home/ubuntu/ros_ws/install/lios_agv/lib/python3.10/site-packages:${PYTHONPATH} /home/ubuntu/.platformio/penv/bin/python -W ignore:setup.py install is deprecated setup.py egg_info --egg-base ../../build/lios_agv build --build-base /home/ubuntu/ros_ws/build/lios_agv/build install --record /home/ubuntu/ros_ws/build/lios_agv/install.log --single-version-externally-managed install_data
