[1.173s] Invoking command in '/home/ubuntu/ros_ws/src/lios_agv': PYTHONPATH=/home/ubuntu/ros_ws/build/lios_agv/prefix_override:/home/ubuntu/.platformio/penv/lib/python3.10/site-packages/colcon_core/task/python/colcon_distutils_commands:/home/ubuntu/ros_ws/install/lios_agv/lib/python3.10/site-packages:${PYTHONPATH} /home/ubuntu/.platformio/penv/bin/python -W ignore:setup.py install is deprecated setup.py egg_info --egg-base ../../build/lios_agv build --build-base /home/ubuntu/ros_ws/build/lios_agv/build install --record /home/ubuntu/ros_ws/build/lios_agv/install.log --single-version-externally-managed install_data
[1.412s] running egg_info
[1.412s] writing ../../build/lios_agv/lios_agv.egg-info/PKG-INFO
[1.413s] writing dependency_links to ../../build/lios_agv/lios_agv.egg-info/dependency_links.txt
[1.413s] writing entry points to ../../build/lios_agv/lios_agv.egg-info/entry_points.txt
[1.413s] writing requirements to ../../build/lios_agv/lios_agv.egg-info/requires.txt
[1.413s] writing top-level names to ../../build/lios_agv/lios_agv.egg-info/top_level.txt
[1.415s] reading manifest file '../../build/lios_agv/lios_agv.egg-info/SOURCES.txt'
[1.415s] adding license file 'LICENSE'
[1.416s] writing manifest file '../../build/lios_agv/lios_agv.egg-info/SOURCES.txt'
[1.416s] running build
[1.416s] running build_py
[1.416s] copying lios_agv/joystick_control.py -> /home/ubuntu/ros_ws/build/lios_agv/build/lib/lios_agv
[1.417s] copying lios_agv/manual_control.py -> /home/ubuntu/ros_ws/build/lios_agv/build/lib/lios_agv
[1.417s] running install
[1.418s] running install_lib
[1.419s] copying /home/ubuntu/ros_ws/build/lios_agv/build/lib/lios_agv/joystick_control.py -> /home/ubuntu/ros_ws/install/lios_agv/lib/python3.10/site-packages/lios_agv
[1.419s] copying /home/ubuntu/ros_ws/build/lios_agv/build/lib/lios_agv/manual_control.py -> /home/ubuntu/ros_ws/install/lios_agv/lib/python3.10/site-packages/lios_agv
[1.420s] byte-compiling /home/ubuntu/ros_ws/install/lios_agv/lib/python3.10/site-packages/lios_agv/joystick_control.py to joystick_control.cpython-310.pyc
[1.421s] byte-compiling /home/ubuntu/ros_ws/install/lios_agv/lib/python3.10/site-packages/lios_agv/manual_control.py to manual_control.cpython-310.pyc
[1.423s] running install_data
[1.423s] running install_egg_info
[1.425s] removing '/home/ubuntu/ros_ws/install/lios_agv/lib/python3.10/site-packages/lios_agv-0.0.0-py3.10.egg-info' (and everything under it)
[1.427s] Copying ../../build/lios_agv/lios_agv.egg-info to /home/ubuntu/ros_ws/install/lios_agv/lib/python3.10/site-packages/lios_agv-0.0.0-py3.10.egg-info
[1.427s] running install_scripts
[1.451s] Installing controller script to /home/ubuntu/ros_ws/install/lios_agv/lib/lios_agv
[1.451s] Installing joystick script to /home/ubuntu/ros_ws/install/lios_agv/lib/lios_agv
[1.451s] Installing manual script to /home/ubuntu/ros_ws/install/lios_agv/lib/lios_agv
[1.451s] writing list of installed files to '/home/ubuntu/ros_ws/build/lios_agv/install.log'
[1.496s] Invoked command in '/home/ubuntu/ros_ws/src/lios_agv' returned '0': PYTHONPATH=/home/ubuntu/ros_ws/build/lios_agv/prefix_override:/home/ubuntu/.platformio/penv/lib/python3.10/site-packages/colcon_core/task/python/colcon_distutils_commands:/home/ubuntu/ros_ws/install/lios_agv/lib/python3.10/site-packages:${PYTHONPATH} /home/ubuntu/.platformio/penv/bin/python -W ignore:setup.py install is deprecated setup.py egg_info --egg-base ../../build/lios_agv build --build-base /home/ubuntu/ros_ws/build/lios_agv/build install --record /home/ubuntu/ros_ws/build/lios_agv/install.log --single-version-externally-managed install_data
