[0.591s] Invoking command in '/home/ubuntu/ros_ws/src/py_pubsub': PYTHONPATH=/home/ubuntu/ros_ws/build/py_pubsub/prefix_override:/home/ubuntu/.platformio/penv/lib/python3.10/site-packages/colcon_core/task/python/colcon_distutils_commands:/home/ubuntu/ros_ws/install/py_pubsub/lib/python3.10/site-packages:${PYTHONPATH} /home/ubuntu/.platformio/penv/bin/python -W ignore:setup.py install is deprecated setup.py egg_info --egg-base ../../build/py_pubsub build --build-base /home/ubuntu/ros_ws/build/py_pubsub/build install --record /home/ubuntu/ros_ws/build/py_pubsub/install.log --single-version-externally-managed install_data
[0.744s] running egg_info
[0.744s] writing ../../build/py_pubsub/py_pubsub.egg-info/PKG-INFO
[0.744s] writing dependency_links to ../../build/py_pubsub/py_pubsub.egg-info/dependency_links.txt
[0.745s] writing entry points to ../../build/py_pubsub/py_pubsub.egg-info/entry_points.txt
[0.745s] writing requirements to ../../build/py_pubsub/py_pubsub.egg-info/requires.txt
[0.745s] writing top-level names to ../../build/py_pubsub/py_pubsub.egg-info/top_level.txt
[0.746s] reading manifest file '../../build/py_pubsub/py_pubsub.egg-info/SOURCES.txt'
[0.746s] adding license file 'LICENSE'
[0.746s] writing manifest file '../../build/py_pubsub/py_pubsub.egg-info/SOURCES.txt'
[0.746s] running build
[0.746s] running build_py
[0.747s] running install
[0.747s] running install_lib
[0.748s] running install_data
[0.748s] running install_egg_info
[0.749s] removing '/home/ubuntu/ros_ws/install/py_pubsub/lib/python3.10/site-packages/py_pubsub-0.0.0-py3.10.egg-info' (and everything under it)
[0.749s] Copying ../../build/py_pubsub/py_pubsub.egg-info to /home/ubuntu/ros_ws/install/py_pubsub/lib/python3.10/site-packages/py_pubsub-0.0.0-py3.10.egg-info
[0.750s] running install_scripts
[0.765s] Installing talker script to /home/ubuntu/ros_ws/install/py_pubsub/lib/py_pubsub
[0.765s] Installing talkerint script to /home/ubuntu/ros_ws/install/py_pubsub/lib/py_pubsub
[0.766s] writing list of installed files to '/home/ubuntu/ros_ws/build/py_pubsub/install.log'
[0.787s] Invoked command in '/home/ubuntu/ros_ws/src/py_pubsub' returned '0': PYTHONPATH=/home/ubuntu/ros_ws/build/py_pubsub/prefix_override:/home/ubuntu/.platformio/penv/lib/python3.10/site-packages/colcon_core/task/python/colcon_distutils_commands:/home/ubuntu/ros_ws/install/py_pubsub/lib/python3.10/site-packages:${PYTHONPATH} /home/ubuntu/.platformio/penv/bin/python -W ignore:setup.py install is deprecated setup.py egg_info --egg-base ../../build/py_pubsub build --build-base /home/ubuntu/ros_ws/build/py_pubsub/build install --record /home/ubuntu/ros_ws/build/py_pubsub/install.log --single-version-externally-managed install_data
