[0.202s] Invoking command in '/home/ubuntu/ros_ws/build/pwm_messages': CMAKE_PREFIX_PATH=/home/ubuntu/ros_ws/install/py_pubsub:/home/ubuntu/ros_ws/install/lios_agv:/opt/ros/humble /usr/bin/cmake /home/ubuntu/ros_ws/src/pwm_messages -DCMAKE_INSTALL_PREFIX=/home/ubuntu/ros_ws/install/pwm_messages
[0.252s] -- The C compiler identification is GNU 11.4.0
[0.306s] -- The CXX compiler identification is GNU 11.4.0
[0.312s] -- Detecting C compiler ABI info
[0.378s] -- Detecting C compiler ABI info - done
[0.383s] -- Check for working C compiler: /usr/bin/cc - skipped
[0.383s] -- Detecting C compile features
[0.383s] -- Detecting C compile features - done
[0.386s] -- Detecting CXX compiler ABI info
[0.469s] -- Detecting CXX compiler ABI info - done
[0.476s] -- Check for working CXX compiler: /usr/bin/c++ - skipped
[0.476s] -- Detecting CXX compile features
[0.477s] -- Detecting CXX compile features - done
[0.503s] -- Found ament_cmake: 1.3.10 (/opt/ros/humble/share/ament_cmake/cmake)
[0.634s] -- Found Python3: /home/ubuntu/.platformio/penv/bin/python3 (found version "3.10.12") found components: Interpreter 
[0.832s] -- Found ament_lint_auto: 0.12.11 (/opt/ros/humble/share/ament_lint_auto/cmake)
[0.931s] -- Found rosidl_default_generators: 1.2.0 (/opt/ros/humble/share/rosidl_default_generators/cmake)
[0.938s] -- Using all available rosidl_typesupport_c: rosidl_typesupport_fastrtps_c;rosidl_typesupport_introspection_c
[0.951s] -- Found rosidl_adapter: 3.1.5 (/opt/ros/humble/share/rosidl_adapter/cmake)
[1.023s] -- Using all available rosidl_typesupport_cpp: rosidl_typesupport_fastrtps_cpp;rosidl_typesupport_introspection_cpp
[1.231s] -- Found ament_cmake_ros: 0.10.0 (/opt/ros/humble/share/ament_cmake_ros/cmake)
[1.381s] -- Using all available rosidl_typesupport_c: rosidl_typesupport_fastrtps_c;rosidl_typesupport_introspection_c
[1.562s] -- Using all available rosidl_typesupport_cpp: rosidl_typesupport_fastrtps_cpp;rosidl_typesupport_introspection_cpp
[1.578s] -- Found PythonInterp: /home/ubuntu/.platformio/penv/bin/python3 (found suitable version "3.10.12", minimum required is "3.6") 
[1.581s] -- Found python_cmake_module: 0.10.0 (/opt/ros/humble/share/python_cmake_module/cmake)
[1.601s] -- Found PythonLibs: /usr/lib/x86_64-linux-gnu/libpython3.10.so (found suitable version "3.10.12", minimum required is "3.5") 
[1.601s] -- Using PYTHON_EXECUTABLE: /home/ubuntu/.platformio/penv/bin/python3
[1.601s] -- Using PYTHON_INCLUDE_DIRS: /usr/include/python3.10
[1.602s] -- Using PYTHON_LIBRARIES: /usr/lib/x86_64-linux-gnu/libpython3.10.so
[1.615s] -- Found PythonExtra: .so  
[1.645s] -- Added test 'lint_cmake' to check CMake code style
[1.647s] -- Added test 'xmllint' to check XML markup files
[1.659s] -- Configuring done
[1.685s] -- Generating done
[1.688s] -- Build files have been written to: /home/ubuntu/ros_ws/build/pwm_messages
[1.695s] Invoked command in '/home/ubuntu/ros_ws/build/pwm_messages' returned '0': CMAKE_PREFIX_PATH=/home/ubuntu/ros_ws/install/py_pubsub:/home/ubuntu/ros_ws/install/lios_agv:/opt/ros/humble /usr/bin/cmake /home/ubuntu/ros_ws/src/pwm_messages -DCMAKE_INSTALL_PREFIX=/home/ubuntu/ros_ws/install/pwm_messages
[1.697s] Invoking command in '/home/ubuntu/ros_ws/build/pwm_messages': CMAKE_PREFIX_PATH=/home/ubuntu/ros_ws/install/py_pubsub:/home/ubuntu/ros_ws/install/lios_agv:/opt/ros/humble /usr/bin/cmake --build /home/ubuntu/ros_ws/build/pwm_messages -- -j4 -l4
[1.733s] [  3%] [34m[1mGenerating C code for ROS interfaces[0m
[1.741s] [  6%] [34m[1mGenerating C++ code for ROS interfaces[0m
[1.749s] [  6%] Built target ament_cmake_python_copy_pwm_messages
[1.950s] [  9%] [32mBuilding C object CMakeFiles/pwm_messages__rosidl_generator_c.dir/rosidl_generator_c/pwm_messages/msg/detail/pwm__functions.c.o[0m
[1.951s] running egg_info
[1.951s] creating pwm_messages.egg-info
[1.952s] writing pwm_messages.egg-info/PKG-INFO
[1.952s] writing dependency_links to pwm_messages.egg-info/dependency_links.txt
[1.952s] writing top-level names to pwm_messages.egg-info/top_level.txt
[1.952s] writing manifest file 'pwm_messages.egg-info/SOURCES.txt'
[1.954s] reading manifest file 'pwm_messages.egg-info/SOURCES.txt'
[1.954s] writing manifest file 'pwm_messages.egg-info/SOURCES.txt'
[1.967s] [  9%] Built target pwm_messages__cpp
[1.978s] [ 12%] [34m[1mGenerating C++ type support for eProsima Fast-RTPS[0m
[1.984s] [ 16%] [34m[1mGenerating C++ introspection for ROS interfaces[0m
[2.006s] [ 16%] Built target ament_cmake_python_build_pwm_messages_egg
[2.026s] [ 22%] [32m[1mLinking C shared library libpwm_messages__rosidl_generator_c.so[0m
[2.027s] [ 22%] [34m[1mGenerating C++ type support dispatch for ROS interfaces[0m
[2.068s] [ 22%] Built target pwm_messages__rosidl_generator_c
[2.079s] [ 25%] [34m[1mGenerating C type support for eProsima Fast-RTPS[0m
[2.165s] [ 29%] [32mBuilding CXX object CMakeFiles/pwm_messages__rosidl_typesupport_introspection_cpp.dir/rosidl_typesupport_introspection_cpp/pwm_messages/msg/detail/pwm__type_support.cpp.o[0m
[2.173s] [ 32%] [32mBuilding CXX object CMakeFiles/pwm_messages__rosidl_typesupport_fastrtps_cpp.dir/rosidl_typesupport_fastrtps_cpp/pwm_messages/msg/detail/dds_fastrtps/pwm__type_support.cpp.o[0m
[2.219s] [ 35%] [32mBuilding CXX object CMakeFiles/pwm_messages__rosidl_typesupport_cpp.dir/rosidl_typesupport_cpp/pwm_messages/msg/pwm__type_support.cpp.o[0m
[2.265s] [ 38%] [32mBuilding CXX object CMakeFiles/pwm_messages__rosidl_typesupport_fastrtps_c.dir/rosidl_typesupport_fastrtps_c/pwm_messages/msg/detail/pwm__type_support_c.cpp.o[0m
[2.442s] [ 41%] [32m[1mLinking CXX shared library libpwm_messages__rosidl_typesupport_cpp.so[0m
[2.488s] [ 41%] Built target pwm_messages__rosidl_typesupport_cpp
[2.510s] [ 45%] [34m[1mGenerating C introspection for ROS interfaces[0m
[2.521s] [ 48%] [32m[1mLinking CXX shared library libpwm_messages__rosidl_typesupport_introspection_cpp.so[0m
[2.522s] [ 51%] [32m[1mLinking CXX shared library libpwm_messages__rosidl_typesupport_fastrtps_cpp.so[0m
[2.542s] [ 54%] [32m[1mLinking CXX shared library libpwm_messages__rosidl_typesupport_fastrtps_c.so[0m
[2.559s] [ 54%] Built target pwm_messages__rosidl_typesupport_introspection_cpp
[2.569s] [ 58%] [34m[1mGenerating C type support dispatch for ROS interfaces[0m
[2.619s] [ 58%] Built target pwm_messages__rosidl_typesupport_fastrtps_c
[2.662s] [ 58%] Built target pwm_messages__rosidl_typesupport_fastrtps_cpp
[2.710s] [ 61%] [32mBuilding C object CMakeFiles/pwm_messages__rosidl_typesupport_introspection_c.dir/rosidl_typesupport_introspection_c/pwm_messages/msg/detail/pwm__type_support.c.o[0m
[2.739s] [ 64%] [32mBuilding CXX object CMakeFiles/pwm_messages__rosidl_typesupport_c.dir/rosidl_typesupport_c/pwm_messages/msg/pwm__type_support.cpp.o[0m
[2.741s] [ 67%] [32m[1mLinking C shared library libpwm_messages__rosidl_typesupport_introspection_c.so[0m
[2.767s] [ 70%] [32m[1mLinking CXX shared library libpwm_messages__rosidl_typesupport_c.so[0m
[2.768s] [ 70%] Built target pwm_messages__rosidl_typesupport_introspection_c
[2.803s] [ 70%] Built target pwm_messages__rosidl_typesupport_c
[2.822s] [ 70%] Built target pwm_messages
[2.839s] [ 74%] [34m[1mGenerating Python code for ROS interfaces[0m
[3.059s] [ 74%] Built target pwm_messages__py
[3.080s] [ 77%] [32mBuilding C object CMakeFiles/pwm_messages__rosidl_generator_py.dir/rosidl_generator_py/pwm_messages/msg/_pwm_s.c.o[0m
[3.210s] [ 80%] [32m[1mLinking C shared library rosidl_generator_py/pwm_messages/libpwm_messages__rosidl_generator_py.so[0m
[3.245s] [ 80%] Built target pwm_messages__rosidl_generator_py
[3.264s] [ 87%] [32mBuilding C object CMakeFiles/pwm_messages__rosidl_typesupport_fastrtps_c__pyext.dir/rosidl_generator_py/pwm_messages/_pwm_messages_s.ep.rosidl_typesupport_fastrtps_c.c.o[0m
[3.264s] [ 90%] [32mBuilding C object CMakeFiles/pwm_messages__rosidl_typesupport_introspection_c__pyext.dir/rosidl_generator_py/pwm_messages/_pwm_messages_s.ep.rosidl_typesupport_introspection_c.c.o[0m
[3.264s] [ 90%] [32mBuilding C object CMakeFiles/pwm_messages__rosidl_typesupport_c__pyext.dir/rosidl_generator_py/pwm_messages/_pwm_messages_s.ep.rosidl_typesupport_c.c.o[0m
[3.354s] [ 96%] [32m[1mLinking C shared library rosidl_generator_py/pwm_messages/pwm_messages_s__rosidl_typesupport_introspection_c.cpython-310-x86_64-linux-gnu.so[0m
[3.355s] [ 96%] [32m[1mLinking C shared library rosidl_generator_py/pwm_messages/pwm_messages_s__rosidl_typesupport_c.cpython-310-x86_64-linux-gnu.so[0m
[3.367s] [100%] [32m[1mLinking C shared library rosidl_generator_py/pwm_messages/pwm_messages_s__rosidl_typesupport_fastrtps_c.cpython-310-x86_64-linux-gnu.so[0m
[3.386s] [100%] Built target pwm_messages__rosidl_typesupport_introspection_c__pyext
[3.387s] [100%] Built target pwm_messages__rosidl_typesupport_c__pyext
[3.398s] [100%] Built target pwm_messages__rosidl_typesupport_fastrtps_c__pyext
[3.410s] Invoked command in '/home/ubuntu/ros_ws/build/pwm_messages' returned '0': CMAKE_PREFIX_PATH=/home/ubuntu/ros_ws/install/py_pubsub:/home/ubuntu/ros_ws/install/lios_agv:/opt/ros/humble /usr/bin/cmake --build /home/ubuntu/ros_ws/build/pwm_messages -- -j4 -l4
[3.474s] Invoking command in '/home/ubuntu/ros_ws/build/pwm_messages': CMAKE_PREFIX_PATH=/home/ubuntu/ros_ws/install/py_pubsub:/home/ubuntu/ros_ws/install/lios_agv:/opt/ros/humble /usr/bin/cmake --install /home/ubuntu/ros_ws/build/pwm_messages
[3.482s] -- Install configuration: ""
[3.482s] -- Installing: /home/ubuntu/ros_ws/install/pwm_messages/share/ament_index/resource_index/rosidl_interfaces/pwm_messages
[3.482s] -- Installing: /home/ubuntu/ros_ws/install/pwm_messages/include/pwm_messages/pwm_messages
[3.484s] -- Installing: /home/ubuntu/ros_ws/install/pwm_messages/include/pwm_messages/pwm_messages/msg
[3.484s] -- Installing: /home/ubuntu/ros_ws/install/pwm_messages/include/pwm_messages/pwm_messages/msg/detail
[3.484s] -- Installing: /home/ubuntu/ros_ws/install/pwm_messages/include/pwm_messages/pwm_messages/msg/detail/pwm__type_support.h
[3.484s] -- Installing: /home/ubuntu/ros_ws/install/pwm_messages/include/pwm_messages/pwm_messages/msg/detail/pwm__functions.h
[3.484s] -- Installing: /home/ubuntu/ros_ws/install/pwm_messages/include/pwm_messages/pwm_messages/msg/detail/pwm__struct.h
[3.484s] -- Installing: /home/ubuntu/ros_ws/install/pwm_messages/include/pwm_messages/pwm_messages/msg/detail/pwm__functions.c
[3.484s] -- Installing: /home/ubuntu/ros_ws/install/pwm_messages/include/pwm_messages/pwm_messages/msg/rosidl_generator_c__visibility_control.h
[3.484s] -- Installing: /home/ubuntu/ros_ws/install/pwm_messages/include/pwm_messages/pwm_messages/msg/pwm.h
[3.484s] -- Installing: /home/ubuntu/ros_ws/install/pwm_messages/share/pwm_messages/environment/library_path.sh
[3.484s] -- Installing: /home/ubuntu/ros_ws/install/pwm_messages/share/pwm_messages/environment/library_path.dsv
[3.484s] -- Installing: /home/ubuntu/ros_ws/install/pwm_messages/lib/libpwm_messages__rosidl_generator_c.so
[3.484s] -- Set runtime path of "/home/ubuntu/ros_ws/install/pwm_messages/lib/libpwm_messages__rosidl_generator_c.so" to ""
[3.485s] -- Up-to-date: /home/ubuntu/ros_ws/install/pwm_messages/include/pwm_messages/pwm_messages
[3.485s] -- Up-to-date: /home/ubuntu/ros_ws/install/pwm_messages/include/pwm_messages/pwm_messages/msg
[3.485s] -- Up-to-date: /home/ubuntu/ros_ws/install/pwm_messages/include/pwm_messages/pwm_messages/msg/detail
[3.485s] -- Installing: /home/ubuntu/ros_ws/install/pwm_messages/include/pwm_messages/pwm_messages/msg/detail/pwm__rosidl_typesupport_fastrtps_c.h
[3.485s] -- Installing: /home/ubuntu/ros_ws/install/pwm_messages/include/pwm_messages/pwm_messages/msg/rosidl_typesupport_fastrtps_c__visibility_control.h
[3.485s] -- Installing: /home/ubuntu/ros_ws/install/pwm_messages/lib/libpwm_messages__rosidl_typesupport_fastrtps_c.so
[3.486s] -- Set runtime path of "/home/ubuntu/ros_ws/install/pwm_messages/lib/libpwm_messages__rosidl_typesupport_fastrtps_c.so" to ""
[3.486s] -- Up-to-date: /home/ubuntu/ros_ws/install/pwm_messages/include/pwm_messages/pwm_messages
[3.486s] -- Up-to-date: /home/ubuntu/ros_ws/install/pwm_messages/include/pwm_messages/pwm_messages/msg
[3.486s] -- Up-to-date: /home/ubuntu/ros_ws/install/pwm_messages/include/pwm_messages/pwm_messages/msg/detail
[3.486s] -- Installing: /home/ubuntu/ros_ws/install/pwm_messages/include/pwm_messages/pwm_messages/msg/detail/pwm__type_support.c
[3.486s] -- Installing: /home/ubuntu/ros_ws/install/pwm_messages/include/pwm_messages/pwm_messages/msg/detail/pwm__rosidl_typesupport_introspection_c.h
[3.487s] -- Installing: /home/ubuntu/ros_ws/install/pwm_messages/include/pwm_messages/pwm_messages/msg/rosidl_typesupport_introspection_c__visibility_control.h
[3.487s] -- Installing: /home/ubuntu/ros_ws/install/pwm_messages/lib/libpwm_messages__rosidl_typesupport_introspection_c.so
[3.487s] -- Set runtime path of "/home/ubuntu/ros_ws/install/pwm_messages/lib/libpwm_messages__rosidl_typesupport_introspection_c.so" to ""
[3.487s] -- Installing: /home/ubuntu/ros_ws/install/pwm_messages/lib/libpwm_messages__rosidl_typesupport_c.so
[3.488s] -- Set runtime path of "/home/ubuntu/ros_ws/install/pwm_messages/lib/libpwm_messages__rosidl_typesupport_c.so" to ""
[3.488s] -- Up-to-date: /home/ubuntu/ros_ws/install/pwm_messages/include/pwm_messages/pwm_messages
[3.488s] -- Up-to-date: /home/ubuntu/ros_ws/install/pwm_messages/include/pwm_messages/pwm_messages/msg
[3.488s] -- Up-to-date: /home/ubuntu/ros_ws/install/pwm_messages/include/pwm_messages/pwm_messages/msg/detail
[3.488s] -- Installing: /home/ubuntu/ros_ws/install/pwm_messages/include/pwm_messages/pwm_messages/msg/detail/pwm__builder.hpp
[3.488s] -- Installing: /home/ubuntu/ros_ws/install/pwm_messages/include/pwm_messages/pwm_messages/msg/detail/pwm__struct.hpp
[3.488s] -- Installing: /home/ubuntu/ros_ws/install/pwm_messages/include/pwm_messages/pwm_messages/msg/detail/pwm__traits.hpp
[3.488s] -- Installing: /home/ubuntu/ros_ws/install/pwm_messages/include/pwm_messages/pwm_messages/msg/pwm.hpp
[3.489s] -- Up-to-date: /home/ubuntu/ros_ws/install/pwm_messages/include/pwm_messages/pwm_messages
[3.489s] -- Up-to-date: /home/ubuntu/ros_ws/install/pwm_messages/include/pwm_messages/pwm_messages/msg
[3.489s] -- Up-to-date: /home/ubuntu/ros_ws/install/pwm_messages/include/pwm_messages/pwm_messages/msg/detail
[3.489s] -- Installing: /home/ubuntu/ros_ws/install/pwm_messages/include/pwm_messages/pwm_messages/msg/detail/pwm__rosidl_typesupport_fastrtps_cpp.hpp
[3.489s] -- Installing: /home/ubuntu/ros_ws/install/pwm_messages/include/pwm_messages/pwm_messages/msg/detail/dds_fastrtps
[3.489s] -- Installing: /home/ubuntu/ros_ws/install/pwm_messages/include/pwm_messages/pwm_messages/msg/rosidl_typesupport_fastrtps_cpp__visibility_control.h
[3.489s] -- Installing: /home/ubuntu/ros_ws/install/pwm_messages/lib/libpwm_messages__rosidl_typesupport_fastrtps_cpp.so
[3.490s] -- Set runtime path of "/home/ubuntu/ros_ws/install/pwm_messages/lib/libpwm_messages__rosidl_typesupport_fastrtps_cpp.so" to ""
[3.490s] -- Up-to-date: /home/ubuntu/ros_ws/install/pwm_messages/include/pwm_messages/pwm_messages
[3.490s] -- Up-to-date: /home/ubuntu/ros_ws/install/pwm_messages/include/pwm_messages/pwm_messages/msg
[3.490s] -- Up-to-date: /home/ubuntu/ros_ws/install/pwm_messages/include/pwm_messages/pwm_messages/msg/detail
[3.490s] -- Installing: /home/ubuntu/ros_ws/install/pwm_messages/include/pwm_messages/pwm_messages/msg/detail/pwm__rosidl_typesupport_introspection_cpp.hpp
[3.490s] -- Installing: /home/ubuntu/ros_ws/install/pwm_messages/include/pwm_messages/pwm_messages/msg/detail/pwm__type_support.cpp
[3.491s] -- Installing: /home/ubuntu/ros_ws/install/pwm_messages/lib/libpwm_messages__rosidl_typesupport_introspection_cpp.so
[3.491s] -- Set runtime path of "/home/ubuntu/ros_ws/install/pwm_messages/lib/libpwm_messages__rosidl_typesupport_introspection_cpp.so" to ""
[3.491s] -- Installing: /home/ubuntu/ros_ws/install/pwm_messages/lib/libpwm_messages__rosidl_typesupport_cpp.so
[3.492s] -- Set runtime path of "/home/ubuntu/ros_ws/install/pwm_messages/lib/libpwm_messages__rosidl_typesupport_cpp.so" to ""
[3.492s] -- Installing: /home/ubuntu/ros_ws/install/pwm_messages/share/pwm_messages/environment/pythonpath.sh
[3.492s] -- Installing: /home/ubuntu/ros_ws/install/pwm_messages/share/pwm_messages/environment/pythonpath.dsv
[3.492s] -- Installing: /home/ubuntu/ros_ws/install/pwm_messages/lib/python3.10/site-packages/pwm_messages-0.0.0-py3.10.egg-info
[3.492s] -- Installing: /home/ubuntu/ros_ws/install/pwm_messages/lib/python3.10/site-packages/pwm_messages-0.0.0-py3.10.egg-info/SOURCES.txt
[3.492s] -- Installing: /home/ubuntu/ros_ws/install/pwm_messages/lib/python3.10/site-packages/pwm_messages-0.0.0-py3.10.egg-info/PKG-INFO
[3.493s] -- Installing: /home/ubuntu/ros_ws/install/pwm_messages/lib/python3.10/site-packages/pwm_messages-0.0.0-py3.10.egg-info/top_level.txt
[3.493s] -- Installing: /home/ubuntu/ros_ws/install/pwm_messages/lib/python3.10/site-packages/pwm_messages-0.0.0-py3.10.egg-info/dependency_links.txt
[3.493s] -- Installing: /home/ubuntu/ros_ws/install/pwm_messages/lib/python3.10/site-packages/pwm_messages
[3.493s] -- Installing: /home/ubuntu/ros_ws/install/pwm_messages/lib/python3.10/site-packages/pwm_messages/_pwm_messages_s.ep.rosidl_typesupport_c.c
[3.493s] -- Installing: /home/ubuntu/ros_ws/install/pwm_messages/lib/python3.10/site-packages/pwm_messages/pwm_messages_s__rosidl_typesupport_introspection_c.cpython-310-x86_64-linux-gnu.so
[3.493s] -- Installing: /home/ubuntu/ros_ws/install/pwm_messages/lib/python3.10/site-packages/pwm_messages/__init__.py
[3.493s] -- Installing: /home/ubuntu/ros_ws/install/pwm_messages/lib/python3.10/site-packages/pwm_messages/libpwm_messages__rosidl_generator_py.so
[3.493s] -- Installing: /home/ubuntu/ros_ws/install/pwm_messages/lib/python3.10/site-packages/pwm_messages/pwm_messages_s__rosidl_typesupport_c.cpython-310-x86_64-linux-gnu.so
[3.494s] -- Installing: /home/ubuntu/ros_ws/install/pwm_messages/lib/python3.10/site-packages/pwm_messages/msg
[3.494s] -- Installing: /home/ubuntu/ros_ws/install/pwm_messages/lib/python3.10/site-packages/pwm_messages/msg/_pwm_s.c
[3.494s] -- Installing: /home/ubuntu/ros_ws/install/pwm_messages/lib/python3.10/site-packages/pwm_messages/msg/__init__.py
[3.494s] -- Installing: /home/ubuntu/ros_ws/install/pwm_messages/lib/python3.10/site-packages/pwm_messages/msg/_pwm.py
[3.494s] -- Installing: /home/ubuntu/ros_ws/install/pwm_messages/lib/python3.10/site-packages/pwm_messages/_pwm_messages_s.ep.rosidl_typesupport_fastrtps_c.c
[3.494s] -- Installing: /home/ubuntu/ros_ws/install/pwm_messages/lib/python3.10/site-packages/pwm_messages/_pwm_messages_s.ep.rosidl_typesupport_introspection_c.c
[3.494s] -- Installing: /home/ubuntu/ros_ws/install/pwm_messages/lib/python3.10/site-packages/pwm_messages/pwm_messages_s__rosidl_typesupport_fastrtps_c.cpython-310-x86_64-linux-gnu.so
[3.523s] Listing '/home/ubuntu/ros_ws/install/pwm_messages/lib/python3.10/site-packages/pwm_messages'...
[3.523s] Compiling '/home/ubuntu/ros_ws/install/pwm_messages/lib/python3.10/site-packages/pwm_messages/__init__.py'...
[3.523s] Listing '/home/ubuntu/ros_ws/install/pwm_messages/lib/python3.10/site-packages/pwm_messages/msg'...
[3.523s] Compiling '/home/ubuntu/ros_ws/install/pwm_messages/lib/python3.10/site-packages/pwm_messages/msg/__init__.py'...
[3.523s] Compiling '/home/ubuntu/ros_ws/install/pwm_messages/lib/python3.10/site-packages/pwm_messages/msg/_pwm.py'...
[3.527s] -- Installing: /home/ubuntu/ros_ws/install/pwm_messages/lib/python3.10/site-packages/pwm_messages/pwm_messages_s__rosidl_typesupport_fastrtps_c.cpython-310-x86_64-linux-gnu.so
[3.527s] -- Set runtime path of "/home/ubuntu/ros_ws/install/pwm_messages/lib/python3.10/site-packages/pwm_messages/pwm_messages_s__rosidl_typesupport_fastrtps_c.cpython-310-x86_64-linux-gnu.so" to ""
[3.527s] -- Installing: /home/ubuntu/ros_ws/install/pwm_messages/lib/python3.10/site-packages/pwm_messages/pwm_messages_s__rosidl_typesupport_introspection_c.cpython-310-x86_64-linux-gnu.so
[3.527s] -- Set runtime path of "/home/ubuntu/ros_ws/install/pwm_messages/lib/python3.10/site-packages/pwm_messages/pwm_messages_s__rosidl_typesupport_introspection_c.cpython-310-x86_64-linux-gnu.so" to ""
[3.528s] -- Installing: /home/ubuntu/ros_ws/install/pwm_messages/lib/python3.10/site-packages/pwm_messages/pwm_messages_s__rosidl_typesupport_c.cpython-310-x86_64-linux-gnu.so
[3.528s] -- Set runtime path of "/home/ubuntu/ros_ws/install/pwm_messages/lib/python3.10/site-packages/pwm_messages/pwm_messages_s__rosidl_typesupport_c.cpython-310-x86_64-linux-gnu.so" to ""
[3.528s] -- Installing: /home/ubuntu/ros_ws/install/pwm_messages/lib/libpwm_messages__rosidl_generator_py.so
[3.528s] -- Set runtime path of "/home/ubuntu/ros_ws/install/pwm_messages/lib/libpwm_messages__rosidl_generator_py.so" to ""
[3.529s] -- Installing: /home/ubuntu/ros_ws/install/pwm_messages/share/pwm_messages/msg/Pwm.idl
[3.529s] -- Installing: /home/ubuntu/ros_ws/install/pwm_messages/share/pwm_messages/msg/Pwm.msg
[3.529s] -- Installing: /home/ubuntu/ros_ws/install/pwm_messages/share/ament_index/resource_index/package_run_dependencies/pwm_messages
[3.529s] -- Installing: /home/ubuntu/ros_ws/install/pwm_messages/share/ament_index/resource_index/parent_prefix_path/pwm_messages
[3.529s] -- Installing: /home/ubuntu/ros_ws/install/pwm_messages/share/pwm_messages/environment/ament_prefix_path.sh
[3.529s] -- Installing: /home/ubuntu/ros_ws/install/pwm_messages/share/pwm_messages/environment/ament_prefix_path.dsv
[3.530s] -- Installing: /home/ubuntu/ros_ws/install/pwm_messages/share/pwm_messages/environment/path.sh
[3.530s] -- Installing: /home/ubuntu/ros_ws/install/pwm_messages/share/pwm_messages/environment/path.dsv
[3.530s] -- Installing: /home/ubuntu/ros_ws/install/pwm_messages/share/pwm_messages/local_setup.bash
[3.530s] -- Installing: /home/ubuntu/ros_ws/install/pwm_messages/share/pwm_messages/local_setup.sh
[3.530s] -- Installing: /home/ubuntu/ros_ws/install/pwm_messages/share/pwm_messages/local_setup.zsh
[3.530s] -- Installing: /home/ubuntu/ros_ws/install/pwm_messages/share/pwm_messages/local_setup.dsv
[3.531s] -- Installing: /home/ubuntu/ros_ws/install/pwm_messages/share/pwm_messages/package.dsv
[3.531s] -- Installing: /home/ubuntu/ros_ws/install/pwm_messages/share/ament_index/resource_index/packages/pwm_messages
[3.531s] -- Installing: /home/ubuntu/ros_ws/install/pwm_messages/share/pwm_messages/cmake/export_pwm_messages__rosidl_generator_cExport.cmake
[3.531s] -- Installing: /home/ubuntu/ros_ws/install/pwm_messages/share/pwm_messages/cmake/export_pwm_messages__rosidl_generator_cExport-noconfig.cmake
[3.531s] -- Installing: /home/ubuntu/ros_ws/install/pwm_messages/share/pwm_messages/cmake/export_pwm_messages__rosidl_typesupport_fastrtps_cExport.cmake
[3.531s] -- Installing: /home/ubuntu/ros_ws/install/pwm_messages/share/pwm_messages/cmake/export_pwm_messages__rosidl_typesupport_fastrtps_cExport-noconfig.cmake
[3.532s] -- Installing: /home/ubuntu/ros_ws/install/pwm_messages/share/pwm_messages/cmake/pwm_messages__rosidl_typesupport_introspection_cExport.cmake
[3.532s] -- Installing: /home/ubuntu/ros_ws/install/pwm_messages/share/pwm_messages/cmake/pwm_messages__rosidl_typesupport_introspection_cExport-noconfig.cmake
[3.532s] -- Installing: /home/ubuntu/ros_ws/install/pwm_messages/share/pwm_messages/cmake/pwm_messages__rosidl_typesupport_cExport.cmake
[3.532s] -- Installing: /home/ubuntu/ros_ws/install/pwm_messages/share/pwm_messages/cmake/pwm_messages__rosidl_typesupport_cExport-noconfig.cmake
[3.532s] -- Installing: /home/ubuntu/ros_ws/install/pwm_messages/share/pwm_messages/cmake/export_pwm_messages__rosidl_generator_cppExport.cmake
[3.533s] -- Installing: /home/ubuntu/ros_ws/install/pwm_messages/share/pwm_messages/cmake/export_pwm_messages__rosidl_typesupport_fastrtps_cppExport.cmake
[3.533s] -- Installing: /home/ubuntu/ros_ws/install/pwm_messages/share/pwm_messages/cmake/export_pwm_messages__rosidl_typesupport_fastrtps_cppExport-noconfig.cmake
[3.533s] -- Installing: /home/ubuntu/ros_ws/install/pwm_messages/share/pwm_messages/cmake/pwm_messages__rosidl_typesupport_introspection_cppExport.cmake
[3.533s] -- Installing: /home/ubuntu/ros_ws/install/pwm_messages/share/pwm_messages/cmake/pwm_messages__rosidl_typesupport_introspection_cppExport-noconfig.cmake
[3.533s] -- Installing: /home/ubuntu/ros_ws/install/pwm_messages/share/pwm_messages/cmake/pwm_messages__rosidl_typesupport_cppExport.cmake
[3.533s] -- Installing: /home/ubuntu/ros_ws/install/pwm_messages/share/pwm_messages/cmake/pwm_messages__rosidl_typesupport_cppExport-noconfig.cmake
[3.534s] -- Installing: /home/ubuntu/ros_ws/install/pwm_messages/share/pwm_messages/cmake/export_pwm_messages__rosidl_generator_pyExport.cmake
[3.534s] -- Installing: /home/ubuntu/ros_ws/install/pwm_messages/share/pwm_messages/cmake/export_pwm_messages__rosidl_generator_pyExport-noconfig.cmake
[3.534s] -- Installing: /home/ubuntu/ros_ws/install/pwm_messages/share/pwm_messages/cmake/rosidl_cmake-extras.cmake
[3.534s] -- Installing: /home/ubuntu/ros_ws/install/pwm_messages/share/pwm_messages/cmake/ament_cmake_export_include_directories-extras.cmake
[3.534s] -- Installing: /home/ubuntu/ros_ws/install/pwm_messages/share/pwm_messages/cmake/ament_cmake_export_libraries-extras.cmake
[3.534s] -- Installing: /home/ubuntu/ros_ws/install/pwm_messages/share/pwm_messages/cmake/ament_cmake_export_targets-extras.cmake
[3.534s] -- Installing: /home/ubuntu/ros_ws/install/pwm_messages/share/pwm_messages/cmake/rosidl_cmake_export_typesupport_targets-extras.cmake
[3.535s] -- Installing: /home/ubuntu/ros_ws/install/pwm_messages/share/pwm_messages/cmake/ament_cmake_export_dependencies-extras.cmake
[3.535s] -- Installing: /home/ubuntu/ros_ws/install/pwm_messages/share/pwm_messages/cmake/rosidl_cmake_export_typesupport_libraries-extras.cmake
[3.535s] -- Installing: /home/ubuntu/ros_ws/install/pwm_messages/share/pwm_messages/cmake/pwm_messagesConfig.cmake
[3.535s] -- Installing: /home/ubuntu/ros_ws/install/pwm_messages/share/pwm_messages/cmake/pwm_messagesConfig-version.cmake
[3.535s] -- Installing: /home/ubuntu/ros_ws/install/pwm_messages/share/pwm_messages/package.xml
[3.538s] Invoked command in '/home/ubuntu/ros_ws/build/pwm_messages' returned '0': CMAKE_PREFIX_PATH=/home/ubuntu/ros_ws/install/py_pubsub:/home/ubuntu/ros_ws/install/lios_agv:/opt/ros/humble /usr/bin/cmake --install /home/ubuntu/ros_ws/build/pwm_messages
