[0.670s] Invoking command in '/home/ubuntu/ros_ws/src/py_pubsub': PYTHONPATH=/home/ubuntu/ros_ws/build/py_pubsub/prefix_override:/home/ubuntu/.platformio/penv/lib/python3.10/site-packages/colcon_core/task/python/colcon_distutils_commands:/home/ubuntu/ros_ws/install/py_pubsub/lib/python3.10/site-packages:${PYTHONPATH} /home/ubuntu/.platformio/penv/bin/python -W ignore:setup.py install is deprecated setup.py egg_info --egg-base ../../build/py_pubsub build --build-base /home/ubuntu/ros_ws/build/py_pubsub/build install --record /home/ubuntu/ros_ws/build/py_pubsub/install.log --single-version-externally-managed install_data
[0.842s] running egg_info
[0.842s] writing ../../build/py_pubsub/py_pubsub.egg-info/PKG-INFO
[0.842s] writing dependency_links to ../../build/py_pubsub/py_pubsub.egg-info/dependency_links.txt
[0.842s] writing entry points to ../../build/py_pubsub/py_pubsub.egg-info/entry_points.txt
[0.842s] writing requirements to ../../build/py_pubsub/py_pubsub.egg-info/requires.txt
[0.842s] writing top-level names to ../../build/py_pubsub/py_pubsub.egg-info/top_level.txt
[0.844s] reading manifest file '../../build/py_pubsub/py_pubsub.egg-info/SOURCES.txt'
[0.844s] adding license file 'LICENSE'
[0.844s] writing manifest file '../../build/py_pubsub/py_pubsub.egg-info/SOURCES.txt'
[0.844s] running build
[0.845s] running build_py
[0.845s] running install
[0.845s] running install_lib
[0.846s] running install_data
[0.846s] running install_egg_info
[0.847s] removing '/home/ubuntu/ros_ws/install/py_pubsub/lib/python3.10/site-packages/py_pubsub-0.0.0-py3.10.egg-info' (and everything under it)
[0.848s] Copying ../../build/py_pubsub/py_pubsub.egg-info to /home/ubuntu/ros_ws/install/py_pubsub/lib/python3.10/site-packages/py_pubsub-0.0.0-py3.10.egg-info
[0.848s] running install_scripts
[0.863s] Installing talker script to /home/ubuntu/ros_ws/install/py_pubsub/lib/py_pubsub
[0.863s] Installing talkerint script to /home/ubuntu/ros_ws/install/py_pubsub/lib/py_pubsub
[0.864s] writing list of installed files to '/home/ubuntu/ros_ws/build/py_pubsub/install.log'
[0.889s] Invoked command in '/home/ubuntu/ros_ws/src/py_pubsub' returned '0': PYTHONPATH=/home/ubuntu/ros_ws/build/py_pubsub/prefix_override:/home/ubuntu/.platformio/penv/lib/python3.10/site-packages/colcon_core/task/python/colcon_distutils_commands:/home/ubuntu/ros_ws/install/py_pubsub/lib/python3.10/site-packages:${PYTHONPATH} /home/ubuntu/.platformio/penv/bin/python -W ignore:setup.py install is deprecated setup.py egg_info --egg-base ../../build/py_pubsub build --build-base /home/ubuntu/ros_ws/build/py_pubsub/build install --record /home/ubuntu/ros_ws/build/py_pubsub/install.log --single-version-externally-managed install_data
