/home/ubuntu/ros_ws/install/lios_agv/lib/python3.10/site-packages/lios_agv/joystick_control.py
/home/ubuntu/ros_ws/install/lios_agv/lib/python3.10/site-packages/lios_agv/__init__.py
/home/ubuntu/ros_ws/install/lios_agv/lib/python3.10/site-packages/lios_agv/manual_control.py
/home/ubuntu/ros_ws/install/lios_agv/lib/python3.10/site-packages/lios_agv/robot_control.py
/home/ubuntu/ros_ws/install/lios_agv/lib/python3.10/site-packages/lios_agv/__pycache__/joystick_control.cpython-310.pyc
/home/ubuntu/ros_ws/install/lios_agv/lib/python3.10/site-packages/lios_agv/__pycache__/__init__.cpython-310.pyc
/home/ubuntu/ros_ws/install/lios_agv/lib/python3.10/site-packages/lios_agv/__pycache__/manual_control.cpython-310.pyc
/home/ubuntu/ros_ws/install/lios_agv/lib/python3.10/site-packages/lios_agv/__pycache__/robot_control.cpython-310.pyc
/home/ubuntu/ros_ws/install/lios_agv/share/ament_index/resource_index/packages/lios_agv
/home/ubuntu/ros_ws/install/lios_agv/share/lios_agv/package.xml
/home/ubuntu/ros_ws/install/lios_agv/lib/python3.10/site-packages/lios_agv-0.0.0-py3.10.egg-info/requires.txt
/home/ubuntu/ros_ws/install/lios_agv/lib/python3.10/site-packages/lios_agv-0.0.0-py3.10.egg-info/SOURCES.txt
/home/ubuntu/ros_ws/install/lios_agv/lib/python3.10/site-packages/lios_agv-0.0.0-py3.10.egg-info/zip-safe
/home/ubuntu/ros_ws/install/lios_agv/lib/python3.10/site-packages/lios_agv-0.0.0-py3.10.egg-info/PKG-INFO
/home/ubuntu/ros_ws/install/lios_agv/lib/python3.10/site-packages/lios_agv-0.0.0-py3.10.egg-info/entry_points.txt
/home/ubuntu/ros_ws/install/lios_agv/lib/python3.10/site-packages/lios_agv-0.0.0-py3.10.egg-info/top_level.txt
/home/ubuntu/ros_ws/install/lios_agv/lib/python3.10/site-packages/lios_agv-0.0.0-py3.10.egg-info/dependency_links.txt
/home/ubuntu/ros_ws/install/lios_agv/lib/lios_agv/controller
/home/ubuntu/ros_ws/install/lios_agv/lib/lios_agv/joystick
/home/ubuntu/ros_ws/install/lios_agv/lib/lios_agv/manual
