running egg_info
writing ../../build/lios_agv/lios_agv.egg-info/PKG-INFO
writing dependency_links to ../../build/lios_agv/lios_agv.egg-info/dependency_links.txt
writing entry points to ../../build/lios_agv/lios_agv.egg-info/entry_points.txt
writing requirements to ../../build/lios_agv/lios_agv.egg-info/requires.txt
writing top-level names to ../../build/lios_agv/lios_agv.egg-info/top_level.txt
reading manifest file '../../build/lios_agv/lios_agv.egg-info/SOURCES.txt'
adding license file 'LICENSE'
writing manifest file '../../build/lios_agv/lios_agv.egg-info/SOURCES.txt'
running build
running build_py
running install
running install_lib
running install_data
copying package.xml -> /home/ubuntu/ros_ws/install/lios_agv/share/lios_agv
running install_egg_info
removing '/home/ubuntu/ros_ws/install/lios_agv/lib/python3.10/site-packages/lios_agv-0.0.0-py3.10.egg-info' (and everything under it)
Copying ../../build/lios_agv/lios_agv.egg-info to /home/ubuntu/ros_ws/install/lios_agv/lib/python3.10/site-packages/lios_agv-0.0.0-py3.10.egg-info
running install_scripts
Installing controller script to /home/ubuntu/ros_ws/install/lios_agv/lib/lios_agv
Installing joystick script to /home/ubuntu/ros_ws/install/lios_agv/lib/lios_agv
Installing manual script to /home/ubuntu/ros_ws/install/lios_agv/lib/lios_agv
writing list of installed files to '/home/ubuntu/ros_ws/build/lios_agv/install.log'
